    setting weight of 1
    setting weight of 2
    setting weight of 1
    setting weight of 2
    setting weight of 3
    setting weight of 4
    setting weight of 5
    setting weight of 1
    setting weight of 2
    setting weight of 1
    setting weight of 2
    setting weight of 3
    setting weight of 4
    setting weight of 5
    setting weight of 6
ip : 127.0.0.1
port : 4242
team name : toto
IA : ./lua/neuralia.lua
Tourne a droite
push process
pushing
push done
Tourne a gauche
push process
pushing
push done
Incantation process
for ressource: nourriture(present: 17, need: 0, have: 9)
Take 17 times
push process
pushing
pushing
pushing
pushing
pushing
pushing
pushing
pushing
pushing
pushing
pushing
pushing
pushing
pushing
pushing
pushing
pushing
push done
for ressource: linemate(present: 7, need: 1, have: 0)
Take 6 times
push process
pushing
pushing
pushing
pushing
pushing
pushing
push done
for ressource: deraumere(present: 7, need: 0, have: 0)
Take 7 times
push process
pushing
pushing
pushing
pushing
pushing
pushing
pushing
push done
for ressource: sibur(present: 9, need: 0, have: 0)
Take 9 times
push process
pushing
pushing
pushing
pushing
pushing
pushing
pushing
pushing
pushing
push done
for ressource: mendiane(present: 7, need: 0, have: 0)
Take 7 times
push process
pushing
pushing
pushing
pushing
pushing
pushing
pushing
push done
for ressource: phiras(present: 9, need: 0, have: 0)
Take 9 times
push process
pushing
pushing
pushing
pushing
pushing
pushing
pushing
pushing
pushing
push done
for ressource: thystame(present: 1, need: 0, have: 0)
Take 1 times
push process
pushing
push done
push process
pushing
pushing
pushing
pushing
pushing
pushing
pushing
pushing
pushing
pushing
push done
Prendre ressource necessaire
for ressource linemate (need: 1, present: 7, have: 0)
taking 1 times
push process
pushing
push done
for ressource deraumere (need: 0, present: 7, have: 0)
do nothing
for ressource sibur (need: 0, present: 9, have: 0)
do nothing
for ressource mendiane (need: 0, present: 7, have: 0)
do nothing
for ressource phiras (need: 0, present: 9, have: 0)
do nothing
for ressource thystame (need: 0, present: 1, have: 0)
do nothing
Prendre ressource necessaire
for ressource linemate (need: 1, present: 7, have: 0)
taking 1 times
push process
pushing
push done
for ressource deraumere (need: 0, present: 7, have: 0)
do nothing
for ressource sibur (need: 0, present: 9, have: 0)
do nothing
for ressource mendiane (need: 0, present: 7, have: 0)
do nothing
for ressource phiras (need: 0, present: 9, have: 0)
do nothing
for ressource thystame (need: 0, present: 1, have: 0)
do nothing
doiing '2 '
doiing '3 '
doiing '6 nourriture'
doiing '6 nourriture'
doiing '6 nourriture'
doiing '6 nourriture'
doiing '6 nourriture'
doiing '6 nourriture'
doiing '6 nourriture'
doiing '6 nourriture'
doiing '6 nourriture'
doiing '6 nourriture'
doiing '6 nourriture'
doiing '6 nourriture'
doiing '6 nourriture'
doiing '6 nourriture'
doiing '6 nourriture'
doiing '6 nourriture'
doiing '6 nourriture'
doiing '6 linemate'
doiing '6 linemate'
doiing '6 linemate'
doiing '6 linemate'
doiing '6 linemate'
doiing '6 linemate'
doiing '10 '
You have been upgraded: 'niveau actuel : 2'
Tourne a droite
push process
pushing
push done
Tourne a gauche
push process
pushing
push done
Incantation process
for ressource: nourriture(present: 0, need: 0, have: 24)
Take 0 times
push process
push done
for ressource: linemate(present: 1, need: 1, have: 6)
Take 0 times
push process
push done
for ressource: deraumere(present: 7, need: 1, have: 0)
Take 6 times
push process
pushing
pushing
pushing
pushing
pushing
pushing
push done
for ressource: sibur(present: 9, need: 1, have: 0)
Take 8 times
push process
pushing
pushing
pushing
pushing
pushing
pushing
pushing
pushing
push done
for ressource: mendiane(present: 7, need: 0, have: 0)
Take 7 times
push process
pushing
pushing
pushing
pushing
pushing
pushing
pushing
push done
for ressource: phiras(present: 9, need: 0, have: 0)
Take 9 times
push process
pushing
pushing
pushing
pushing
pushing
pushing
pushing
pushing
pushing
push done
for ressource: thystame(present: 6, need: 0, have: 0)
Take 6 times
push process
pushing
pushing
pushing
pushing
pushing
pushing
push done
push process
pushing
pushing
pushing
pushing
pushing
pushing
pushing
pushing
pushing
pushing
push done
Prendre ressource necessaire
for ressource linemate (need: 1, present: 1, have: 6)
do nothing
for ressource deraumere (need: 1, present: 7, have: 0)
taking 1 times
push process
pushing
push done
for ressource sibur (need: 1, present: 9, have: 0)
taking 1 times
push process
pushing
push done
for ressource mendiane (need: 0, present: 7, have: 0)
do nothing
for ressource phiras (need: 0, present: 9, have: 0)
do nothing
for ressource thystame (need: 0, present: 6, have: 0)
do nothing
Prendre ressource necessaire
for ressource linemate (need: 1, present: 1, have: 6)
do nothing
for ressource deraumere (need: 1, present: 7, have: 0)
taking 1 times
push process
pushing
push done
for ressource sibur (need: 1, present: 9, have: 0)
taking 1 times
push process
pushing
push done
for ressource mendiane (need: 0, present: 7, have: 0)
do nothing
for ressource phiras (need: 0, present: 9, have: 0)
do nothing
for ressource thystame (need: 0, present: 6, have: 0)
do nothing
doiing '2 '
doiing '3 '
doiing '6 deraumere'
doiing '6 deraumere'
doiing '6 deraumere'
doiing '6 deraumere'
doiing '6 deraumere'
doiing '6 deraumere'
doiing '6 sibur'
doiing '6 sibur'
doiing '6 sibur'
doiing '6 sibur'
doiing '6 sibur'
doiing '6 sibur'
doiing '6 sibur'
doiing '6 sibur'
doiing '6 mendiane'
doiing '6 mendiane'
doiing '6 mendiane'
doiing '6 mendiane'
doiing '6 mendiane'
doiing '6 mendiane'
doiing '6 mendiane'
doiing '6 phiras'
doiing '6 phiras'
doiing '6 phiras'
doiing '6 phiras'
doiing '6 phiras'
doiing '6 phiras'
doiing '6 phiras'
doiing '6 phiras'
doiing '6 phiras'
doiing '6 thystame'
doiing '6 thystame'
doiing '6 thystame'
doiing '6 thystame'
doiing '6 thystame'
doiing '6 thystame'
doiing '9 Incant 2'
doiing '9 Incant 2'
doiing '9 Incant 2'
doiing '9 Incant 2'
doiing '9 Incant 2'
doiing '9 Incant 2'
doiing '9 Incant 2'
doiing '9 Incant 2'
doiing '9 Incant 2'
doiing '9 Incant 2'
doiing '6 deraumere'
doiing '6 sibur'
doiing '6 deraumere'
doiing '6 sibur'
Tourne a droite
push process
pushing
push done
Tourne a gauche
push process
pushing
push done
Incantation process
for ressource: nourriture(present: 10, need: 0, have: 17)
Take 10 times
push process
pushing
pushing
pushing
pushing
pushing
pushing
pushing
pushing
pushing
pushing
push done
for ressource: linemate(present: 2, need: 1, have: 6)
Take 1 times
push process
pushing
push done
for ressource: deraumere(present: 0, need: 1, have: 8)
Drop 1 times
push process
pushing
push done
for ressource: sibur(present: 0, need: 1, have: 10)
Drop 1 times
push process
pushing
push done
for ressource: mendiane(present: 1, need: 0, have: 7)
Take 1 times
push process
pushing
push done
for ressource: phiras(present: 1, need: 0, have: 9)
Take 1 times
push process
pushing
push done
for ressource: thystame(present: 2, need: 0, have: 6)
Take 2 times
push process
pushing
pushing
push done
push process
pushing
pushing
pushing
pushing
pushing
pushing
pushing
pushing
pushing
pushing
push done
Prendre ressource necessaire
for ressource linemate (need: 1, present: 2, have: 6)
do nothing
for ressource deraumere (need: 1, present: 0, have: 8)
do nothing
for ressource sibur (need: 1, present: 0, have: 10)
do nothing
for ressource mendiane (need: 0, present: 1, have: 7)
do nothing
for ressource phiras (need: 0, present: 1, have: 9)
do nothing
for ressource thystame (need: 0, present: 2, have: 6)
do nothing
Prendre ressource necessaire
for ressource linemate (need: 1, present: 2, have: 6)
do nothing
for ressource deraumere (need: 1, present: 0, have: 8)
do nothing
for ressource sibur (need: 1, present: 0, have: 10)
do nothing
for ressource mendiane (need: 0, present: 1, have: 7)
do nothing
for ressource phiras (need: 0, present: 1, have: 9)
do nothing
for ressource thystame (need: 0, present: 2, have: 6)
do nothing
doiing '2 '
doiing '3 '
doiing '6 nourriture'
doiing '6 nourriture'
doiing '6 nourriture'
doiing '6 nourriture'
doiing '6 nourriture'
doiing '6 nourriture'
doiing '6 nourriture'
doiing '6 nourriture'
doiing '6 nourriture'
doiing '6 nourriture'
doiing '6 linemate'
doiing '7 deraumere'
doiing '7 sibur'
doiing '6 mendiane'
doiing '6 phiras'
doiing '6 thystame'
doiing '6 thystame'
doiing '9 Incant 2'
doiing '9 Incant 2'
doiing '9 Incant 2'
doiing '9 Incant 2'
doiing '9 Incant 2'
doiing '9 Incant 2'
doiing '9 Incant 2'
doiing '9 Incant 2'
doiing '9 Incant 2'
doiing '9 Incant 2'
Tourne a droite
push process
pushing
push done
Tourne a gauche
push process
pushing
push done
Incantation process
for ressource: nourriture(present: 0, need: 0, have: 18)
Take 0 times
push process
push done
for ressource: linemate(present: 2, need: 1, have: 7)
Take 1 times
push process
pushing
push done
for ressource: deraumere(present: 2, need: 1, have: 7)
Take 1 times
push process
pushing
push done
for ressource: sibur(present: 1, need: 1, have: 9)
Take 0 times
push process
push done
for ressource: mendiane(present: 0, need: 0, have: 8)
Take 0 times
push process
push done
for ressource: phiras(present: 1, need: 0, have: 10)
Take 1 times
push process
pushing
push done
for ressource: thystame(present: 1, need: 0, have: 8)
Take 1 times
push process
pushing
push done
push process
pushing
pushing
pushing
pushing
pushing
pushing
pushing
pushing
pushing
pushing
push done
Prendre ressource necessaire
for ressource linemate (need: 1, present: 2, have: 7)
do nothing
for ressource deraumere (need: 1, present: 2, have: 7)
do nothing
for ressource sibur (need: 1, present: 1, have: 9)
do nothing
for ressource mendiane (need: 0, present: 0, have: 8)
do nothing
for ressource phiras (need: 0, present: 1, have: 10)
do nothing
for ressource thystame (need: 0, present: 1, have: 8)
do nothing
Prendre ressource necessaire
for ressource linemate (need: 1, present: 2, have: 7)
do nothing
for ressource deraumere (need: 1, present: 2, have: 7)
do nothing
for ressource sibur (need: 1, present: 1, have: 9)
do nothing
for ressource mendiane (need: 0, present: 0, have: 8)
do nothing
for ressource phiras (need: 0, present: 1, have: 10)
do nothing
for ressource thystame (need: 0, present: 1, have: 8)
do nothing
doiing '2 '
doiing '3 '
doiing '6 linemate'
doiing '6 deraumere'
doiing '6 phiras'
doiing '6 thystame'
doiing '9 Incant 2'
doiing '9 Incant 2'
doiing '9 Incant 2'
doiing '9 Incant 2'
doiing '9 Incant 2'
doiing '9 Incant 2'
doiing '10 '
doiing '10 '
doiing '9 Incant 2'
doiing '9 Incant 2'
doiing '9 Incant 2'
doiing '9 Incant 2'
Tourne a droite
push process
pushing
push done
Tourne a gauche
push process
pushing
push done
Incantation process
for ressource: nourriture(present: 0, need: 0, have: 13)
Take 0 times
push process
push done
for ressource: linemate(present: 1, need: 1, have: 8)
Take 0 times
push process
push done
for ressource: deraumere(present: 1, need: 1, have: 8)
Take 0 times
push process
push done
for ressource: sibur(present: 1, need: 1, have: 9)
Take 0 times
push process
push done
for ressource: mendiane(present: 0, need: 0, have: 8)
Take 0 times
push process
push done
for ressource: phiras(present: 0, need: 0, have: 11)
Take 0 times
push process
push done
for ressource: thystame(present: 0, need: 0, have: 9)
Take 0 times
push process
push done
push process
pushing
pushing
pushing
pushing
pushing
pushing
pushing
pushing
pushing
pushing
push done
Prendre ressource necessaire
for ressource linemate (need: 1, present: 1, have: 8)
do nothing
for ressource deraumere (need: 1, present: 1, have: 8)
do nothing
for ressource sibur (need: 1, present: 1, have: 9)
do nothing
for ressource mendiane (need: 0, present: 0, have: 8)
do nothing
for ressource phiras (need: 0, present: 0, have: 11)
do nothing
for ressource thystame (need: 0, present: 0, have: 9)
do nothing
Prendre ressource necessaire
for ressource linemate (need: 1, present: 1, have: 8)
do nothing
for ressource deraumere (need: 1, present: 1, have: 8)
do nothing
for ressource sibur (need: 1, present: 1, have: 9)
do nothing
for ressource mendiane (need: 0, present: 0, have: 8)
do nothing
for ressource phiras (need: 0, present: 0, have: 11)
do nothing
for ressource thystame (need: 0, present: 0, have: 9)
do nothing
doiing '2 '
doiing '3 '
doiing '9 Incant 2'
doiing '9 Incant 2'
doiing '10 '
You have been upgraded: 'niveau actuel : 3'
Tourne a droite
push process
pushing
push done
Tourne a gauche
push process
pushing
push done
Incantation process
for ressource: nourriture(present: 0, need: 0, have: 10)
Take 0 times
push process
push done
for ressource: linemate(present: 1, need: 2, have: 8)
Drop 1 times
push process
pushing
push done
for ressource: deraumere(present: 1, need: 0, have: 8)
Take 1 times
push process
pushing
push done
for ressource: sibur(present: 1, need: 1, have: 9)
Take 0 times
push process
push done
for ressource: mendiane(present: 0, need: 0, have: 8)
Take 0 times
push process
push done
for ressource: phiras(present: 0, need: 2, have: 11)
Drop 2 times
push process
pushing
pushing
push done
for ressource: thystame(present: 0, need: 0, have: 9)
Take 0 times
push process
push done
push process
pushing
pushing
pushing
pushing
pushing
pushing
pushing
pushing
pushing
pushing
push done
Prendre ressource necessaire
for ressource linemate (need: 2, present: 1, have: 8)
do nothing
for ressource deraumere (need: 0, present: 1, have: 8)
do nothing
for ressource sibur (need: 1, present: 1, have: 9)
do nothing
for ressource mendiane (need: 0, present: 0, have: 8)
do nothing
for ressource phiras (need: 2, present: 0, have: 11)
do nothing
for ressource thystame (need: 0, present: 0, have: 9)
do nothing
Prendre ressource necessaire
for ressource linemate (need: 2, present: 1, have: 8)
do nothing
for ressource deraumere (need: 0, present: 1, have: 8)
do nothing
for ressource sibur (need: 1, present: 1, have: 9)
do nothing
for ressource mendiane (need: 0, present: 0, have: 8)
do nothing
for ressource phiras (need: 2, present: 0, have: 11)
do nothing
for ressource thystame (need: 0, present: 0, have: 9)
do nothing
doiing '2 '
doiing '3 '
doiing '7 linemate'
doiing '6 deraumere'
doiing '7 phiras'
doiing '7 phiras'
doiing '9 Incant 3'
doiing '9 Incant 3'
doiing '9 Incant 3'
doiing '9 Incant 3'
doiing '9 Incant 3'
doiing '9 Incant 3'
doiing '9 Incant 3'
doiing '9 Incant 3'
doiing '9 Incant 3'
doiing '9 Incant 3'
Tourne a droite
push process
pushing
push done
Tourne a gauche
push process
pushing
push done
Incantation process
for ressource: nourriture(present: 0, need: 0, have: 6)
Take 0 times
push process
push done
for ressource: linemate(present: 1, need: 2, have: 7)
Drop 1 times
push process
pushing
push done
for ressource: deraumere(present: 0, need: 0, have: 8)
Take 0 times
push process
push done
for ressource: sibur(present: 0, need: 1, have: 9)
Drop 1 times
push process
pushing
push done
for ressource: mendiane(present: 0, need: 0, have: 8)
Take 0 times
push process
push done
for ressource: phiras(present: 2, need: 2, have: 9)
Take 0 times
push process
push done
for ressource: thystame(present: 0, need: 0, have: 9)
Take 0 times
push process
push done
push process
pushing
pushing
pushing
pushing
pushing
pushing
pushing
pushing
pushing
pushing
push done
Prendre ressource necessaire
for ressource linemate (need: 2, present: 1, have: 7)
do nothing
for ressource deraumere (need: 0, present: 0, have: 8)
do nothing
for ressource sibur (need: 1, present: 0, have: 9)
do nothing
for ressource mendiane (need: 0, present: 0, have: 8)
do nothing
for ressource phiras (need: 2, present: 2, have: 9)
do nothing
for ressource thystame (need: 0, present: 0, have: 9)
do nothing
Prendre ressource necessaire
for ressource linemate (need: 2, present: 1, have: 7)
do nothing
for ressource deraumere (need: 0, present: 0, have: 8)
do nothing
for ressource sibur (need: 1, present: 0, have: 9)
do nothing
for ressource mendiane (need: 0, present: 0, have: 8)
do nothing
for ressource phiras (need: 2, present: 2, have: 9)
do nothing
for ressource thystame (need: 0, present: 0, have: 9)
do nothing
doiing '2 '
doiing '3 '
doiing '7 linemate'
doiing '7 sibur'
doiing '10 '
doiing '10 '
doiing '9 Incant 3'
doiing '9 Incant 3'
doiing '10 '
[31mPlayer die[0m
