    setting weight of 1
    setting weight of 2
    setting weight of 1
    setting weight of 2
    setting weight of 3
    setting weight of 4
    setting weight of 5
    setting weight of 1
    setting weight of 2
    setting weight of 1
    setting weight of 2
    setting weight of 3
    setting weight of 4
    setting weight of 5
    setting weight of 6
ip : 127.0.0.1
port : 4242
team name : toto
IA : ./lua/neuralia.lua
Avance
push process
pushing
push done
doiing '1 '
Avance
push process
pushing
push done
doiing '1 '
Avance
push process
pushing
push done
doiing '1 '
Avance
push process
pushing
push done
doiing '1 '
Avance
push process
pushing
push done
doiing '1 '
Avance
push process
pushing
push done
doiing '1 '
Avance
push process
pushing
push done
doiing '1 '
Avance
push process
pushing
push done
doiing '1 '
Avance
push process
pushing
push done
doiing '1 '
Avance
push process
pushing
push done
doiing '1 '
Avance
push process
pushing
push done
doiing '1 '
Avance
push process
pushing
push done
doiing '1 '
Avance
push process
pushing
push done
doiing '1 '
Avance
push process
pushing
push done
doiing '1 '
Avance
push process
pushing
push done
doiing '1 '
Avance
push process
pushing
push done
doiing '1 '
Avance
push process
pushing
push done
doiing '1 '
Avance
push process
pushing
push done
doiing '1 '
Avance
push process
pushing
push done
doiing '1 '
Avance
push process
pushing
push done
doiing '1 '
Avance
push process
pushing
push done
doiing '1 '
Avance
push process
pushing
push done
doiing '1 '
Avance
push process
pushing
push done
doiing '1 '
Avance
push process
pushing
push done
doiing '1 '
Avance
push process
pushing
push done
doiing '1 '
Avance
push process
pushing
push done
doiing '1 '
Avance
push process
pushing
push done
doiing '1 '
Avance
push process
pushing
push done
doiing '1 '
Avance
push process
pushing
push done
doiing '1 '
Avance
push process
pushing
push done
doiing '1 '
Avance
push process
pushing
push done
doiing '1 '
Avance
push process
pushing
push done
doiing '1 '
Avance
push process
pushing
push done
doiing '1 '
Avance
push process
pushing
push done
doiing '1 '
Avance
push process
pushing
push done
doiing '1 '
Avance
push process
pushing
push done
doiing '1 '
Avance
push process
pushing
push done
doiing '1 '
Avance
push process
pushing
push done
doiing '1 '
Avance
push process
pushing
push done
doiing '1 '
Avance
push process
pushing
push done
doiing '1 '
Avance
push process
pushing
push done
doiing '1 '
Avance
push process
pushing
push done
doiing '1 '
Avance
push process
pushing
push done
doiing '1 '
Avance
push process
pushing
push done
doiing '1 '
Avance
push process
pushing
push done
doiing '1 '
Avance
push process
pushing
push done
doiing '1 '
Avance
push process
pushing
push done
doiing '1 '
Avance
push process
pushing
push done
doiing '1 '
Avance
push process
pushing
push done
doiing '1 '
Avance
push process
pushing
push done
doiing '1 '
Avance
push process
pushing
push done
doiing '1 '
Avance
push process
pushing
push done
doiing '1 '
Avance
push process
pushing
push done
doiing '1 '
Avance
push process
pushing
push done
doiing '1 '
[31mPlayer die[0m
