    setting weight of 1
    setting weight of 2
    setting weight of 1
    setting weight of 2
    setting weight of 3
    setting weight of 4
    setting weight of 5
    setting weight of 1
    setting weight of 2
    setting weight of 1
    setting weight of 2
    setting weight of 3
    setting weight of 4
    setting weight of 5
    setting weight of 6
ip : 127.0.0.1
port : 4242
team name : toto
IA : ./lua/neuralia.lua
doiing '10 '
Avance
push process
pushing
push done
Tourne a droite
push process
pushing
push done
Tourne a gauche
push process
pushing
push done
Incantation process
for ressource: nourriture(present: 12, need: 0, have: 9)
Take 12 times
push process
pushing
pushing
pushing
pushing
pushing
pushing
pushing
pushing
pushing
pushing
pushing
pushing
push done
for ressource: linemate(present: 2, need: 1, have: 0)
Take 1 times
push process
pushing
push done
for ressource: deraumere(present: 2, need: 0, have: 0)
Take 2 times
push process
pushing
pushing
push done
for ressource: sibur(present: 4, need: 0, have: 0)
Take 4 times
push process
pushing
pushing
pushing
pushing
push done
for ressource: mendiane(present: 3, need: 0, have: 0)
Take 3 times
push process
pushing
pushing
pushing
push done
for ressource: phiras(present: 2, need: 0, have: 0)
Take 2 times
push process
pushing
pushing
push done
for ressource: thystame(present: 3, need: 0, have: 0)
Take 3 times
push process
pushing
pushing
pushing
push done
Prendre ressource necessaire
for ressource linemate (need: 1, present: 2, have: 0)
taking 1 times
push process
pushing
push done
for ressource deraumere (need: 0, present: 2, have: 0)
do nothing
for ressource sibur (need: 0, present: 4, have: 0)
do nothing
for ressource mendiane (need: 0, present: 3, have: 0)
do nothing
for ressource phiras (need: 0, present: 2, have: 0)
do nothing
for ressource thystame (need: 0, present: 3, have: 0)
do nothing
Prendre ressource necessaire
for ressource linemate (need: 1, present: 2, have: 0)
taking 1 times
push process
pushing
push done
for ressource deraumere (need: 0, present: 2, have: 0)
do nothing
for ressource sibur (need: 0, present: 4, have: 0)
do nothing
for ressource mendiane (need: 0, present: 3, have: 0)
do nothing
for ressource phiras (need: 0, present: 2, have: 0)
do nothing
for ressource thystame (need: 0, present: 3, have: 0)
do nothing
doiing '1 '
doiing '2 '
doiing '3 '
doiing '6 nourriture'
doiing '6 nourriture'
doiing '6 nourriture'
doiing '6 nourriture'
doiing '6 nourriture'
doiing '6 nourriture'
doiing '6 nourriture'
doiing '6 nourriture'
doiing '6 nourriture'
doiing '6 nourriture'
doiing '6 nourriture'
doiing '6 nourriture'
doiing '6 linemate'
doiing '6 deraumere'
doiing '6 deraumere'
doiing '6 sibur'
doiing '6 sibur'
doiing '6 sibur'
doiing '6 sibur'
doiing '6 mendiane'
doiing '6 mendiane'
doiing '6 mendiane'
doiing '6 phiras'
doiing '6 phiras'
doiing '6 thystame'
doiing '6 thystame'
doiing '6 thystame'
doiing '6 linemate'
doiing '6 linemate'
Avance
push process
pushing
push done
Tourne a droite
push process
pushing
push done
Tourne a gauche
push process
pushing
push done
Incantation process
for ressource: nourriture(present: 18, need: 0, have: 20)
Take 18 times
push process
pushing
pushing
pushing
pushing
pushing
pushing
pushing
pushing
pushing
pushing
pushing
pushing
pushing
pushing
pushing
pushing
pushing
pushing
push done
for ressource: linemate(present: 6, need: 1, have: 3)
Take 5 times
push process
pushing
pushing
pushing
pushing
pushing
push done
for ressource: deraumere(present: 8, need: 0, have: 2)
Take 8 times
push process
pushing
pushing
pushing
pushing
pushing
pushing
pushing
pushing
push done
for ressource: sibur(present: 5, need: 0, have: 4)
Take 5 times
push process
pushing
pushing
pushing
pushing
pushing
push done
for ressource: mendiane(present: 4, need: 0, have: 3)
Take 4 times
push process
pushing
pushing
pushing
pushing
push done
for ressource: phiras(present: 7, need: 0, have: 2)
Take 7 times
push process
pushing
pushing
pushing
pushing
pushing
pushing
pushing
push done
for ressource: thystame(present: 6, need: 0, have: 3)
Take 6 times
push process
pushing
pushing
pushing
pushing
pushing
pushing
push done
Prendre ressource necessaire
for ressource linemate (need: 1, present: 6, have: 3)
do nothing
for ressource deraumere (need: 0, present: 8, have: 2)
do nothing
for ressource sibur (need: 0, present: 5, have: 4)
do nothing
for ressource mendiane (need: 0, present: 4, have: 3)
do nothing
for ressource phiras (need: 0, present: 7, have: 2)
do nothing
for ressource thystame (need: 0, present: 6, have: 3)
do nothing
Prendre ressource necessaire
for ressource linemate (need: 1, present: 6, have: 3)
do nothing
for ressource deraumere (need: 0, present: 8, have: 2)
do nothing
for ressource sibur (need: 0, present: 5, have: 4)
do nothing
for ressource mendiane (need: 0, present: 4, have: 3)
do nothing
for ressource phiras (need: 0, present: 7, have: 2)
do nothing
for ressource thystame (need: 0, present: 6, have: 3)
do nothing
doiing '1 '
doiing '2 '
doiing '3 '
doiing '6 nourriture'
doiing '6 nourriture'
doiing '6 nourriture'
doiing '6 nourriture'
doiing '6 nourriture'
doiing '6 nourriture'
doiing '6 nourriture'
doiing '6 nourriture'
doiing '6 nourriture'
doiing '6 nourriture'
doiing '6 nourriture'
doiing '6 nourriture'
doiing '6 nourriture'
doiing '6 nourriture'
doiing '6 nourriture'
doiing '6 nourriture'
doiing '6 nourriture'
doiing '6 nourriture'
doiing '6 linemate'
doiing '6 linemate'
doiing '6 linemate'
doiing '6 linemate'
doiing '10 '
You have been upgraded: 'niveau actuel : 2'
Avance
push process
pushing
push done
Tourne a droite
push process
pushing
push done
Tourne a gauche
push process
pushing
push done
Incantation process
for ressource: nourriture(present: 0, need: 0, have: 30)
Take 0 times
push process
push done
for ressource: linemate(present: 1, need: 1, have: 7)
Take 0 times
push process
push done
for ressource: deraumere(present: 7, need: 1, have: 2)
Take 6 times
push process
pushing
pushing
pushing
pushing
pushing
pushing
push done
for ressource: sibur(present: 3, need: 1, have: 4)
Take 2 times
push process
pushing
pushing
push done
for ressource: mendiane(present: 3, need: 0, have: 3)
Take 3 times
push process
pushing
pushing
pushing
push done
for ressource: phiras(present: 2, need: 0, have: 2)
Take 2 times
push process
pushing
pushing
push done
for ressource: thystame(present: 6, need: 0, have: 3)
Take 6 times
push process
pushing
pushing
pushing
pushing
pushing
pushing
push done
push process
pushing
pushing
pushing
pushing
pushing
pushing
pushing
pushing
pushing
pushing
push done
Prendre ressource necessaire
for ressource linemate (need: 1, present: 1, have: 7)
do nothing
for ressource deraumere (need: 1, present: 7, have: 2)
do nothing
for ressource sibur (need: 1, present: 3, have: 4)
do nothing
for ressource mendiane (need: 0, present: 3, have: 3)
do nothing
for ressource phiras (need: 0, present: 2, have: 2)
do nothing
for ressource thystame (need: 0, present: 6, have: 3)
do nothing
Prendre ressource necessaire
for ressource linemate (need: 1, present: 1, have: 7)
do nothing
for ressource deraumere (need: 1, present: 7, have: 2)
do nothing
for ressource sibur (need: 1, present: 3, have: 4)
do nothing
for ressource mendiane (need: 0, present: 3, have: 3)
do nothing
for ressource phiras (need: 0, present: 2, have: 2)
do nothing
for ressource thystame (need: 0, present: 6, have: 3)
do nothing
doiing '1 '
doiing '2 '
doiing '3 '
doiing '6 deraumere'
doiing '6 deraumere'
doiing '6 deraumere'
doiing '6 deraumere'
doiing '6 deraumere'
doiing '6 deraumere'
doiing '6 sibur'
doiing '6 sibur'
doiing '6 mendiane'
doiing '6 mendiane'
doiing '6 mendiane'
doiing '6 phiras'
doiing '6 phiras'
doiing '6 thystame'
doiing '6 thystame'
doiing '6 thystame'
doiing '6 thystame'
doiing '6 thystame'
doiing '6 thystame'
doiing '9 Incant 2'
doiing '9 Incant 2'
doiing '9 Incant 2'
doiing '9 Incant 2'
doiing '9 Incant 2'
doiing '9 Incant 2'
doiing '9 Incant 2'
doiing '9 Incant 2'
doiing '9 Incant 2'
doiing '9 Incant 2'
Avance
push process
pushing
push done
Tourne a droite
push process
pushing
push done
Tourne a gauche
push process
pushing
push done
Incantation process
for ressource: nourriture(present: 33, need: 0, have: 23)
Take 33 times
push process
pushing
pushing
pushing
pushing
pushing
pushing
pushing
pushing
pushing
pushing
pushing
pushing
pushing
pushing
pushing
pushing
pushing
pushing
pushing
pushing
pushing
pushing
pushing
pushing
pushing
pushing
pushing
pushing
pushing
pushing
pushing
pushing
pushing
push done
for ressource: linemate(present: 5, need: 1, have: 7)
Take 4 times
push process
pushing
pushing
pushing
pushing
push done
for ressource: deraumere(present: 1, need: 1, have: 8)
Take 0 times
push process
push done
for ressource: sibur(present: 7, need: 1, have: 6)
Take 6 times
push process
pushing
pushing
pushing
pushing
pushing
pushing
push done
for ressource: mendiane(present: 5, need: 0, have: 6)
Take 5 times
push process
pushing
pushing
pushing
pushing
pushing
push done
for ressource: phiras(present: 5, need: 0, have: 4)
Take 5 times
push process
pushing
pushing
pushing
pushing
pushing
push done
for ressource: thystame(present: 1, need: 0, have: 9)
Take 1 times
push process
pushing
push done
push process
pushing
pushing
pushing
pushing
pushing
pushing
pushing
pushing
pushing
pushing
push done
Prendre ressource necessaire
for ressource linemate (need: 1, present: 5, have: 7)
do nothing
for ressource deraumere (need: 1, present: 1, have: 8)
do nothing
for ressource sibur (need: 1, present: 7, have: 6)
do nothing
for ressource mendiane (need: 0, present: 5, have: 6)
do nothing
for ressource phiras (need: 0, present: 5, have: 4)
do nothing
for ressource thystame (need: 0, present: 1, have: 9)
do nothing
Prendre ressource necessaire
for ressource linemate (need: 1, present: 5, have: 7)
do nothing
for ressource deraumere (need: 1, present: 1, have: 8)
do nothing
for ressource sibur (need: 1, present: 7, have: 6)
do nothing
for ressource mendiane (need: 0, present: 5, have: 6)
do nothing
for ressource phiras (need: 0, present: 5, have: 4)
do nothing
for ressource thystame (need: 0, present: 1, have: 9)
do nothing
doiing '1 '
doiing '2 '
doiing '3 '
doiing '6 nourriture'
doiing '6 nourriture'
doiing '6 nourriture'
doiing '6 nourriture'
doiing '6 nourriture'
doiing '6 nourriture'
doiing '6 nourriture'
doiing '6 nourriture'
doiing '6 nourriture'
doiing '6 nourriture'
doiing '6 nourriture'
doiing '6 nourriture'
doiing '6 nourriture'
doiing '6 nourriture'
doiing '6 nourriture'
doiing '6 nourriture'
doiing '6 nourriture'
doiing '6 nourriture'
doiing '6 nourriture'
doiing '6 nourriture'
doiing '6 nourriture'
doiing '6 nourriture'
doiing '6 nourriture'
doiing '6 nourriture'
doiing '6 nourriture'
doiing '6 nourriture'
doiing '6 nourriture'
doiing '6 nourriture'
doiing '6 nourriture'
doiing '6 nourriture'
doiing '6 nourriture'
doiing '6 nourriture'
doiing '6 nourriture'
doiing '6 linemate'
doiing '6 linemate'
doiing '6 linemate'
doiing '6 linemate'
doiing '6 sibur'
doiing '6 sibur'
doiing '6 sibur'
doiing '6 sibur'
doiing '6 sibur'
doiing '6 sibur'
doiing '6 mendiane'
doiing '6 mendiane'
doiing '6 mendiane'
doiing '6 mendiane'
doiing '6 mendiane'
doiing '6 phiras'
doiing '6 phiras'
doiing '6 phiras'
doiing '6 phiras'
doiing '6 phiras'
doiing '6 thystame'
doiing '9 Incant 2'
doiing '9 Incant 2'
doiing '9 Incant 2'
doiing '9 Incant 2'
doiing '9 Incant 2'
doiing '9 Incant 2'
doiing '9 Incant 2'
doiing '9 Incant 2'
doiing '9 Incant 2'
doiing '9 Incant 2'
Avance
push process
pushing
push done
Tourne a droite
push process
pushing
push done
Tourne a gauche
push process
pushing
push done
Incantation process
for ressource: nourriture(present: 22, need: 0, have: 50)
Take 22 times
push process
pushing
pushing
pushing
pushing
pushing
pushing
pushing
pushing
pushing
pushing
pushing
pushing
pushing
pushing
pushing
pushing
pushing
pushing
pushing
pushing
pushing
pushing
push done
for ressource: linemate(present: 5, need: 1, have: 11)
Take 4 times
push process
pushing
pushing
pushing
pushing
push done
for ressource: deraumere(present: 8, need: 1, have: 8)
Take 7 times
push process
pushing
pushing
pushing
pushing
pushing
pushing
pushing
push done
for ressource: sibur(present: 10, need: 1, have: 12)
Take 9 times
push process
pushing
pushing
pushing
pushing
pushing
pushing
pushing
pushing
pushing
push done
for ressource: mendiane(present: 4, need: 0, have: 11)
Take 4 times
push process
pushing
pushing
pushing
pushing
push done
for ressource: phiras(present: 6, need: 0, have: 9)
Take 6 times
push process
pushing
pushing
pushing
pushing
pushing
pushing
push done
for ressource: thystame(present: 4, need: 0, have: 10)
Take 4 times
push process
pushing
pushing
pushing
pushing
push done
push process
pushing
pushing
pushing
pushing
pushing
pushing
pushing
pushing
pushing
pushing
push done
Prendre ressource necessaire
for ressource linemate (need: 1, present: 5, have: 11)
do nothing
for ressource deraumere (need: 1, present: 8, have: 8)
do nothing
for ressource sibur (need: 1, present: 10, have: 12)
do nothing
for ressource mendiane (need: 0, present: 4, have: 11)
do nothing
for ressource phiras (need: 0, present: 6, have: 9)
do nothing
for ressource thystame (need: 0, present: 4, have: 10)
do nothing
Prendre ressource necessaire
for ressource linemate (need: 1, present: 5, have: 11)
do nothing
for ressource deraumere (need: 1, present: 8, have: 8)
do nothing
for ressource sibur (need: 1, present: 10, have: 12)
do nothing
for ressource mendiane (need: 0, present: 4, have: 11)
do nothing
for ressource phiras (need: 0, present: 6, have: 9)
do nothing
for ressource thystame (need: 0, present: 4, have: 10)
do nothing
doiing '1 '
doiing '2 '
doiing '3 '
doiing '6 nourriture'
doiing '6 nourriture'
doiing '6 nourriture'
doiing '6 nourriture'
doiing '6 nourriture'
doiing '6 nourriture'
doiing '6 nourriture'
doiing '6 nourriture'
doiing '6 nourriture'
doiing '6 nourriture'
doiing '6 nourriture'
doiing '6 nourriture'
doiing '6 nourriture'
doiing '6 nourriture'
doiing '6 nourriture'
doiing '6 nourriture'
doiing '6 nourriture'
doiing '6 nourriture'
doiing '6 nourriture'
doiing '6 nourriture'
doiing '6 nourriture'
doiing '6 nourriture'
doiing '6 linemate'
doiing '6 linemate'
doiing '6 linemate'
doiing '6 linemate'
doiing '6 deraumere'
doiing '6 deraumere'
doiing '6 deraumere'
doiing '6 deraumere'
doiing '6 deraumere'
doiing '6 deraumere'
doiing '6 deraumere'
doiing '6 sibur'
doiing '6 sibur'
doiing '6 sibur'
doiing '6 sibur'
doiing '6 sibur'
doiing '6 sibur'
doiing '6 sibur'
doiing '6 sibur'
doiing '6 sibur'
doiing '6 mendiane'
doiing '6 mendiane'
doiing '6 mendiane'
doiing '6 mendiane'
doiing '6 phiras'
doiing '6 phiras'
doiing '6 phiras'
doiing '6 phiras'
doiing '6 phiras'
doiing '6 phiras'
doiing '6 thystame'
doiing '6 thystame'
doiing '6 thystame'
doiing '6 thystame'
doiing '9 Incant 2'
doiing '9 Incant 2'
doiing '9 Incant 2'
doiing '9 Incant 2'
doiing '9 Incant 2'
doiing '9 Incant 2'
doiing '9 Incant 2'
doiing '9 Incant 2'
doiing '9 Incant 2'
doiing '9 Incant 2'
Avance
push process
pushing
push done
Tourne a droite
push process
pushing
push done
Tourne a gauche
push process
pushing
push done
Incantation process
for ressource: nourriture(present: 26, need: 0, have: 61)
Take 26 times
push process
pushing
pushing
pushing
pushing
pushing
pushing
pushing
pushing
pushing
pushing
pushing
pushing
pushing
pushing
pushing
pushing
pushing
pushing
pushing
pushing
pushing
pushing
pushing
pushing
pushing
pushing
push done
for ressource: linemate(present: 5, need: 1, have: 15)
Take 4 times
push process
pushing
pushing
pushing
pushing
push done
for ressource: deraumere(present: 3, need: 1, have: 15)
Take 2 times
push process
pushing
pushing
push done
for ressource: sibur(present: 1, need: 1, have: 21)
Take 0 times
push process
push done
for ressource: mendiane(present: 0, need: 0, have: 11)
Take 0 times
push process
push done
for ressource: phiras(present: 0, need: 0, have: 11)
Take 0 times
push process
push done
for ressource: thystame(present: 0, need: 0, have: 11)
Take 0 times
push process
push done
push process
pushing
pushing
pushing
pushing
pushing
pushing
pushing
pushing
pushing
pushing
push done
Prendre ressource necessaire
for ressource linemate (need: 1, present: 5, have: 15)
do nothing
for ressource deraumere (need: 1, present: 3, have: 15)
do nothing
for ressource sibur (need: 1, present: 1, have: 21)
do nothing
for ressource mendiane (need: 0, present: 0, have: 11)
do nothing
for ressource phiras (need: 0, present: 0, have: 11)
do nothing
for ressource thystame (need: 0, present: 0, have: 11)
do nothing
Prendre ressource necessaire
for ressource linemate (need: 1, present: 5, have: 15)
do nothing
for ressource deraumere (need: 1, present: 3, have: 15)
do nothing
for ressource sibur (need: 1, present: 1, have: 21)
do nothing
for ressource mendiane (need: 0, present: 0, have: 11)
do nothing
for ressource phiras (need: 0, present: 0, have: 11)
do nothing
for ressource thystame (need: 0, present: 0, have: 11)
do nothing
doiing '1 '
doiing '10 '
You have been upgraded: 'niveau actuel : 3'
Avance
push process
pushing
push done
Tourne a droite
push process
pushing
push done
Tourne a gauche
push process
pushing
push done
Incantation process
for ressource: nourriture(present: 0, need: 0, have: 49)
Take 0 times
push process
push done
for ressource: linemate(present: 1, need: 2, have: 15)
Drop 1 times
push process
pushing
push done
for ressource: deraumere(present: 1, need: 0, have: 15)
Take 1 times
push process
pushing
push done
for ressource: sibur(present: 1, need: 1, have: 21)
Take 0 times
push process
push done
for ressource: mendiane(present: 0, need: 0, have: 11)
Take 0 times
push process
push done
for ressource: phiras(present: 0, need: 2, have: 11)
Drop 2 times
push process
pushing
pushing
push done
for ressource: thystame(present: 0, need: 0, have: 11)
Take 0 times
push process
push done
Prendre ressource necessaire
for ressource linemate (need: 2, present: 1, have: 15)
do nothing
for ressource deraumere (need: 0, present: 1, have: 15)
do nothing
for ressource sibur (need: 1, present: 1, have: 21)
do nothing
for ressource mendiane (need: 0, present: 0, have: 11)
do nothing
for ressource phiras (need: 2, present: 0, have: 11)
do nothing
for ressource thystame (need: 0, present: 0, have: 11)
do nothing
Prendre ressource necessaire
for ressource linemate (need: 2, present: 1, have: 15)
do nothing
for ressource deraumere (need: 0, present: 1, have: 15)
do nothing
for ressource sibur (need: 1, present: 1, have: 21)
do nothing
for ressource mendiane (need: 0, present: 0, have: 11)
do nothing
for ressource phiras (need: 2, present: 0, have: 11)
do nothing
for ressource thystame (need: 0, present: 0, have: 11)
do nothing
doiing '1 '
doiing '2 '
doiing '3 '
doiing '7 linemate'
doiing '6 deraumere'
doiing '7 phiras'
doiing '7 phiras'
Avance
push process
pushing
push done
Tourne a droite
push process
pushing
push done
Tourne a gauche
push process
pushing
push done
Incantation process
for ressource: nourriture(present: 0, need: 0, have: 46)
Take 0 times
push process
push done
for ressource: linemate(present: 3, need: 2, have: 14)
Take 1 times
push process
pushing
push done
for ressource: deraumere(present: 0, need: 0, have: 16)
Take 0 times
push process
push done
for ressource: sibur(present: 0, need: 1, have: 21)
Drop 1 times
push process
pushing
push done
for ressource: mendiane(present: 1, need: 0, have: 11)
Take 1 times
push process
pushing
push done
for ressource: phiras(present: 2, need: 2, have: 9)
Take 0 times
push process
push done
for ressource: thystame(present: 1, need: 0, have: 11)
Take 1 times
push process
pushing
push done
push process
pushing
pushing
pushing
pushing
pushing
pushing
pushing
pushing
pushing
pushing
push done
Prendre ressource necessaire
for ressource linemate (need: 2, present: 3, have: 14)
do nothing
for ressource deraumere (need: 0, present: 0, have: 16)
do nothing
for ressource sibur (need: 1, present: 0, have: 21)
do nothing
for ressource mendiane (need: 0, present: 1, have: 11)
do nothing
for ressource phiras (need: 2, present: 2, have: 9)
do nothing
for ressource thystame (need: 0, present: 1, have: 11)
do nothing
Prendre ressource necessaire
for ressource linemate (need: 2, present: 3, have: 14)
do nothing
for ressource deraumere (need: 0, present: 0, have: 16)
do nothing
for ressource sibur (need: 1, present: 0, have: 21)
do nothing
for ressource mendiane (need: 0, present: 1, have: 11)
do nothing
for ressource phiras (need: 2, present: 2, have: 9)
do nothing
for ressource thystame (need: 0, present: 1, have: 11)
do nothing
doiing '1 '
doiing '2 '
doiing '3 '
doiing '6 linemate'
doiing '7 sibur'
doiing '6 mendiane'
doiing '6 thystame'
doiing '9 Incant 3'
doiing '9 Incant 3'
doiing '9 Incant 3'
doiing '9 Incant 3'
doiing '9 Incant 3'
doiing '9 Incant 3'
doiing '9 Incant 3'
doiing '9 Incant 3'
doiing '9 Incant 3'
doiing '9 Incant 3'
Avance
push process
pushing
push done
Tourne a droite
push process
pushing
push done
Tourne a gauche
push process
pushing
push done
Incantation process
for ressource: nourriture(present: 25, need: 0, have: 46)
Take 25 times
push process
pushing
pushing
pushing
pushing
pushing
pushing
pushing
pushing
pushing
pushing
pushing
pushing
pushing
pushing
pushing
pushing
pushing
pushing
pushing
pushing
pushing
pushing
pushing
pushing
pushing
push done
for ressource: linemate(present: 8, need: 2, have: 15)
Take 6 times
push process
pushing
pushing
pushing
pushing
pushing
pushing
push done
for ressource: deraumere(present: 10, need: 0, have: 16)
Take 10 times
push process
pushing
pushing
pushing
pushing
pushing
pushing
pushing
pushing
pushing
pushing
push done
for ressource: sibur(present: 8, need: 1, have: 20)
Take 7 times
push process
pushing
pushing
pushing
pushing
pushing
pushing
pushing
push done
for ressource: mendiane(present: 7, need: 0, have: 12)
Take 7 times
push process
pushing
pushing
pushing
pushing
pushing
pushing
pushing
push done
for ressource: phiras(present: 10, need: 2, have: 9)
Take 8 times
push process
pushing
pushing
pushing
pushing
pushing
pushing
pushing
pushing
push done
for ressource: thystame(present: 4, need: 0, have: 12)
Take 4 times
push process
pushing
pushing
pushing
pushing
push done
push process
pushing
pushing
pushing
pushing
pushing
pushing
pushing
pushing
pushing
pushing
push done
Prendre ressource necessaire
for ressource linemate (need: 2, present: 8, have: 15)
do nothing
for ressource deraumere (need: 0, present: 10, have: 16)
do nothing
for ressource sibur (need: 1, present: 8, have: 20)
do nothing
for ressource mendiane (need: 0, present: 7, have: 12)
do nothing
for ressource phiras (need: 2, present: 10, have: 9)
do nothing
for ressource thystame (need: 0, present: 4, have: 12)
do nothing
Prendre ressource necessaire
for ressource linemate (need: 2, present: 8, have: 15)
do nothing
for ressource deraumere (need: 0, present: 10, have: 16)
do nothing
for ressource sibur (need: 1, present: 8, have: 20)
do nothing
for ressource mendiane (need: 0, present: 7, have: 12)
do nothing
for ressource phiras (need: 2, present: 10, have: 9)
do nothing
for ressource thystame (need: 0, present: 4, have: 12)
do nothing
doiing '1 '
doiing '2 '
doiing '3 '
doiing '6 nourriture'
doiing '6 nourriture'
doiing '6 nourriture'
doiing '6 nourriture'
doiing '6 nourriture'
doiing '6 nourriture'
doiing '6 nourriture'
doiing '6 nourriture'
doiing '6 nourriture'
doiing '6 nourriture'
doiing '6 nourriture'
doiing '6 nourriture'
doiing '6 nourriture'
doiing '6 nourriture'
doiing '6 nourriture'
doiing '6 nourriture'
doiing '6 nourriture'
doiing '6 nourriture'
doiing '6 nourriture'
doiing '6 nourriture'
doiing '6 nourriture'
doiing '6 nourriture'
doiing '6 nourriture'
doiing '6 nourriture'
doiing '6 nourriture'
doiing '6 linemate'
doiing '6 linemate'
doiing '6 linemate'
doiing '6 linemate'
doiing '6 linemate'
doiing '6 linemate'
doiing '6 deraumere'
doiing '6 deraumere'
doiing '6 deraumere'
doiing '6 deraumere'
doiing '6 deraumere'
doiing '6 deraumere'
doiing '6 deraumere'
doiing '6 deraumere'
doiing '6 deraumere'
doiing '6 deraumere'
doiing '6 sibur'
doiing '6 sibur'
doiing '6 sibur'
doiing '6 sibur'
doiing '6 sibur'
doiing '6 sibur'
doiing '6 sibur'
doiing '6 mendiane'
doiing '6 mendiane'
doiing '6 mendiane'
doiing '6 mendiane'
doiing '6 mendiane'
doiing '6 mendiane'
doiing '6 mendiane'
doiing '6 phiras'
doiing '6 phiras'
doiing '6 phiras'
doiing '6 phiras'
doiing '6 phiras'
doiing '6 phiras'
doiing '6 phiras'
doiing '6 phiras'
doiing '6 thystame'
doiing '6 thystame'
doiing '6 thystame'
doiing '6 thystame'
doiing '9 Incant 3'
doiing '9 Incant 3'
doiing '9 Incant 3'
doiing '9 Incant 3'
doiing '9 Incant 3'
doiing '9 Incant 3'
doiing '9 Incant 3'
doiing '9 Incant 3'
doiing '9 Incant 3'
doiing '9 Incant 3'
Avance
push process
pushing
push done
Tourne a droite
push process
pushing
push done
Tourne a gauche
push process
pushing
push done
Incantation process
for ressource: nourriture(present: 0, need: 0, have: 59)
Take 0 times
push process
push done
for ressource: linemate(present: 0, need: 2, have: 18)
Drop 2 times
push process
pushing
pushing
push done
for ressource: deraumere(present: 0, need: 0, have: 20)
Take 0 times
push process
push done
for ressource: sibur(present: 0, need: 1, have: 23)
Drop 1 times
push process
pushing
push done
for ressource: mendiane(present: 0, need: 0, have: 18)
Take 0 times
push process
push done
for ressource: phiras(present: 0, need: 2, have: 12)
Drop 2 times
push process
pushing
pushing
push done
for ressource: thystame(present: 0, need: 0, have: 16)
Take 0 times
push process
push done
push process
pushing
pushing
pushing
pushing
pushing
pushing
pushing
pushing
pushing
pushing
push done
Prendre ressource necessaire
for ressource linemate (need: 2, present: 0, have: 18)
do nothing
for ressource deraumere (need: 0, present: 0, have: 20)
do nothing
for ressource sibur (need: 1, present: 0, have: 23)
do nothing
for ressource mendiane (need: 0, present: 0, have: 18)
do nothing
for ressource phiras (need: 2, present: 0, have: 12)
do nothing
for ressource thystame (need: 0, present: 0, have: 16)
do nothing
Prendre ressource necessaire
for ressource linemate (need: 2, present: 0, have: 18)
do nothing
for ressource deraumere (need: 0, present: 0, have: 20)
do nothing
for ressource sibur (need: 1, present: 0, have: 23)
do nothing
for ressource mendiane (need: 0, present: 0, have: 18)
do nothing
for ressource phiras (need: 2, present: 0, have: 12)
do nothing
for ressource thystame (need: 0, present: 0, have: 16)
do nothing
doiing '1 '
doiing '2 '
doiing '3 '
doiing '7 linemate'
doiing '7 linemate'
doiing '7 sibur'
doiing '7 phiras'
doiing '7 phiras'
doiing '9 Incant 3'
doiing '9 Incant 3'
doiing '9 Incant 3'
doiing '9 Incant 3'
doiing '9 Incant 3'
doiing '9 Incant 3'
doiing '9 Incant 3'
doiing '9 Incant 3'
doiing '9 Incant 3'
doiing '9 Incant 3'
Avance
push process
pushing
push done
Tourne a droite
push process
pushing
push done
Tourne a gauche
push process
pushing
push done
Incantation process
for ressource: nourriture(present: 0, need: 0, have: 43)
Take 0 times
push process
push done
for ressource: linemate(present: 7, need: 2, have: 16)
Take 5 times
push process
pushing
pushing
pushing
pushing
pushing
push done
for ressource: deraumere(present: 6, need: 0, have: 20)
Take 6 times
push process
pushing
pushing
pushing
pushing
pushing
pushing
push done
for ressource: sibur(present: 6, need: 1, have: 22)
Take 5 times
push process
pushing
pushing
pushing
pushing
pushing
push done
for ressource: mendiane(present: 5, need: 0, have: 18)
Take 5 times
push process
pushing
pushing
pushing
pushing
pushing
push done
for ressource: phiras(present: 4, need: 2, have: 10)
Take 2 times
push process
pushing
pushing
push done
for ressource: thystame(present: 5, need: 0, have: 16)
Take 5 times
push process
pushing
pushing
pushing
pushing
pushing
push done
push process
pushing
pushing
pushing
pushing
pushing
pushing
pushing
pushing
pushing
pushing
push done
Prendre ressource necessaire
for ressource linemate (need: 2, present: 7, have: 16)
do nothing
for ressource deraumere (need: 0, present: 6, have: 20)
do nothing
for ressource sibur (need: 1, present: 6, have: 22)
do nothing
for ressource mendiane (need: 0, present: 5, have: 18)
do nothing
for ressource phiras (need: 2, present: 4, have: 10)
do nothing
for ressource thystame (need: 0, present: 5, have: 16)
do nothing
Prendre ressource necessaire
for ressource linemate (need: 2, present: 7, have: 16)
do nothing
for ressource deraumere (need: 0, present: 6, have: 20)
do nothing
for ressource sibur (need: 1, present: 6, have: 22)
do nothing
for ressource mendiane (need: 0, present: 5, have: 18)
do nothing
for ressource phiras (need: 2, present: 4, have: 10)
do nothing
for ressource thystame (need: 0, present: 5, have: 16)
do nothing
doiing '1 '
doiing '2 '
doiing '3 '
doiing '6 linemate'
doiing '6 linemate'
doiing '6 linemate'
doiing '6 linemate'
doiing '6 linemate'
doiing '6 deraumere'
doiing '6 deraumere'
doiing '6 deraumere'
doiing '6 deraumere'
doiing '6 deraumere'
doiing '6 deraumere'
doiing '6 sibur'
doiing '6 sibur'
doiing '6 sibur'
doiing '6 sibur'
doiing '6 sibur'
doiing '6 mendiane'
doiing '6 mendiane'
doiing '6 mendiane'
doiing '6 mendiane'
doiing '6 mendiane'
doiing '6 phiras'
doiing '6 phiras'
doiing '6 thystame'
doiing '6 thystame'
doiing '6 thystame'
doiing '6 thystame'
doiing '6 thystame'
doiing '9 Incant 3'
doiing '9 Incant 3'
doiing '9 Incant 3'
doiing '9 Incant 3'
doiing '9 Incant 3'
doiing '9 Incant 3'
doiing '9 Incant 3'
doiing '9 Incant 3'
doiing '9 Incant 3'
doiing '9 Incant 3'
Avance
push process
pushing
push done
Tourne a droite
push process
pushing
push done
Tourne a gauche
push process
pushing
push done
Incantation process
for ressource: nourriture(present: 37, need: 0, have: 40)
Take 37 times
push process
pushing
pushing
pushing
pushing
pushing
pushing
pushing
pushing
pushing
pushing
pushing
pushing
pushing
pushing
pushing
pushing
pushing
pushing
pushing
pushing
pushing
pushing
pushing
pushing
pushing
pushing
pushing
pushing
pushing
pushing
pushing
pushing
pushing
pushing
pushing
pushing
pushing
push done
for ressource: linemate(present: 5, need: 2, have: 21)
Take 3 times
push process
pushing
pushing
pushing
push done
for ressource: deraumere(present: 4, need: 0, have: 26)
Take 4 times
push process
pushing
pushing
pushing
pushing
push done
for ressource: sibur(present: 3, need: 1, have: 27)
Take 2 times
push process
pushing
pushing
push done
for ressource: mendiane(present: 3, need: 0, have: 23)
Take 3 times
push process
pushing
pushing
pushing
push done
for ressource: phiras(present: 9, need: 2, have: 12)
Take 7 times
push process
pushing
pushing
pushing
pushing
pushing
pushing
pushing
push done
for ressource: thystame(present: 5, need: 0, have: 21)
Take 5 times
push process
pushing
pushing
pushing
pushing
pushing
push done
push process
pushing
pushing
pushing
pushing
pushing
pushing
pushing
pushing
pushing
pushing
push done
Prendre ressource necessaire
for ressource linemate (need: 2, present: 5, have: 21)
do nothing
for ressource deraumere (need: 0, present: 4, have: 26)
do nothing
for ressource sibur (need: 1, present: 3, have: 27)
do nothing
for ressource mendiane (need: 0, present: 3, have: 23)
do nothing
for ressource phiras (need: 2, present: 9, have: 12)
do nothing
for ressource thystame (need: 0, present: 5, have: 21)
do nothing
Prendre ressource necessaire
for ressource linemate (need: 2, present: 5, have: 21)
do nothing
for ressource deraumere (need: 0, present: 4, have: 26)
do nothing
for ressource sibur (need: 1, present: 3, have: 27)
do nothing
for ressource mendiane (need: 0, present: 3, have: 23)
do nothing
for ressource phiras (need: 2, present: 9, have: 12)
do nothing
for ressource thystame (need: 0, present: 5, have: 21)
do nothing
doiing '1 '
doiing '2 '
doiing '3 '
doiing '6 nourriture'
doiing '6 nourriture'
doiing '6 nourriture'
doiing '6 nourriture'
doiing '6 nourriture'
doiing '6 nourriture'
doiing '6 nourriture'
doiing '6 nourriture'
doiing '6 nourriture'
doiing '6 nourriture'
doiing '6 nourriture'
doiing '6 nourriture'
doiing '6 nourriture'
doiing '6 nourriture'
doiing '6 nourriture'
doiing '6 nourriture'
doiing '6 nourriture'
doiing '6 nourriture'
doiing '6 nourriture'
doiing '6 nourriture'
doiing '6 nourriture'
doiing '6 nourriture'
doiing '6 nourriture'
doiing '6 nourriture'
doiing '6 nourriture'
doiing '6 nourriture'
doiing '6 nourriture'
doiing '6 nourriture'
doiing '6 nourriture'
doiing '6 nourriture'
doiing '6 nourriture'
doiing '6 nourriture'
doiing '6 nourriture'
doiing '6 nourriture'
doiing '6 nourriture'
doiing '6 nourriture'
doiing '6 nourriture'
doiing '6 linemate'
doiing '6 linemate'
doiing '6 linemate'
doiing '6 deraumere'
doiing '6 deraumere'
doiing '6 deraumere'
doiing '6 deraumere'
doiing '6 sibur'
doiing '6 sibur'
doiing '6 mendiane'
doiing '6 mendiane'
doiing '6 mendiane'
doiing '6 phiras'
doiing '6 phiras'
doiing '6 phiras'
doiing '6 phiras'
doiing '6 phiras'
doiing '6 phiras'
doiing '6 phiras'
doiing '6 thystame'
doiing '6 thystame'
doiing '6 thystame'
doiing '6 thystame'
doiing '6 thystame'
doiing '9 Incant 3'
doiing '9 Incant 3'
doiing '9 Incant 3'
doiing '9 Incant 3'
doiing '9 Incant 3'
doiing '9 Incant 3'
doiing '9 Incant 3'
doiing '9 Incant 3'
doiing '9 Incant 3'
doiing '9 Incant 3'
Avance
push process
pushing
push done
Tourne a droite
push process
pushing
push done
Tourne a gauche
push process
pushing
push done
Incantation process
for ressource: nourriture(present: 0, need: 0, have: 49)
Take 0 times
push process
push done
for ressource: linemate(present: 0, need: 2, have: 23)
Drop 2 times
push process
pushing
pushing
push done
for ressource: deraumere(present: 5, need: 0, have: 30)
Take 5 times
push process
pushing
pushing
pushing
pushing
pushing
push done
for ressource: sibur(present: 3, need: 1, have: 29)
Take 2 times
push process
pushing
pushing
push done
for ressource: mendiane(present: 2, need: 0, have: 26)
Take 2 times
push process
pushing
pushing
push done
for ressource: phiras(present: 0, need: 2, have: 16)
Drop 2 times
push process
pushing
pushing
push done
for ressource: thystame(present: 2, need: 0, have: 26)
Take 2 times
push process
pushing
pushing
push done
push process
pushing
pushing
pushing
pushing
pushing
pushing
pushing
pushing
pushing
pushing
push done
Prendre ressource necessaire
for ressource linemate (need: 2, present: 0, have: 23)
do nothing
for ressource deraumere (need: 0, present: 5, have: 30)
do nothing
for ressource sibur (need: 1, present: 3, have: 29)
do nothing
for ressource mendiane (need: 0, present: 2, have: 26)
do nothing
for ressource phiras (need: 2, present: 0, have: 16)
do nothing
for ressource thystame (need: 0, present: 2, have: 26)
do nothing
Prendre ressource necessaire
for ressource linemate (need: 2, present: 0, have: 23)
do nothing
for ressource deraumere (need: 0, present: 5, have: 30)
do nothing
for ressource sibur (need: 1, present: 3, have: 29)
do nothing
for ressource mendiane (need: 0, present: 2, have: 26)
do nothing
for ressource phiras (need: 2, present: 0, have: 16)
do nothing
for ressource thystame (need: 0, present: 2, have: 26)
do nothing
doiing '1 '
doiing '2 '
doiing '3 '
doiing '7 linemate'
doiing '7 linemate'
doiing '6 deraumere'
doiing '6 deraumere'
doiing '6 deraumere'
doiing '6 deraumere'
doiing '6 deraumere'
doiing '6 sibur'
doiing '6 sibur'
doiing '6 mendiane'
doiing '6 mendiane'
doiing '7 phiras'
doiing '7 phiras'
doiing '6 thystame'
doiing '6 thystame'
doiing '9 Incant 3'
doiing '9 Incant 3'
doiing '9 Incant 3'
doiing '9 Incant 3'
doiing '9 Incant 3'
doiing '9 Incant 3'
doiing '9 Incant 3'
doiing '9 Incant 3'
doiing '9 Incant 3'
doiing '9 Incant 3'
Avance
push process
pushing
push done
Tourne a droite
push process
pushing
push done
Tourne a gauche
push process
pushing
push done
Incantation process
for ressource: nourriture(present: 55, need: 0, have: 36)
Take 55 times
push process
pushing
pushing
pushing
pushing
pushing
pushing
pushing
pushing
pushing
pushing
pushing
pushing
pushing
pushing
pushing
pushing
pushing
pushing
pushing
pushing
pushing
pushing
pushing
pushing
pushing
pushing
pushing
pushing
pushing
pushing
pushing
pushing
pushing
pushing
pushing
pushing
pushing
pushing
pushing
pushing
pushing
pushing
pushing
pushing
pushing
pushing
pushing
pushing
pushing
pushing
pushing
pushing
pushing
pushing
pushing
push done
for ressource: linemate(present: 8, need: 2, have: 21)
Take 6 times
push process
pushing
pushing
pushing
pushing
pushing
pushing
push done
for ressource: deraumere(present: 0, need: 0, have: 32)
Take 0 times
push process
push done
for ressource: sibur(present: 8, need: 1, have: 31)
Take 7 times
push process
pushing
pushing
pushing
pushing
pushing
pushing
pushing
push done
for ressource: mendiane(present: 6, need: 0, have: 28)
Take 6 times
push process
pushing
pushing
pushing
pushing
pushing
pushing
push done
for ressource: phiras(present: 9, need: 2, have: 14)
Take 7 times
push process
pushing
pushing
pushing
pushing
pushing
pushing
pushing
push done
for ressource: thystame(present: 2, need: 0, have: 28)
Take 2 times
push process
pushing
pushing
push done
push process
pushing
pushing
pushing
pushing
pushing
pushing
pushing
pushing
pushing
pushing
push done
Prendre ressource necessaire
for ressource linemate (need: 2, present: 8, have: 21)
do nothing
for ressource deraumere (need: 0, present: 0, have: 32)
do nothing
for ressource sibur (need: 1, present: 8, have: 31)
do nothing
for ressource mendiane (need: 0, present: 6, have: 28)
do nothing
for ressource phiras (need: 2, present: 9, have: 14)
do nothing
for ressource thystame (need: 0, present: 2, have: 28)
do nothing
Prendre ressource necessaire
for ressource linemate (need: 2, present: 8, have: 21)
do nothing
for ressource deraumere (need: 0, present: 0, have: 32)
do nothing
for ressource sibur (need: 1, present: 8, have: 31)
do nothing
for ressource mendiane (need: 0, present: 6, have: 28)
do nothing
for ressource phiras (need: 2, present: 9, have: 14)
do nothing
for ressource thystame (need: 0, present: 2, have: 28)
do nothing
doiing '1 '
doiing '2 '
doiing '3 '
doiing '6 nourriture'
doiing '6 nourriture'
doiing '6 nourriture'
doiing '6 nourriture'
doiing '6 nourriture'
doiing '6 nourriture'
doiing '6 nourriture'
doiing '6 nourriture'
doiing '6 nourriture'
doiing '6 nourriture'
doiing '6 nourriture'
doiing '6 nourriture'
doiing '6 nourriture'
doiing '6 nourriture'
doiing '6 nourriture'
doiing '6 nourriture'
doiing '6 nourriture'
doiing '6 nourriture'
doiing '6 nourriture'
doiing '6 nourriture'
doiing '6 nourriture'
doiing '6 nourriture'
doiing '6 nourriture'
doiing '6 nourriture'
doiing '6 nourriture'
doiing '6 nourriture'
doiing '6 nourriture'
doiing '6 nourriture'
doiing '6 nourriture'
doiing '6 nourriture'
doiing '6 nourriture'
doiing '6 nourriture'
doiing '6 nourriture'
doiing '6 nourriture'
doiing '6 nourriture'
doiing '6 nourriture'
doiing '6 nourriture'
doiing '6 nourriture'
doiing '6 nourriture'
doiing '6 nourriture'
doiing '6 nourriture'
doiing '6 nourriture'
doiing '6 nourriture'
doiing '6 nourriture'
doiing '6 nourriture'
doiing '6 nourriture'
doiing '6 nourriture'
doiing '6 nourriture'
doiing '6 nourriture'
doiing '6 nourriture'
doiing '6 nourriture'
doiing '6 nourriture'
doiing '6 nourriture'
doiing '6 nourriture'
doiing '6 nourriture'
doiing '6 linemate'
doiing '6 linemate'
doiing '6 linemate'
doiing '6 linemate'
doiing '6 linemate'
doiing '6 linemate'
doiing '6 sibur'
doiing '6 sibur'
doiing '6 sibur'
doiing '6 sibur'
doiing '6 sibur'
doiing '6 sibur'
doiing '6 sibur'
doiing '6 mendiane'
doiing '6 mendiane'
doiing '6 mendiane'
doiing '6 mendiane'
doiing '6 mendiane'
doiing '6 mendiane'
doiing '6 phiras'
doiing '6 phiras'
doiing '6 phiras'
doiing '6 phiras'
doiing '6 phiras'
doiing '6 phiras'
doiing '6 phiras'
doiing '6 thystame'
doiing '6 thystame'
doiing '9 Incant 3'
doiing '9 Incant 3'
doiing '9 Incant 3'
doiing '9 Incant 3'
doiing '9 Incant 3'
doiing '9 Incant 3'
doiing '9 Incant 3'
doiing '9 Incant 3'
doiing '9 Incant 3'
doiing '9 Incant 3'
Avance
push process
pushing
push done
Tourne a droite
push process
pushing
push done
Tourne a gauche
push process
pushing
push done
Incantation process
for ressource: nourriture(present: 0, need: 0, have: 65)
Take 0 times
push process
push done
for ressource: linemate(present: 1, need: 2, have: 27)
Drop 1 times
push process
pushing
push done
for ressource: deraumere(present: 9, need: 0, have: 32)
Take 9 times
push process
pushing
pushing
pushing
pushing
pushing
pushing
pushing
pushing
pushing
push done
for ressource: sibur(present: 5, need: 1, have: 38)
Take 4 times
push process
pushing
pushing
pushing
pushing
push done
for ressource: mendiane(present: 0, need: 0, have: 34)
Take 0 times
push process
push done
for ressource: phiras(present: 0, need: 2, have: 21)
Drop 2 times
push process
pushing
pushing
push done
for ressource: thystame(present: 3, need: 0, have: 30)
Take 3 times
push process
pushing
pushing
pushing
push done
push process
pushing
pushing
pushing
pushing
pushing
pushing
pushing
pushing
pushing
pushing
push done
Prendre ressource necessaire
for ressource linemate (need: 2, present: 1, have: 27)
do nothing
for ressource deraumere (need: 0, present: 9, have: 32)
do nothing
for ressource sibur (need: 1, present: 5, have: 38)
do nothing
for ressource mendiane (need: 0, present: 0, have: 34)
do nothing
for ressource phiras (need: 2, present: 0, have: 21)
do nothing
for ressource thystame (need: 0, present: 3, have: 30)
do nothing
Prendre ressource necessaire
for ressource linemate (need: 2, present: 1, have: 27)
do nothing
for ressource deraumere (need: 0, present: 9, have: 32)
do nothing
for ressource sibur (need: 1, present: 5, have: 38)
do nothing
for ressource mendiane (need: 0, present: 0, have: 34)
do nothing
for ressource phiras (need: 2, present: 0, have: 21)
do nothing
for ressource thystame (need: 0, present: 3, have: 30)
do nothing
doiing '1 '
doiing '2 '
doiing '3 '
doiing '7 linemate'
doiing '6 deraumere'
doiing '6 deraumere'
doiing '6 deraumere'
doiing '6 deraumere'
doiing '6 deraumere'
doiing '6 deraumere'
doiing '6 deraumere'
doiing '6 deraumere'
doiing '6 deraumere'
doiing '6 sibur'
doiing '6 sibur'
doiing '6 sibur'
doiing '6 sibur'
doiing '7 phiras'
doiing '7 phiras'
doiing '6 thystame'
doiing '6 thystame'
doiing '6 thystame'
doiing '9 Incant 3'
doiing '9 Incant 3'
doiing '9 Incant 3'
doiing '9 Incant 3'
doiing '9 Incant 3'
doiing '9 Incant 3'
doiing '9 Incant 3'
doiing '9 Incant 3'
doiing '9 Incant 3'
doiing '9 Incant 3'
Avance
push process
pushing
push done
Tourne a droite
push process
pushing
push done
Tourne a gauche
push process
pushing
push done
Incantation process
for ressource: nourriture(present: 32, need: 0, have: 49)
Take 32 times
push process
pushing
pushing
pushing
pushing
pushing
pushing
pushing
pushing
pushing
pushing
pushing
pushing
pushing
pushing
pushing
pushing
pushing
pushing
pushing
pushing
pushing
pushing
pushing
pushing
pushing
pushing
pushing
pushing
pushing
pushing
pushing
pushing
push done
for ressource: linemate(present: 7, need: 2, have: 26)
Take 5 times
push process
pushing
pushing
pushing
pushing
pushing
push done
for ressource: deraumere(present: 0, need: 0, have: 35)
Take 0 times
push process
push done
for ressource: sibur(present: 0, need: 1, have: 39)
Drop 1 times
push process
pushing
push done
for ressource: mendiane(present: 1, need: 0, have: 34)
Take 1 times
push process
pushing
push done
for ressource: phiras(present: 3, need: 2, have: 19)
Take 1 times
push process
pushing
push done
for ressource: thystame(present: 0, need: 0, have: 30)
Take 0 times
push process
push done
push process
pushing
pushing
pushing
pushing
pushing
pushing
pushing
pushing
pushing
pushing
push done
Prendre ressource necessaire
for ressource linemate (need: 2, present: 7, have: 26)
do nothing
for ressource deraumere (need: 0, present: 0, have: 35)
do nothing
for ressource sibur (need: 1, present: 0, have: 39)
do nothing
for ressource mendiane (need: 0, present: 1, have: 34)
do nothing
for ressource phiras (need: 2, present: 3, have: 19)
do nothing
for ressource thystame (need: 0, present: 0, have: 30)
do nothing
Prendre ressource necessaire
for ressource linemate (need: 2, present: 7, have: 26)
do nothing
for ressource deraumere (need: 0, present: 0, have: 35)
do nothing
for ressource sibur (need: 1, present: 0, have: 39)
do nothing
for ressource mendiane (need: 0, present: 1, have: 34)
do nothing
for ressource phiras (need: 2, present: 3, have: 19)
do nothing
for ressource thystame (need: 0, present: 0, have: 30)
do nothing
doiing '1 '
doiing '2 '
doiing '3 '
doiing '6 nourriture'
doiing '6 nourriture'
doiing '6 nourriture'
doiing '6 nourriture'
doiing '6 nourriture'
doiing '6 nourriture'
doiing '6 nourriture'
doiing '6 nourriture'
doiing '6 nourriture'
doiing '6 nourriture'
doiing '6 nourriture'
doiing '6 nourriture'
doiing '6 nourriture'
doiing '6 nourriture'
doiing '6 nourriture'
doiing '6 nourriture'
doiing '6 nourriture'
doiing '6 nourriture'
doiing '6 nourriture'
doiing '6 nourriture'
doiing '6 nourriture'
doiing '6 nourriture'
doiing '6 nourriture'
doiing '6 nourriture'
doiing '6 nourriture'
doiing '6 nourriture'
doiing '6 nourriture'
doiing '6 nourriture'
doiing '6 nourriture'
doiing '6 nourriture'
doiing '6 nourriture'
doiing '6 nourriture'
doiing '6 linemate'
doiing '6 linemate'
doiing '6 linemate'
doiing '6 linemate'
doiing '6 linemate'
doiing '7 sibur'
doiing '6 mendiane'
doiing '6 phiras'
doiing '9 Incant 3'
doiing '9 Incant 3'
doiing '9 Incant 3'
doiing '9 Incant 3'
doiing '9 Incant 3'
doiing '9 Incant 3'
doiing '9 Incant 3'
doiing '9 Incant 3'
doiing '9 Incant 3'
doiing '9 Incant 3'
Avance
push process
pushing
push done
Tourne a droite
push process
pushing
push done
Tourne a gauche
push process
pushing
push done
Incantation process
for ressource: nourriture(present: 0, need: 0, have: 43)
Take 0 times
push process
push done
for ressource: linemate(present: 0, need: 2, have: 28)
Drop 2 times
push process
pushing
pushing
push done
for ressource: deraumere(present: 0, need: 0, have: 35)
Take 0 times
push process
push done
for ressource: sibur(present: 2, need: 1, have: 38)
Take 1 times
push process
pushing
push done
for ressource: mendiane(present: 0, need: 0, have: 34)
Take 0 times
push process
push done
for ressource: phiras(present: 1, need: 2, have: 20)
Drop 1 times
push process
pushing
push done
for ressource: thystame(present: 0, need: 0, have: 30)
Take 0 times
push process
push done
push process
pushing
pushing
pushing
pushing
pushing
pushing
pushing
pushing
pushing
pushing
push done
Prendre ressource necessaire
for ressource linemate (need: 2, present: 0, have: 28)
do nothing
for ressource deraumere (need: 0, present: 0, have: 35)
do nothing
for ressource sibur (need: 1, present: 2, have: 38)
do nothing
for ressource mendiane (need: 0, present: 0, have: 34)
do nothing
for ressource phiras (need: 2, present: 1, have: 20)
do nothing
for ressource thystame (need: 0, present: 0, have: 30)
do nothing
Prendre ressource necessaire
for ressource linemate (need: 2, present: 0, have: 28)
do nothing
for ressource deraumere (need: 0, present: 0, have: 35)
do nothing
for ressource sibur (need: 1, present: 2, have: 38)
do nothing
for ressource mendiane (need: 0, present: 0, have: 34)
do nothing
for ressource phiras (need: 2, present: 1, have: 20)
do nothing
for ressource thystame (need: 0, present: 0, have: 30)
do nothing
doiing '1 '
doiing '2 '
doiing '3 '
doiing '7 linemate'
doiing '7 linemate'
doiing '6 sibur'
doiing '7 phiras'
doiing '9 Incant 3'
doiing '9 Incant 3'
doiing '9 Incant 3'
doiing '9 Incant 3'
doiing '9 Incant 3'
doiing '9 Incant 3'
doiing '9 Incant 3'
doiing '9 Incant 3'
doiing '9 Incant 3'
doiing '9 Incant 3'
Avance
push process
pushing
push done
Tourne a droite
push process
pushing
push done
Tourne a gauche
push process
pushing
push done
Incantation process
for ressource: nourriture(present: 7, need: 0, have: 34)
Take 7 times
push process
pushing
pushing
pushing
pushing
pushing
pushing
pushing
push done
for ressource: linemate(present: 6, need: 2, have: 26)
Take 4 times
push process
pushing
pushing
pushing
pushing
push done
for ressource: deraumere(present: 0, need: 0, have: 35)
Take 0 times
push process
push done
for ressource: sibur(present: 0, need: 1, have: 38)
Drop 1 times
push process
pushing
push done
for ressource: mendiane(present: 2, need: 0, have: 34)
Take 2 times
push process
pushing
pushing
push done
for ressource: phiras(present: 3, need: 2, have: 19)
Take 1 times
push process
pushing
push done
for ressource: thystame(present: 2, need: 0, have: 30)
Take 2 times
push process
pushing
pushing
push done
push process
pushing
pushing
pushing
pushing
pushing
pushing
pushing
pushing
pushing
pushing
push done
Prendre ressource necessaire
for ressource linemate (need: 2, present: 6, have: 26)
do nothing
for ressource deraumere (need: 0, present: 0, have: 35)
do nothing
for ressource sibur (need: 1, present: 0, have: 38)
do nothing
for ressource mendiane (need: 0, present: 2, have: 34)
do nothing
for ressource phiras (need: 2, present: 3, have: 19)
do nothing
for ressource thystame (need: 0, present: 2, have: 30)
do nothing
Prendre ressource necessaire
for ressource linemate (need: 2, present: 6, have: 26)
do nothing
for ressource deraumere (need: 0, present: 0, have: 35)
do nothing
for ressource sibur (need: 1, present: 0, have: 38)
do nothing
for ressource mendiane (need: 0, present: 2, have: 34)
do nothing
for ressource phiras (need: 2, present: 3, have: 19)
do nothing
for ressource thystame (need: 0, present: 2, have: 30)
do nothing
doiing '1 '
doiing '2 '
doiing '3 '
doiing '6 nourriture'
doiing '6 nourriture'
doiing '6 nourriture'
doiing '6 nourriture'
doiing '6 nourriture'
doiing '6 nourriture'
doiing '6 nourriture'
doiing '6 linemate'
doiing '6 linemate'
doiing '6 linemate'
doiing '6 linemate'
doiing '7 sibur'
doiing '6 mendiane'
doiing '6 mendiane'
doiing '6 phiras'
doiing '6 thystame'
doiing '6 thystame'
doiing '9 Incant 3'
doiing '9 Incant 3'
doiing '9 Incant 3'
doiing '9 Incant 3'
doiing '9 Incant 3'
doiing '9 Incant 3'
doiing '9 Incant 3'
doiing '9 Incant 3'
doiing '9 Incant 3'
doiing '9 Incant 3'
Avance
push process
pushing
push done
Tourne a droite
push process
pushing
push done
Tourne a gauche
push process
pushing
push done
Incantation process
for ressource: nourriture(present: 18, need: 0, have: 41)
Take 18 times
push process
pushing
pushing
pushing
pushing
pushing
pushing
pushing
pushing
pushing
pushing
pushing
pushing
pushing
pushing
pushing
pushing
pushing
pushing
push done
for ressource: linemate(present: 4, need: 2, have: 30)
Take 2 times
push process
pushing
pushing
push done
for ressource: deraumere(present: 10, need: 0, have: 35)
Take 10 times
push process
pushing
pushing
pushing
pushing
pushing
pushing
pushing
pushing
pushing
pushing
push done
for ressource: sibur(present: 9, need: 1, have: 37)
Take 8 times
push process
pushing
pushing
pushing
pushing
pushing
pushing
pushing
pushing
push done
for ressource: mendiane(present: 5, need: 0, have: 36)
Take 5 times
push process
pushing
pushing
pushing
pushing
pushing
push done
for ressource: phiras(present: 9, need: 2, have: 20)
Take 7 times
push process
pushing
pushing
pushing
pushing
pushing
pushing
pushing
push done
for ressource: thystame(present: 2, need: 0, have: 32)
Take 2 times
push process
pushing
pushing
push done
push process
pushing
pushing
pushing
pushing
pushing
pushing
pushing
pushing
pushing
pushing
push done
Prendre ressource necessaire
for ressource linemate (need: 2, present: 4, have: 30)
do nothing
for ressource deraumere (need: 0, present: 10, have: 35)
do nothing
for ressource sibur (need: 1, present: 9, have: 37)
do nothing
for ressource mendiane (need: 0, present: 5, have: 36)
do nothing
for ressource phiras (need: 2, present: 9, have: 20)
do nothing
for ressource thystame (need: 0, present: 2, have: 32)
do nothing
Prendre ressource necessaire
for ressource linemate (need: 2, present: 4, have: 30)
do nothing
for ressource deraumere (need: 0, present: 10, have: 35)
do nothing
for ressource sibur (need: 1, present: 9, have: 37)
do nothing
for ressource mendiane (need: 0, present: 5, have: 36)
do nothing
for ressource phiras (need: 2, present: 9, have: 20)
do nothing
for ressource thystame (need: 0, present: 2, have: 32)
do nothing
doiing '1 '
doiing '2 '
doiing '3 '
doiing '6 nourriture'
doiing '6 nourriture'
doiing '6 nourriture'
doiing '6 nourriture'
doiing '6 nourriture'
doiing '6 nourriture'
doiing '6 nourriture'
doiing '6 nourriture'
doiing '6 nourriture'
doiing '6 nourriture'
doiing '6 nourriture'
doiing '6 nourriture'
doiing '6 nourriture'
doiing '6 nourriture'
doiing '6 nourriture'
doiing '6 nourriture'
doiing '6 nourriture'
doiing '6 nourriture'
doiing '6 linemate'
doiing '6 linemate'
doiing '6 deraumere'
doiing '6 deraumere'
doiing '6 deraumere'
doiing '6 deraumere'
doiing '6 deraumere'
doiing '6 deraumere'
doiing '6 deraumere'
doiing '6 deraumere'
doiing '6 deraumere'
doiing '6 deraumere'
doiing '6 sibur'
doiing '6 sibur'
doiing '6 sibur'
doiing '6 sibur'
doiing '6 sibur'
doiing '6 sibur'
doiing '6 sibur'
doiing '6 sibur'
doiing '6 mendiane'
doiing '6 mendiane'
doiing '6 mendiane'
doiing '6 mendiane'
doiing '6 mendiane'
doiing '6 phiras'
doiing '6 phiras'
doiing '6 phiras'
doiing '6 phiras'
doiing '6 phiras'
doiing '6 phiras'
doiing '6 phiras'
doiing '6 thystame'
doiing '6 thystame'
doiing '9 Incant 3'
doiing '9 Incant 3'
doiing '9 Incant 3'
doiing '9 Incant 3'
doiing '9 Incant 3'
doiing '9 Incant 3'
doiing '9 Incant 3'
doiing '9 Incant 3'
doiing '9 Incant 3'
doiing '9 Incant 3'
Avance
push process
pushing
push done
Tourne a droite
push process
pushing
push done
Tourne a gauche
push process
pushing
push done
Incantation process
for ressource: nourriture(present: 0, need: 0, have: 42)
Take 0 times
push process
push done
for ressource: linemate(present: 0, need: 2, have: 31)
Drop 2 times
push process
pushing
pushing
push done
for ressource: deraumere(present: 0, need: 0, have: 35)
Take 0 times
push process
push done
for ressource: sibur(present: 0, need: 1, have: 38)
Drop 1 times
push process
pushing
push done
for ressource: mendiane(present: 0, need: 0, have: 36)
Take 0 times
push process
push done
for ressource: phiras(present: 0, need: 2, have: 20)
Drop 2 times
push process
pushing
pushing
push done
for ressource: thystame(present: 0, need: 0, have: 32)
Take 0 times
push process
push done
push process
pushing
pushing
pushing
pushing
pushing
pushing
pushing
pushing
pushing
pushing
push done
Prendre ressource necessaire
for ressource linemate (need: 2, present: 0, have: 31)
do nothing
for ressource deraumere (need: 0, present: 0, have: 35)
do nothing
for ressource sibur (need: 1, present: 0, have: 38)
do nothing
for ressource mendiane (need: 0, present: 0, have: 36)
do nothing
for ressource phiras (need: 2, present: 0, have: 20)
do nothing
for ressource thystame (need: 0, present: 0, have: 32)
do nothing
Prendre ressource necessaire
for ressource linemate (need: 2, present: 0, have: 31)
do nothing
for ressource deraumere (need: 0, present: 0, have: 35)
do nothing
for ressource sibur (need: 1, present: 0, have: 38)
do nothing
for ressource mendiane (need: 0, present: 0, have: 36)
do nothing
for ressource phiras (need: 2, present: 0, have: 20)
do nothing
for ressource thystame (need: 0, present: 0, have: 32)
do nothing
doiing '1 '
doiing '2 '
doiing '3 '
doiing '7 linemate'
doiing '7 linemate'
doiing '7 sibur'
doiing '7 phiras'
doiing '7 phiras'
doiing '9 Incant 3'
doiing '9 Incant 3'
doiing '9 Incant 3'
doiing '9 Incant 3'
doiing '9 Incant 3'
doiing '9 Incant 3'
doiing '9 Incant 3'
doiing '9 Incant 3'
doiing '9 Incant 3'
doiing '9 Incant 3'
Avance
push process
pushing
push done
Tourne a droite
push process
pushing
push done
Tourne a gauche
push process
pushing
push done
Incantation process
for ressource: nourriture(present: 0, need: 0, have: 31)
Take 0 times
push process
push done
for ressource: linemate(present: 9, need: 2, have: 29)
Take 7 times
push process
pushing
pushing
pushing
pushing
pushing
pushing
pushing
push done
for ressource: deraumere(present: 6, need: 0, have: 35)
Take 6 times
push process
pushing
pushing
pushing
pushing
pushing
pushing
push done
for ressource: sibur(present: 7, need: 1, have: 37)
Take 6 times
push process
pushing
pushing
pushing
pushing
pushing
pushing
push done
for ressource: mendiane(present: 5, need: 0, have: 36)
Take 5 times
push process
pushing
pushing
pushing
pushing
pushing
push done
for ressource: phiras(present: 6, need: 2, have: 18)
Take 4 times
push process
pushing
pushing
pushing
pushing
push done
for ressource: thystame(present: 5, need: 0, have: 32)
Take 5 times
push process
pushing
pushing
pushing
pushing
pushing
push done
push process
pushing
pushing
pushing
pushing
pushing
pushing
pushing
pushing
pushing
pushing
push done
Prendre ressource necessaire
for ressource linemate (need: 2, present: 9, have: 29)
do nothing
for ressource deraumere (need: 0, present: 6, have: 35)
do nothing
for ressource sibur (need: 1, present: 7, have: 37)
do nothing
for ressource mendiane (need: 0, present: 5, have: 36)
do nothing
for ressource phiras (need: 2, present: 6, have: 18)
do nothing
for ressource thystame (need: 0, present: 5, have: 32)
do nothing
Prendre ressource necessaire
for ressource linemate (need: 2, present: 9, have: 29)
do nothing
for ressource deraumere (need: 0, present: 6, have: 35)
do nothing
for ressource sibur (need: 1, present: 7, have: 37)
do nothing
for ressource mendiane (need: 0, present: 5, have: 36)
do nothing
for ressource phiras (need: 2, present: 6, have: 18)
do nothing
for ressource thystame (need: 0, present: 5, have: 32)
do nothing
doiing '1 '
doiing '2 '
doiing '3 '
doiing '6 linemate'
doiing '6 linemate'
doiing '6 linemate'
doiing '6 linemate'
doiing '6 linemate'
doiing '6 linemate'
doiing '6 linemate'
doiing '6 deraumere'
doiing '6 deraumere'
doiing '6 deraumere'
doiing '6 deraumere'
doiing '6 deraumere'
doiing '6 deraumere'
doiing '6 sibur'
doiing '6 sibur'
doiing '6 sibur'
doiing '6 sibur'
doiing '6 sibur'
doiing '6 sibur'
doiing '6 mendiane'
doiing '6 mendiane'
doiing '6 mendiane'
doiing '6 mendiane'
doiing '6 mendiane'
doiing '6 phiras'
doiing '6 phiras'
doiing '6 phiras'
doiing '6 phiras'
doiing '6 thystame'
doiing '6 thystame'
doiing '6 thystame'
doiing '6 thystame'
doiing '6 thystame'
doiing '9 Incant 3'
doiing '9 Incant 3'
doiing '9 Incant 3'
doiing '9 Incant 3'
doiing '9 Incant 3'
doiing '9 Incant 3'
doiing '9 Incant 3'
doiing '9 Incant 3'
doiing '9 Incant 3'
doiing '9 Incant 3'
Avance
push process
pushing
push done
Tourne a droite
push process
pushing
push done
Tourne a gauche
push process
pushing
push done
Incantation process
for ressource: nourriture(present: 5, need: 0, have: 28)
Take 5 times
push process
pushing
pushing
pushing
pushing
pushing
push done
for ressource: linemate(present: 0, need: 2, have: 34)
Drop 2 times
push process
pushing
pushing
push done
for ressource: deraumere(present: 0, need: 0, have: 39)
Take 0 times
push process
push done
for ressource: sibur(present: 0, need: 1, have: 40)
Drop 1 times
push process
pushing
push done
for ressource: mendiane(present: 0, need: 0, have: 39)
Take 0 times
push process
push done
for ressource: phiras(present: 5, need: 2, have: 22)
Take 3 times
push process
pushing
pushing
pushing
push done
for ressource: thystame(present: 0, need: 0, have: 37)
Take 0 times
push process
push done
push process
pushing
pushing
pushing
pushing
pushing
pushing
pushing
pushing
pushing
pushing
push done
Prendre ressource necessaire
for ressource linemate (need: 2, present: 0, have: 34)
do nothing
for ressource deraumere (need: 0, present: 0, have: 39)
do nothing
for ressource sibur (need: 1, present: 0, have: 40)
do nothing
for ressource mendiane (need: 0, present: 0, have: 39)
do nothing
for ressource phiras (need: 2, present: 5, have: 22)
do nothing
for ressource thystame (need: 0, present: 0, have: 37)
do nothing
Prendre ressource necessaire
for ressource linemate (need: 2, present: 0, have: 34)
do nothing
for ressource deraumere (need: 0, present: 0, have: 39)
do nothing
for ressource sibur (need: 1, present: 0, have: 40)
do nothing
for ressource mendiane (need: 0, present: 0, have: 39)
do nothing
for ressource phiras (need: 2, present: 5, have: 22)
do nothing
for ressource thystame (need: 0, present: 0, have: 37)
do nothing
doiing '1 '
doiing '2 '
doiing '3 '
doiing '6 nourriture'
doiing '6 nourriture'
doiing '6 nourriture'
doiing '6 nourriture'
doiing '6 nourriture'
doiing '7 linemate'
doiing '7 linemate'
doiing '7 sibur'
doiing '6 phiras'
doiing '6 phiras'
doiing '6 phiras'
doiing '9 Incant 3'
doiing '9 Incant 3'
doiing '9 Incant 3'
doiing '9 Incant 3'
doiing '9 Incant 3'
doiing '9 Incant 3'
doiing '9 Incant 3'
doiing '9 Incant 3'
doiing '9 Incant 3'
doiing '9 Incant 3'
Avance
push process
pushing
push done
Tourne a droite
push process
pushing
push done
Tourne a gauche
push process
pushing
push done
Incantation process
for ressource: nourriture(present: 0, need: 0, have: 20)
Take 0 times
push process
push done
for ressource: linemate(present: 2, need: 2, have: 32)
Take 0 times
push process
push done
for ressource: deraumere(present: 5, need: 0, have: 39)
Take 5 times
push process
pushing
pushing
pushing
pushing
pushing
push done
for ressource: sibur(present: 4, need: 1, have: 39)
Take 3 times
push process
pushing
pushing
pushing
push done
for ressource: mendiane(present: 2, need: 0, have: 39)
Take 2 times
push process
pushing
pushing
push done
for ressource: phiras(present: 0, need: 2, have: 22)
Drop 2 times
push process
pushing
pushing
push done
for ressource: thystame(present: 2, need: 0, have: 37)
Take 2 times
push process
pushing
pushing
push done
push process
pushing
pushing
pushing
pushing
pushing
pushing
pushing
pushing
pushing
pushing
push done
Prendre ressource necessaire
for ressource linemate (need: 2, present: 2, have: 32)
do nothing
for ressource deraumere (need: 0, present: 5, have: 39)
do nothing
for ressource sibur (need: 1, present: 4, have: 39)
do nothing
for ressource mendiane (need: 0, present: 2, have: 39)
do nothing
for ressource phiras (need: 2, present: 0, have: 22)
do nothing
for ressource thystame (need: 0, present: 2, have: 37)
do nothing
Prendre ressource necessaire
for ressource linemate (need: 2, present: 2, have: 32)
do nothing
for ressource deraumere (need: 0, present: 5, have: 39)
do nothing
for ressource sibur (need: 1, present: 4, have: 39)
do nothing
for ressource mendiane (need: 0, present: 2, have: 39)
do nothing
for ressource phiras (need: 2, present: 0, have: 22)
do nothing
for ressource thystame (need: 0, present: 2, have: 37)
do nothing
doiing '1 '
doiing '2 '
doiing '3 '
doiing '6 deraumere'
doiing '6 deraumere'
doiing '6 deraumere'
doiing '6 deraumere'
doiing '6 deraumere'
doiing '6 sibur'
doiing '6 sibur'
doiing '6 sibur'
doiing '6 mendiane'
doiing '6 mendiane'
doiing '7 phiras'
doiing '7 phiras'
doiing '6 thystame'
doiing '6 thystame'
doiing '9 Incant 3'
doiing '9 Incant 3'
doiing '9 Incant 3'
doiing '9 Incant 3'
doiing '9 Incant 3'
doiing '9 Incant 3'
doiing '9 Incant 3'
doiing '9 Incant 3'
doiing '9 Incant 3'
doiing '9 Incant 3'
Avance
push process
pushing
push done
Tourne a droite
push process
pushing
push done
Tourne a gauche
push process
pushing
push done
Incantation process
for ressource: nourriture(present: 55, need: 0, have: 16)
Take 55 times
push process
pushing
pushing
pushing
pushing
pushing
pushing
pushing
pushing
pushing
pushing
pushing
pushing
pushing
pushing
pushing
pushing
pushing
pushing
pushing
pushing
pushing
pushing
pushing
pushing
pushing
pushing
pushing
pushing
pushing
pushing
pushing
pushing
pushing
pushing
pushing
pushing
pushing
pushing
pushing
pushing
pushing
pushing
pushing
pushing
pushing
pushing
pushing
pushing
pushing
pushing
pushing
pushing
pushing
pushing
pushing
push done
for ressource: linemate(present: 8, need: 2, have: 32)
Take 6 times
push process
pushing
pushing
pushing
pushing
pushing
pushing
push done
for ressource: deraumere(present: 0, need: 0, have: 39)
Take 0 times
push process
push done
for ressource: sibur(present: 5, need: 1, have: 42)
Take 4 times
push process
pushing
pushing
pushing
pushing
push done
for ressource: mendiane(present: 4, need: 0, have: 41)
Take 4 times
push process
pushing
pushing
pushing
pushing
push done
for ressource: phiras(present: 11, need: 2, have: 20)
Take 9 times
push process
pushing
pushing
pushing
pushing
pushing
pushing
pushing
pushing
pushing
push done
for ressource: thystame(present: 0, need: 0, have: 39)
Take 0 times
push process
push done
push process
pushing
pushing
pushing
pushing
pushing
pushing
pushing
pushing
pushing
pushing
push done
Prendre ressource necessaire
for ressource linemate (need: 2, present: 8, have: 32)
do nothing
for ressource deraumere (need: 0, present: 0, have: 39)
do nothing
for ressource sibur (need: 1, present: 5, have: 42)
do nothing
for ressource mendiane (need: 0, present: 4, have: 41)
do nothing
for ressource phiras (need: 2, present: 11, have: 20)
do nothing
for ressource thystame (need: 0, present: 0, have: 39)
do nothing
Prendre ressource necessaire
for ressource linemate (need: 2, present: 8, have: 32)
do nothing
for ressource deraumere (need: 0, present: 0, have: 39)
do nothing
for ressource sibur (need: 1, present: 5, have: 42)
do nothing
for ressource mendiane (need: 0, present: 4, have: 41)
do nothing
for ressource phiras (need: 2, present: 11, have: 20)
do nothing
for ressource thystame (need: 0, present: 0, have: 39)
do nothing
doiing '1 '
doiing '2 '
doiing '3 '
doiing '6 nourriture'
doiing '6 nourriture'
doiing '6 nourriture'
doiing '6 nourriture'
doiing '6 nourriture'
doiing '6 nourriture'
doiing '6 nourriture'
doiing '6 nourriture'
doiing '6 nourriture'
doiing '6 nourriture'
doiing '6 nourriture'
doiing '6 nourriture'
doiing '6 nourriture'
doiing '6 nourriture'
doiing '6 nourriture'
doiing '6 nourriture'
doiing '6 nourriture'
doiing '6 nourriture'
doiing '6 nourriture'
doiing '6 nourriture'
doiing '6 nourriture'
doiing '6 nourriture'
doiing '6 nourriture'
doiing '6 nourriture'
doiing '6 nourriture'
doiing '6 nourriture'
doiing '6 nourriture'
doiing '6 nourriture'
doiing '6 nourriture'
doiing '6 nourriture'
doiing '6 nourriture'
doiing '6 nourriture'
doiing '6 nourriture'
doiing '6 nourriture'
doiing '6 nourriture'
doiing '6 nourriture'
doiing '6 nourriture'
doiing '6 nourriture'
doiing '6 nourriture'
doiing '6 nourriture'
doiing '6 nourriture'
doiing '6 nourriture'
doiing '6 nourriture'
doiing '6 nourriture'
doiing '6 nourriture'
doiing '6 nourriture'
doiing '6 nourriture'
doiing '6 nourriture'
doiing '6 nourriture'
doiing '6 nourriture'
doiing '6 nourriture'
doiing '6 nourriture'
doiing '6 nourriture'
doiing '6 nourriture'
doiing '6 nourriture'
doiing '6 linemate'
doiing '6 linemate'
doiing '6 linemate'
doiing '6 linemate'
doiing '6 linemate'
doiing '6 linemate'
doiing '6 sibur'
[31mPlayer die[0m
