    setting weight of 1
    setting weight of 2
    setting weight of 1
    setting weight of 2
    setting weight of 3
    setting weight of 4
    setting weight of 5
    setting weight of 1
    setting weight of 2
    setting weight of 1
    setting weight of 2
    setting weight of 3
    setting weight of 4
    setting weight of 5
    setting weight of 6
ip : 127.0.0.1
port : 4242
team name : toto
IA : ./lua/neuralia.lua
Avance
push process
pushing
push done
Tourne a gauche
push process
pushing
push done
Me nourrir
push process
pushing
push done
Incantation process
for ressource: nourriture(present: 14, need: 0, have: 9)
Take 14 times
push process
pushing
pushing
pushing
pushing
pushing
pushing
pushing
pushing
pushing
pushing
pushing
pushing
pushing
pushing
push done
for ressource: linemate(present: 2, need: 1, have: 0)
Take 1 times
push process
pushing
push done
for ressource: deraumere(present: 1, need: 0, have: 0)
Take 1 times
push process
pushing
push done
for ressource: sibur(present: 5, need: 0, have: 0)
Take 5 times
push process
pushing
pushing
pushing
pushing
pushing
push done
for ressource: mendiane(present: 1, need: 0, have: 0)
Take 1 times
push process
pushing
push done
for ressource: phiras(present: 4, need: 0, have: 0)
Take 4 times
push process
pushing
pushing
pushing
pushing
push done
for ressource: thystame(present: 3, need: 0, have: 0)
Take 3 times
push process
pushing
pushing
pushing
push done
Prendre ressource necessaire
for ressource linemate (need: 1, present: 2, have: 0)
taking 1 times
push process
pushing
push done
for ressource deraumere (need: 0, present: 1, have: 0)
do nothing
for ressource sibur (need: 0, present: 5, have: 0)
do nothing
for ressource mendiane (need: 0, present: 1, have: 0)
do nothing
for ressource phiras (need: 0, present: 4, have: 0)
do nothing
for ressource thystame (need: 0, present: 3, have: 0)
do nothing
doiing '1 '
doiing '3 '
doiing '6 nourriture'
doiing '6 nourriture'
doiing '6 nourriture'
doiing '6 nourriture'
doiing '6 nourriture'
doiing '6 nourriture'
doiing '6 nourriture'
doiing '6 nourriture'
doiing '6 nourriture'
doiing '6 nourriture'
doiing '6 nourriture'
doiing '6 nourriture'
doiing '6 nourriture'
doiing '6 nourriture'
doiing '6 nourriture'
doiing '6 linemate'
doiing '6 deraumere'
doiing '6 sibur'
doiing '6 sibur'
doiing '6 sibur'
doiing '6 sibur'
doiing '6 sibur'
doiing '6 mendiane'
doiing '6 phiras'
doiing '6 phiras'
doiing '6 phiras'
doiing '6 phiras'
doiing '6 thystame'
doiing '6 thystame'
doiing '6 thystame'
doiing '6 linemate'
Avance
push process
pushing
push done
Tourne a gauche
push process
pushing
push done
Me nourrir
push process
pushing
push done
Incantation process
for ressource: nourriture(present: 6, need: 0, have: 24)
Take 6 times
push process
pushing
pushing
pushing
pushing
pushing
pushing
push done
for ressource: linemate(present: 3, need: 1, have: 2)
Take 2 times
push process
pushing
pushing
push done
for ressource: deraumere(present: 7, need: 0, have: 1)
Take 7 times
push process
pushing
pushing
pushing
pushing
pushing
pushing
pushing
push done
for ressource: sibur(present: 2, need: 0, have: 5)
Take 2 times
push process
pushing
pushing
push done
for ressource: mendiane(present: 3, need: 0, have: 1)
Take 3 times
push process
pushing
pushing
pushing
push done
for ressource: phiras(present: 3, need: 0, have: 4)
Take 3 times
push process
pushing
pushing
pushing
push done
for ressource: thystame(present: 1, need: 0, have: 3)
Take 1 times
push process
pushing
push done
Prendre ressource necessaire
for ressource linemate (need: 1, present: 3, have: 2)
do nothing
for ressource deraumere (need: 0, present: 7, have: 1)
do nothing
for ressource sibur (need: 0, present: 2, have: 5)
do nothing
for ressource mendiane (need: 0, present: 3, have: 1)
do nothing
for ressource phiras (need: 0, present: 3, have: 4)
do nothing
for ressource thystame (need: 0, present: 1, have: 3)
do nothing
doiing '1 '
doiing '3 '
doiing '6 nourriture'
doiing '6 nourriture'
doiing '6 nourriture'
doiing '6 nourriture'
doiing '6 nourriture'
doiing '6 nourriture'
doiing '6 nourriture'
doiing '6 linemate'
doiing '6 linemate'
doiing '6 deraumere'
doiing '6 deraumere'
doiing '6 deraumere'
doiing '6 deraumere'
doiing '6 deraumere'
doiing '6 deraumere'
doiing '6 deraumere'
doiing '6 sibur'
doiing '6 sibur'
doiing '6 mendiane'
doiing '6 mendiane'
doiing '6 mendiane'
doiing '6 phiras'
doiing '6 phiras'
doiing '6 phiras'
doiing '6 thystame'
Avance
push process
pushing
push done
Tourne a gauche
push process
pushing
push done
Me nourrir
push process
pushing
push done
Incantation process
for ressource: nourriture(present: 12, need: 0, have: 25)
Take 12 times
push process
pushing
pushing
pushing
pushing
pushing
pushing
pushing
pushing
pushing
pushing
pushing
pushing
push done
for ressource: linemate(present: 4, need: 1, have: 4)
Take 3 times
push process
pushing
pushing
pushing
push done
for ressource: deraumere(present: 1, need: 0, have: 7)
Take 1 times
push process
pushing
push done
for ressource: sibur(present: 4, need: 0, have: 7)
Take 4 times
push process
pushing
pushing
pushing
pushing
push done
for ressource: mendiane(present: 2, need: 0, have: 4)
Take 2 times
push process
pushing
pushing
push done
for ressource: phiras(present: 0, need: 0, have: 7)
Take 0 times
push process
push done
for ressource: thystame(present: 4, need: 0, have: 4)
Take 4 times
push process
pushing
pushing
pushing
pushing
push done
Prendre ressource necessaire
for ressource linemate (need: 1, present: 4, have: 4)
do nothing
for ressource deraumere (need: 0, present: 1, have: 7)
do nothing
for ressource sibur (need: 0, present: 4, have: 7)
do nothing
for ressource mendiane (need: 0, present: 2, have: 4)
do nothing
for ressource phiras (need: 0, present: 0, have: 7)
do nothing
for ressource thystame (need: 0, present: 4, have: 4)
do nothing
doiing '1 '
doiing '3 '
doiing '6 nourriture'
doiing '6 nourriture'
doiing '6 nourriture'
doiing '6 nourriture'
doiing '6 nourriture'
doiing '6 nourriture'
doiing '6 nourriture'
doiing '6 nourriture'
doiing '6 nourriture'
doiing '6 nourriture'
doiing '6 nourriture'
doiing '6 nourriture'
doiing '6 nourriture'
doiing '6 linemate'
doiing '6 linemate'
doiing '6 linemate'
doiing '6 deraumere'
doiing '6 sibur'
doiing '6 sibur'
doiing '6 sibur'
doiing '6 sibur'
doiing '6 mendiane'
doiing '6 mendiane'
doiing '6 thystame'
doiing '6 thystame'
doiing '6 thystame'
doiing '6 thystame'
Avance
push process
pushing
push done
Tourne a gauche
push process
pushing
push done
Me nourrir
push process
pushing
push done
Incantation process
for ressource: nourriture(present: 10, need: 0, have: 33)
Take 10 times
push process
pushing
pushing
pushing
pushing
pushing
pushing
pushing
pushing
pushing
pushing
push done
for ressource: linemate(present: 2, need: 1, have: 7)
Take 1 times
push process
pushing
push done
for ressource: deraumere(present: 3, need: 0, have: 8)
Take 3 times
push process
pushing
pushing
pushing
push done
for ressource: sibur(present: 1, need: 0, have: 11)
Take 1 times
push process
pushing
push done
for ressource: mendiane(present: 5, need: 0, have: 6)
Take 5 times
push process
pushing
pushing
pushing
pushing
pushing
push done
for ressource: phiras(present: 6, need: 0, have: 7)
Take 6 times
push process
pushing
pushing
pushing
pushing
pushing
pushing
push done
for ressource: thystame(present: 0, need: 0, have: 8)
Take 0 times
push process
push done
Prendre ressource necessaire
for ressource linemate (need: 1, present: 2, have: 7)
do nothing
for ressource deraumere (need: 0, present: 3, have: 8)
do nothing
for ressource sibur (need: 0, present: 1, have: 11)
do nothing
for ressource mendiane (need: 0, present: 5, have: 6)
do nothing
for ressource phiras (need: 0, present: 6, have: 7)
do nothing
for ressource thystame (need: 0, present: 0, have: 8)
do nothing
doiing '1 '
doiing '3 '
doiing '6 nourriture'
doiing '6 nourriture'
doiing '6 nourriture'
doiing '6 nourriture'
doiing '6 nourriture'
doiing '6 nourriture'
doiing '6 nourriture'
doiing '6 nourriture'
doiing '6 nourriture'
doiing '6 nourriture'
doiing '6 nourriture'
doiing '6 linemate'
doiing '6 deraumere'
doiing '6 deraumere'
doiing '6 deraumere'
doiing '6 sibur'
doiing '6 mendiane'
doiing '6 mendiane'
doiing '6 mendiane'
doiing '6 mendiane'
doiing '6 mendiane'
doiing '6 phiras'
doiing '6 phiras'
doiing '6 phiras'
doiing '6 phiras'
doiing '6 phiras'
doiing '6 phiras'
Avance
push process
pushing
push done
Tourne a gauche
push process
pushing
push done
Me nourrir
push process
pushing
push done
Incantation process
for ressource: nourriture(present: 0, need: 0, have: 39)
Take 0 times
push process
push done
for ressource: linemate(present: 5, need: 1, have: 8)
Take 4 times
push process
pushing
pushing
pushing
pushing
push done
for ressource: deraumere(present: 1, need: 0, have: 11)
Take 1 times
push process
pushing
push done
for ressource: sibur(present: 8, need: 0, have: 12)
Take 8 times
push process
pushing
pushing
pushing
pushing
pushing
pushing
pushing
pushing
push done
for ressource: mendiane(present: 1, need: 0, have: 11)
Take 1 times
push process
pushing
push done
for ressource: phiras(present: 6, need: 0, have: 13)
Take 6 times
push process
pushing
pushing
pushing
pushing
pushing
pushing
push done
for ressource: thystame(present: 7, need: 0, have: 8)
Take 7 times
push process
pushing
pushing
pushing
pushing
pushing
pushing
pushing
push done
Prendre ressource necessaire
for ressource linemate (need: 1, present: 5, have: 8)
do nothing
for ressource deraumere (need: 0, present: 1, have: 11)
do nothing
for ressource sibur (need: 0, present: 8, have: 12)
do nothing
for ressource mendiane (need: 0, present: 1, have: 11)
do nothing
for ressource phiras (need: 0, present: 6, have: 13)
do nothing
for ressource thystame (need: 0, present: 7, have: 8)
do nothing
doiing '1 '
doiing '3 '
doiing '6 nourriture'
doiing '6 linemate'
doiing '6 linemate'
doiing '10 '
You have been upgraded: 'niveau actuel : 2'
Avance
push process
pushing
push done
Tourne a gauche
push process
pushing
push done
Me nourrir
push process
pushing
push done
Incantation process
for ressource: nourriture(present: 12, need: 0, have: 35)
Take 12 times
push process
pushing
pushing
pushing
pushing
pushing
pushing
pushing
pushing
pushing
pushing
pushing
pushing
push done
for ressource: linemate(present: 1, need: 1, have: 10)
Take 0 times
push process
push done
for ressource: deraumere(present: 9, need: 1, have: 11)
Take 8 times
push process
pushing
pushing
pushing
pushing
pushing
pushing
pushing
pushing
push done
for ressource: sibur(present: 1, need: 1, have: 12)
Take 0 times
push process
push done
for ressource: mendiane(present: 2, need: 0, have: 11)
Take 2 times
push process
pushing
pushing
push done
for ressource: phiras(present: 2, need: 0, have: 13)
Take 2 times
push process
pushing
pushing
push done
for ressource: thystame(present: 2, need: 0, have: 8)
Take 2 times
push process
pushing
pushing
push done
push process
pushing
pushing
pushing
pushing
pushing
pushing
pushing
pushing
pushing
pushing
push done
Prendre ressource necessaire
for ressource linemate (need: 1, present: 1, have: 10)
do nothing
for ressource deraumere (need: 1, present: 9, have: 11)
do nothing
for ressource sibur (need: 1, present: 1, have: 12)
do nothing
for ressource mendiane (need: 0, present: 2, have: 11)
do nothing
for ressource phiras (need: 0, present: 2, have: 13)
do nothing
for ressource thystame (need: 0, present: 2, have: 8)
do nothing
doiing '1 '
doiing '3 '
doiing '6 nourriture'
doiing '6 nourriture'
doiing '6 nourriture'
doiing '6 nourriture'
doiing '6 nourriture'
doiing '6 nourriture'
doiing '6 nourriture'
doiing '6 nourriture'
doiing '6 nourriture'
doiing '6 nourriture'
doiing '6 nourriture'
doiing '6 nourriture'
doiing '6 nourriture'
doiing '6 deraumere'
doiing '6 deraumere'
doiing '6 deraumere'
doiing '6 deraumere'
doiing '6 deraumere'
doiing '6 deraumere'
doiing '6 deraumere'
doiing '6 deraumere'
doiing '6 mendiane'
doiing '6 mendiane'
doiing '6 phiras'
doiing '6 phiras'
doiing '6 thystame'
doiing '6 thystame'
doiing '9 Incant 2'
doiing '9 Incant 2'
doiing '9 Incant 2'
doiing '9 Incant 2'
doiing '9 Incant 2'
doiing '9 Incant 2'
doiing '9 Incant 2'
doiing '9 Incant 2'
doiing '9 Incant 2'
doiing '9 Incant 2'
Avance
push process
pushing
push done
Tourne a gauche
push process
pushing
push done
Me nourrir
push process
pushing
push done
Incantation process
for ressource: nourriture(present: 3, need: 0, have: 39)
Take 3 times
push process
pushing
pushing
pushing
push done
for ressource: linemate(present: 6, need: 1, have: 10)
Take 5 times
push process
pushing
pushing
pushing
pushing
pushing
push done
for ressource: deraumere(present: 1, need: 1, have: 12)
Take 0 times
push process
push done
for ressource: sibur(present: 5, need: 1, have: 12)
Take 4 times
push process
pushing
pushing
pushing
pushing
push done
for ressource: mendiane(present: 1, need: 0, have: 13)
Take 1 times
push process
pushing
push done
for ressource: phiras(present: 0, need: 0, have: 14)
Take 0 times
push process
push done
for ressource: thystame(present: 2, need: 0, have: 10)
Take 2 times
push process
pushing
pushing
push done
push process
pushing
pushing
pushing
pushing
pushing
pushing
pushing
pushing
pushing
pushing
push done
Prendre ressource necessaire
for ressource linemate (need: 1, present: 6, have: 10)
do nothing
for ressource deraumere (need: 1, present: 1, have: 12)
do nothing
for ressource sibur (need: 1, present: 5, have: 12)
do nothing
for ressource mendiane (need: 0, present: 1, have: 13)
do nothing
for ressource phiras (need: 0, present: 0, have: 14)
do nothing
for ressource thystame (need: 0, present: 2, have: 10)
do nothing
doiing '1 '
doiing '3 '
doiing '6 nourriture'
doiing '6 nourriture'
doiing '6 nourriture'
doiing '6 nourriture'
doiing '6 linemate'
doiing '6 linemate'
doiing '6 linemate'
doiing '6 linemate'
doiing '6 linemate'
doiing '6 sibur'
doiing '6 sibur'
doiing '6 sibur'
doiing '6 sibur'
doiing '6 mendiane'
doiing '6 thystame'
doiing '6 thystame'
doiing '9 Incant 2'
doiing '9 Incant 2'
doiing '9 Incant 2'
doiing '9 Incant 2'
doiing '9 Incant 2'
doiing '9 Incant 2'
doiing '9 Incant 2'
doiing '9 Incant 2'
doiing '9 Incant 2'
doiing '9 Incant 2'
Avance
push process
pushing
push done
Tourne a gauche
push process
pushing
push done
Me nourrir
push process
pushing
push done
Incantation process
for ressource: nourriture(present: 8, need: 0, have: 36)
Take 8 times
push process
pushing
pushing
pushing
pushing
pushing
pushing
pushing
pushing
push done
for ressource: linemate(present: 0, need: 1, have: 13)
Drop 1 times
push process
pushing
push done
for ressource: deraumere(present: 4, need: 1, have: 12)
Take 3 times
push process
pushing
pushing
pushing
push done
for ressource: sibur(present: 0, need: 1, have: 13)
Drop 1 times
push process
pushing
push done
for ressource: mendiane(present: 6, need: 0, have: 14)
Take 6 times
push process
pushing
pushing
pushing
pushing
pushing
pushing
push done
for ressource: phiras(present: 8, need: 0, have: 14)
Take 8 times
push process
pushing
pushing
pushing
pushing
pushing
pushing
pushing
pushing
push done
for ressource: thystame(present: 0, need: 0, have: 10)
Take 0 times
push process
push done
push process
pushing
pushing
pushing
pushing
pushing
pushing
pushing
pushing
pushing
pushing
push done
Prendre ressource necessaire
for ressource linemate (need: 1, present: 0, have: 13)
do nothing
for ressource deraumere (need: 1, present: 4, have: 12)
do nothing
for ressource sibur (need: 1, present: 0, have: 13)
do nothing
for ressource mendiane (need: 0, present: 6, have: 14)
do nothing
for ressource phiras (need: 0, present: 8, have: 14)
do nothing
for ressource thystame (need: 0, present: 0, have: 10)
do nothing
doiing '1 '
doiing '3 '
doiing '6 nourriture'
doiing '6 nourriture'
doiing '6 nourriture'
doiing '6 nourriture'
doiing '6 nourriture'
doiing '6 nourriture'
doiing '6 nourriture'
doiing '6 nourriture'
doiing '6 nourriture'
doiing '7 linemate'
doiing '6 deraumere'
doiing '6 deraumere'
doiing '6 deraumere'
doiing '7 sibur'
doiing '6 mendiane'
doiing '6 mendiane'
doiing '6 mendiane'
doiing '6 mendiane'
doiing '6 mendiane'
doiing '6 mendiane'
doiing '6 phiras'
doiing '6 phiras'
doiing '6 phiras'
doiing '6 phiras'
doiing '6 phiras'
doiing '6 phiras'
doiing '6 phiras'
doiing '6 phiras'
doiing '9 Incant 2'
doiing '9 Incant 2'
doiing '9 Incant 2'
doiing '9 Incant 2'
doiing '9 Incant 2'
doiing '9 Incant 2'
doiing '9 Incant 2'
doiing '9 Incant 2'
doiing '9 Incant 2'
doiing '9 Incant 2'
Avance
push process
pushing
push done
Tourne a gauche
push process
pushing
push done
Me nourrir
push process
pushing
push done
Incantation process
for ressource: nourriture(present: 3, need: 0, have: 40)
Take 3 times
push process
pushing
pushing
pushing
push done
for ressource: linemate(present: 1, need: 1, have: 12)
Take 0 times
push process
push done
for ressource: deraumere(present: 0, need: 1, have: 14)
Drop 1 times
push process
pushing
push done
for ressource: sibur(present: 11, need: 1, have: 12)
Take 10 times
push process
pushing
pushing
pushing
pushing
pushing
pushing
pushing
pushing
pushing
pushing
push done
for ressource: mendiane(present: 0, need: 0, have: 15)
Take 0 times
push process
push done
for ressource: phiras(present: 0, need: 0, have: 22)
Take 0 times
push process
push done
for ressource: thystame(present: 8, need: 0, have: 10)
Take 8 times
push process
pushing
pushing
pushing
pushing
pushing
pushing
pushing
pushing
push done
push process
pushing
pushing
pushing
pushing
pushing
pushing
pushing
pushing
pushing
pushing
push done
Prendre ressource necessaire
for ressource linemate (need: 1, present: 1, have: 12)
do nothing
for ressource deraumere (need: 1, present: 0, have: 14)
do nothing
for ressource sibur (need: 1, present: 11, have: 12)
do nothing
for ressource mendiane (need: 0, present: 0, have: 15)
do nothing
for ressource phiras (need: 0, present: 0, have: 22)
do nothing
for ressource thystame (need: 0, present: 8, have: 10)
do nothing
doiing '1 '
doiing '3 '
doiing '6 nourriture'
doiing '6 nourriture'
doiing '6 nourriture'
doiing '6 nourriture'
doiing '7 deraumere'
doiing '6 sibur'
doiing '6 sibur'
doiing '6 sibur'
doiing '6 sibur'
doiing '6 sibur'
doiing '6 sibur'
doiing '6 sibur'
doiing '6 sibur'
doiing '6 sibur'
doiing '6 sibur'
doiing '6 thystame'
doiing '6 thystame'
doiing '6 thystame'
doiing '6 thystame'
doiing '6 thystame'
doiing '6 thystame'
doiing '6 thystame'
doiing '6 thystame'
doiing '9 Incant 2'
doiing '9 Incant 2'
doiing '9 Incant 2'
doiing '9 Incant 2'
doiing '9 Incant 2'
doiing '9 Incant 2'
doiing '9 Incant 2'
doiing '9 Incant 2'
doiing '9 Incant 2'
doiing '9 Incant 2'
Avance
push process
pushing
push done
Tourne a gauche
push process
pushing
push done
Me nourrir
push process
pushing
push done
Incantation process
for ressource: nourriture(present: 17, need: 0, have: 37)
Take 17 times
push process
pushing
pushing
pushing
pushing
pushing
pushing
pushing
pushing
pushing
pushing
pushing
pushing
pushing
pushing
pushing
pushing
pushing
push done
for ressource: linemate(present: 1, need: 1, have: 12)
Take 0 times
push process
push done
for ressource: deraumere(present: 11, need: 1, have: 13)
Take 10 times
push process
pushing
pushing
pushing
pushing
pushing
pushing
pushing
pushing
pushing
pushing
push done
for ressource: sibur(present: 0, need: 1, have: 13)
Drop 1 times
push process
pushing
push done
for ressource: mendiane(present: 3, need: 0, have: 15)
Take 3 times
push process
pushing
pushing
pushing
push done
for ressource: phiras(present: 2, need: 0, have: 22)
Take 2 times
push process
pushing
pushing
push done
for ressource: thystame(present: 0, need: 0, have: 12)
Take 0 times
push process
push done
push process
pushing
pushing
pushing
pushing
pushing
pushing
pushing
pushing
pushing
pushing
push done
Prendre ressource necessaire
for ressource linemate (need: 1, present: 1, have: 12)
do nothing
for ressource deraumere (need: 1, present: 11, have: 13)
do nothing
for ressource sibur (need: 1, present: 0, have: 13)
do nothing
for ressource mendiane (need: 0, present: 3, have: 15)
do nothing
for ressource phiras (need: 0, present: 2, have: 22)
do nothing
for ressource thystame (need: 0, present: 0, have: 12)
do nothing
doiing '1 '
doiing '3 '
doiing '6 nourriture'
doiing '6 nourriture'
doiing '6 nourriture'
doiing '6 nourriture'
doiing '6 nourriture'
doiing '6 nourriture'
doiing '6 nourriture'
doiing '6 nourriture'
doiing '6 nourriture'
doiing '6 nourriture'
doiing '6 nourriture'
doiing '6 nourriture'
doiing '6 nourriture'
doiing '6 nourriture'
doiing '6 nourriture'
doiing '6 nourriture'
doiing '6 nourriture'
doiing '6 nourriture'
doiing '6 deraumere'
doiing '6 deraumere'
doiing '6 deraumere'
doiing '6 deraumere'
doiing '6 deraumere'
doiing '6 deraumere'
doiing '6 deraumere'
doiing '6 deraumere'
doiing '6 deraumere'
doiing '6 deraumere'
doiing '7 sibur'
doiing '6 mendiane'
doiing '6 mendiane'
doiing '6 mendiane'
doiing '6 phiras'
doiing '6 phiras'
doiing '9 Incant 2'
doiing '9 Incant 2'
doiing '9 Incant 2'
doiing '9 Incant 2'
doiing '9 Incant 2'
doiing '9 Incant 2'
doiing '9 Incant 2'
doiing '9 Incant 2'
doiing '9 Incant 2'
doiing '9 Incant 2'
Avance
push process
pushing
push done
Tourne a gauche
push process
pushing
push done
Me nourrir
push process
pushing
push done
Incantation process
for ressource: nourriture(present: 6, need: 0, have: 39)
Take 6 times
push process
pushing
pushing
pushing
pushing
pushing
pushing
push done
for ressource: linemate(present: 7, need: 1, have: 12)
Take 6 times
push process
pushing
pushing
pushing
pushing
pushing
pushing
push done
for ressource: deraumere(present: 1, need: 1, have: 16)
Take 0 times
push process
push done
for ressource: sibur(present: 7, need: 1, have: 12)
Take 6 times
push process
pushing
pushing
pushing
pushing
pushing
pushing
push done
for ressource: mendiane(present: 0, need: 0, have: 16)
Take 0 times
push process
push done
for ressource: phiras(present: 0, need: 0, have: 23)
Take 0 times
push process
push done
for ressource: thystame(present: 4, need: 0, have: 12)
Take 4 times
push process
pushing
pushing
pushing
pushing
push done
push process
pushing
pushing
pushing
pushing
pushing
pushing
pushing
pushing
pushing
pushing
push done
Prendre ressource necessaire
for ressource linemate (need: 1, present: 7, have: 12)
do nothing
for ressource deraumere (need: 1, present: 1, have: 16)
do nothing
for ressource sibur (need: 1, present: 7, have: 12)
do nothing
for ressource mendiane (need: 0, present: 0, have: 16)
do nothing
for ressource phiras (need: 0, present: 0, have: 23)
do nothing
for ressource thystame (need: 0, present: 4, have: 12)
do nothing
doiing '1 '
doiing '3 '
doiing '6 nourriture'
doiing '6 nourriture'
doiing '6 nourriture'
doiing '6 nourriture'
doiing '6 nourriture'
doiing '6 nourriture'
doiing '6 nourriture'
doiing '6 linemate'
doiing '6 linemate'
doiing '6 linemate'
doiing '6 linemate'
doiing '6 linemate'
doiing '6 linemate'
doiing '6 sibur'
doiing '6 sibur'
doiing '6 sibur'
doiing '6 sibur'
doiing '6 sibur'
doiing '6 sibur'
doiing '6 thystame'
doiing '6 thystame'
doiing '6 thystame'
doiing '6 thystame'
doiing '9 Incant 2'
doiing '9 Incant 2'
doiing '9 Incant 2'
doiing '9 Incant 2'
doiing '9 Incant 2'
doiing '9 Incant 2'
doiing '9 Incant 2'
doiing '9 Incant 2'
doiing '9 Incant 2'
doiing '9 Incant 2'
Avance
push process
pushing
push done
Tourne a gauche
push process
pushing
push done
Me nourrir
push process
pushing
push done
Incantation process
for ressource: nourriture(present: 0, need: 0, have: 33)
Take 0 times
push process
push done
for ressource: linemate(present: 0, need: 1, have: 12)
Drop 1 times
push process
pushing
push done
for ressource: deraumere(present: 4, need: 1, have: 16)
Take 3 times
push process
pushing
pushing
pushing
push done
for ressource: sibur(present: 0, need: 1, have: 12)
Drop 1 times
push process
pushing
push done
for ressource: mendiane(present: 6, need: 0, have: 16)
Take 6 times
push process
pushing
pushing
pushing
pushing
pushing
pushing
push done
for ressource: phiras(present: 8, need: 0, have: 23)
Take 8 times
push process
pushing
pushing
pushing
pushing
pushing
pushing
pushing
pushing
push done
for ressource: thystame(present: 0, need: 0, have: 12)
Take 0 times
push process
push done
push process
pushing
pushing
pushing
pushing
pushing
pushing
pushing
pushing
pushing
pushing
push done
Prendre ressource necessaire
for ressource linemate (need: 1, present: 0, have: 12)
do nothing
for ressource deraumere (need: 1, present: 4, have: 16)
do nothing
for ressource sibur (need: 1, present: 0, have: 12)
do nothing
for ressource mendiane (need: 0, present: 6, have: 16)
do nothing
for ressource phiras (need: 0, present: 8, have: 23)
do nothing
for ressource thystame (need: 0, present: 0, have: 12)
do nothing
doiing '1 '
doiing '3 '
doiing '6 nourriture'
doiing '7 linemate'
doiing '6 deraumere'
doiing '6 deraumere'
doiing '6 deraumere'
doiing '7 sibur'
doiing '6 mendiane'
doiing '6 mendiane'
doiing '6 mendiane'
doiing '6 mendiane'
doiing '6 mendiane'
doiing '6 mendiane'
doiing '6 phiras'
doiing '6 phiras'
doiing '6 phiras'
doiing '6 phiras'
doiing '6 phiras'
doiing '6 phiras'
doiing '6 phiras'
doiing '6 phiras'
doiing '9 Incant 2'
doiing '9 Incant 2'
doiing '9 Incant 2'
doiing '9 Incant 2'
doiing '9 Incant 2'
doiing '9 Incant 2'
doiing '9 Incant 2'
doiing '9 Incant 2'
doiing '9 Incant 2'
doiing '9 Incant 2'
Avance
push process
pushing
push done
Tourne a gauche
push process
pushing
push done
Me nourrir
push process
pushing
push done
Incantation process
for ressource: nourriture(present: 7, need: 0, have: 27)
Take 7 times
push process
pushing
pushing
pushing
pushing
pushing
pushing
pushing
push done
for ressource: linemate(present: 4, need: 1, have: 11)
Take 3 times
push process
pushing
pushing
pushing
push done
for ressource: deraumere(present: 0, need: 1, have: 17)
Drop 1 times
push process
pushing
push done
for ressource: sibur(present: 13, need: 1, have: 11)
Take 12 times
push process
pushing
pushing
pushing
pushing
pushing
pushing
pushing
pushing
pushing
pushing
pushing
pushing
push done
for ressource: mendiane(present: 0, need: 0, have: 17)
Take 0 times
push process
push done
for ressource: phiras(present: 0, need: 0, have: 23)
Take 0 times
push process
push done
for ressource: thystame(present: 9, need: 0, have: 12)
Take 9 times
push process
pushing
pushing
pushing
pushing
pushing
pushing
pushing
pushing
pushing
push done
push process
pushing
pushing
pushing
pushing
pushing
pushing
pushing
pushing
pushing
pushing
push done
Prendre ressource necessaire
for ressource linemate (need: 1, present: 4, have: 11)
do nothing
for ressource deraumere (need: 1, present: 0, have: 17)
do nothing
for ressource sibur (need: 1, present: 13, have: 11)
do nothing
for ressource mendiane (need: 0, present: 0, have: 17)
do nothing
for ressource phiras (need: 0, present: 0, have: 23)
do nothing
for ressource thystame (need: 0, present: 9, have: 12)
do nothing
doiing '1 '
doiing '3 '
doiing '6 nourriture'
doiing '6 nourriture'
doiing '6 nourriture'
doiing '6 nourriture'
doiing '6 nourriture'
doiing '6 nourriture'
doiing '6 nourriture'
doiing '6 nourriture'
doiing '6 linemate'
doiing '6 linemate'
doiing '6 linemate'
doiing '7 deraumere'
doiing '6 sibur'
doiing '6 sibur'
doiing '6 sibur'
doiing '6 sibur'
doiing '6 sibur'
doiing '6 sibur'
doiing '6 sibur'
doiing '6 sibur'
doiing '6 sibur'
doiing '6 sibur'
doiing '6 sibur'
doiing '6 sibur'
doiing '6 thystame'
doiing '6 thystame'
doiing '6 thystame'
doiing '6 thystame'
doiing '6 thystame'
doiing '6 thystame'
doiing '6 thystame'
doiing '6 thystame'
doiing '6 thystame'
doiing '9 Incant 2'
doiing '9 Incant 2'
doiing '9 Incant 2'
doiing '9 Incant 2'
doiing '9 Incant 2'
doiing '9 Incant 2'
doiing '9 Incant 2'
doiing '9 Incant 2'
doiing '9 Incant 2'
doiing '9 Incant 2'
Avance
push process
pushing
push done
Tourne a gauche
push process
pushing
push done
Me nourrir
push process
pushing
push done
Incantation process
for ressource: nourriture(present: 11, need: 0, have: 29)
Take 11 times
push process
pushing
pushing
pushing
pushing
pushing
pushing
pushing
pushing
pushing
pushing
pushing
push done
for ressource: linemate(present: 1, need: 1, have: 12)
Take 0 times
push process
push done
for ressource: deraumere(present: 13, need: 1, have: 16)
Take 12 times
push process
pushing
pushing
pushing
pushing
pushing
pushing
pushing
pushing
pushing
pushing
pushing
pushing
push done
for ressource: sibur(present: 0, need: 1, have: 11)
Drop 1 times
push process
pushing
push done
for ressource: mendiane(present: 3, need: 0, have: 17)
Take 3 times
push process
pushing
pushing
pushing
push done
for ressource: phiras(present: 3, need: 0, have: 23)
Take 3 times
push process
pushing
pushing
pushing
push done
for ressource: thystame(present: 0, need: 0, have: 13)
Take 0 times
push process
push done
push process
pushing
pushing
pushing
pushing
pushing
pushing
pushing
pushing
pushing
pushing
push done
Prendre ressource necessaire
for ressource linemate (need: 1, present: 1, have: 12)
do nothing
for ressource deraumere (need: 1, present: 13, have: 16)
do nothing
for ressource sibur (need: 1, present: 0, have: 11)
do nothing
for ressource mendiane (need: 0, present: 3, have: 17)
do nothing
for ressource phiras (need: 0, present: 3, have: 23)
do nothing
for ressource thystame (need: 0, present: 0, have: 13)
do nothing
doiing '1 '
doiing '3 '
doiing '6 nourriture'
doiing '6 nourriture'
doiing '6 nourriture'
doiing '6 nourriture'
doiing '6 nourriture'
doiing '6 nourriture'
doiing '6 nourriture'
doiing '6 nourriture'
doiing '6 nourriture'
doiing '6 nourriture'
doiing '6 nourriture'
doiing '6 nourriture'
doiing '6 deraumere'
doiing '6 deraumere'
doiing '6 deraumere'
doiing '6 deraumere'
doiing '6 deraumere'
doiing '6 deraumere'
doiing '6 deraumere'
doiing '6 deraumere'
doiing '6 deraumere'
doiing '6 deraumere'
doiing '6 deraumere'
doiing '6 deraumere'
doiing '7 sibur'
doiing '6 mendiane'
doiing '6 mendiane'
doiing '6 mendiane'
doiing '6 phiras'
doiing '6 phiras'
doiing '6 phiras'
doiing '9 Incant 2'
doiing '9 Incant 2'
doiing '9 Incant 2'
doiing '9 Incant 2'
doiing '9 Incant 2'
doiing '9 Incant 2'
doiing '9 Incant 2'
doiing '9 Incant 2'
doiing '9 Incant 2'
doiing '9 Incant 2'
Avance
push process
pushing
push done
Tourne a gauche
push process
pushing
push done
Me nourrir
push process
pushing
push done
Incantation process
for ressource: nourriture(present: 0, need: 0, have: 27)
Take 0 times
push process
push done
for ressource: linemate(present: 8, need: 1, have: 12)
Take 7 times
push process
pushing
pushing
pushing
pushing
pushing
pushing
pushing
push done
for ressource: deraumere(present: 0, need: 1, have: 18)
Drop 1 times
push process
pushing
push done
for ressource: sibur(present: 8, need: 1, have: 10)
Take 7 times
push process
pushing
pushing
pushing
pushing
pushing
pushing
pushing
push done
for ressource: mendiane(present: 0, need: 0, have: 18)
Take 0 times
push process
push done
for ressource: phiras(present: 0, need: 0, have: 23)
Take 0 times
push process
push done
for ressource: thystame(present: 4, need: 0, have: 13)
Take 4 times
push process
pushing
pushing
pushing
pushing
push done
push process
pushing
pushing
pushing
pushing
pushing
pushing
pushing
pushing
pushing
pushing
push done
Prendre ressource necessaire
for ressource linemate (need: 1, present: 8, have: 12)
do nothing
for ressource deraumere (need: 1, present: 0, have: 18)
do nothing
for ressource sibur (need: 1, present: 8, have: 10)
do nothing
for ressource mendiane (need: 0, present: 0, have: 18)
do nothing
for ressource phiras (need: 0, present: 0, have: 23)
do nothing
for ressource thystame (need: 0, present: 4, have: 13)
do nothing
doiing '1 '
doiing '3 '
doiing '6 nourriture'
doiing '6 linemate'
doiing '6 linemate'
doiing '6 linemate'
doiing '6 linemate'
doiing '6 linemate'
doiing '6 linemate'
doiing '6 linemate'
doiing '7 deraumere'
doiing '6 sibur'
doiing '6 sibur'
doiing '6 sibur'
doiing '6 sibur'
doiing '6 sibur'
doiing '6 sibur'
doiing '6 sibur'
doiing '6 thystame'
doiing '6 thystame'
doiing '6 thystame'
doiing '6 thystame'
doiing '9 Incant 2'
doiing '9 Incant 2'
doiing '9 Incant 2'
doiing '9 Incant 2'
doiing '9 Incant 2'
doiing '9 Incant 2'
doiing '9 Incant 2'
doiing '9 Incant 2'
doiing '9 Incant 2'
doiing '9 Incant 2'
Avance
push process
pushing
push done
Tourne a gauche
push process
pushing
push done
Me nourrir
push process
pushing
push done
Incantation process
for ressource: nourriture(present: 0, need: 0, have: 19)
Take 0 times
push process
push done
for ressource: linemate(present: 0, need: 1, have: 12)
Drop 1 times
push process
pushing
push done
for ressource: deraumere(present: 5, need: 1, have: 17)
Take 4 times
push process
pushing
pushing
pushing
pushing
push done
for ressource: sibur(present: 0, need: 1, have: 10)
Drop 1 times
push process
pushing
push done
for ressource: mendiane(present: 6, need: 0, have: 18)
Take 6 times
push process
pushing
pushing
pushing
pushing
pushing
pushing
push done
for ressource: phiras(present: 8, need: 0, have: 23)
Take 8 times
push process
pushing
pushing
pushing
pushing
pushing
pushing
pushing
pushing
push done
for ressource: thystame(present: 0, need: 0, have: 13)
Take 0 times
push process
push done
push process
pushing
pushing
pushing
pushing
pushing
pushing
pushing
pushing
pushing
pushing
push done
Prendre ressource necessaire
for ressource linemate (need: 1, present: 0, have: 12)
do nothing
for ressource deraumere (need: 1, present: 5, have: 17)
do nothing
for ressource sibur (need: 1, present: 0, have: 10)
do nothing
for ressource mendiane (need: 0, present: 6, have: 18)
do nothing
for ressource phiras (need: 0, present: 8, have: 23)
do nothing
for ressource thystame (need: 0, present: 0, have: 13)
do nothing
doiing '1 '
doiing '3 '
doiing '6 nourriture'
doiing '7 linemate'
doiing '6 deraumere'
doiing '6 deraumere'
doiing '6 deraumere'
doiing '6 deraumere'
doiing '7 sibur'
doiing '6 mendiane'
doiing '6 mendiane'
doiing '6 mendiane'
doiing '6 mendiane'
doiing '6 mendiane'
doiing '6 mendiane'
doiing '6 phiras'
doiing '6 phiras'
doiing '6 phiras'
doiing '6 phiras'
doiing '6 phiras'
doiing '6 phiras'
doiing '6 phiras'
doiing '6 phiras'
doiing '9 Incant 2'
doiing '9 Incant 2'
doiing '9 Incant 2'
doiing '9 Incant 2'
doiing '9 Incant 2'
doiing '9 Incant 2'
doiing '9 Incant 2'
doiing '9 Incant 2'
doiing '9 Incant 2'
doiing '9 Incant 2'
Avance
push process
pushing
push done
Tourne a gauche
push process
pushing
push done
Me nourrir
push process
pushing
push done
Incantation process
for ressource: nourriture(present: 6, need: 0, have: 15)
Take 6 times
push process
pushing
pushing
pushing
pushing
pushing
pushing
push done
for ressource: linemate(present: 5, need: 1, have: 11)
Take 4 times
push process
pushing
pushing
pushing
pushing
push done
for ressource: deraumere(present: 0, need: 1, have: 17)
Drop 1 times
push process
pushing
push done
for ressource: sibur(present: 14, need: 1, have: 9)
Take 13 times
push process
pushing
pushing
pushing
pushing
pushing
pushing
pushing
pushing
pushing
pushing
pushing
pushing
pushing
push done
for ressource: mendiane(present: 0, need: 0, have: 18)
Take 0 times
push process
push done
for ressource: phiras(present: 0, need: 0, have: 23)
Take 0 times
push process
push done
for ressource: thystame(present: 9, need: 0, have: 13)
Take 9 times
push process
pushing
pushing
pushing
pushing
pushing
pushing
pushing
pushing
pushing
push done
push process
pushing
pushing
pushing
pushing
pushing
pushing
pushing
pushing
pushing
pushing
push done
Prendre ressource necessaire
for ressource linemate (need: 1, present: 5, have: 11)
do nothing
for ressource deraumere (need: 1, present: 0, have: 17)
do nothing
for ressource sibur (need: 1, present: 14, have: 9)
do nothing
for ressource mendiane (need: 0, present: 0, have: 18)
do nothing
for ressource phiras (need: 0, present: 0, have: 23)
do nothing
for ressource thystame (need: 0, present: 9, have: 13)
do nothing
doiing '1 '
doiing '3 '
doiing '6 nourriture'
doiing '6 nourriture'
doiing '6 nourriture'
doiing '6 nourriture'
doiing '6 nourriture'
doiing '6 nourriture'
doiing '6 nourriture'
doiing '6 linemate'
doiing '6 linemate'
doiing '6 linemate'
doiing '6 linemate'
doiing '7 deraumere'
doiing '6 sibur'
doiing '6 sibur'
doiing '6 sibur'
doiing '6 sibur'
doiing '6 sibur'
doiing '6 sibur'
doiing '6 sibur'
doiing '6 sibur'
doiing '6 sibur'
doiing '6 sibur'
doiing '6 sibur'
doiing '6 sibur'
doiing '6 sibur'
doiing '6 thystame'
doiing '6 thystame'
doiing '6 thystame'
doiing '6 thystame'
doiing '6 thystame'
doiing '6 thystame'
doiing '6 thystame'
doiing '6 thystame'
doiing '6 thystame'
doiing '9 Incant 2'
doiing '9 Incant 2'
doiing '9 Incant 2'
doiing '9 Incant 2'
doiing '9 Incant 2'
doiing '9 Incant 2'
doiing '9 Incant 2'
doiing '9 Incant 2'
doiing '9 Incant 2'
doiing '9 Incant 2'
Avance
push process
pushing
push done
Tourne a gauche
push process
pushing
push done
Me nourrir
push process
pushing
push done
Incantation process
for ressource: nourriture(present: 4, need: 0, have: 16)
Take 4 times
push process
pushing
pushing
pushing
pushing
push done
for ressource: linemate(present: 0, need: 1, have: 12)
Drop 1 times
push process
pushing
push done
for ressource: deraumere(present: 14, need: 1, have: 16)
Take 13 times
push process
pushing
pushing
pushing
pushing
pushing
pushing
pushing
pushing
pushing
pushing
pushing
pushing
pushing
push done
for ressource: sibur(present: 0, need: 1, have: 10)
Drop 1 times
push process
pushing
push done
for ressource: mendiane(present: 3, need: 0, have: 18)
Take 3 times
push process
pushing
pushing
pushing
push done
for ressource: phiras(present: 3, need: 0, have: 23)
Take 3 times
push process
pushing
pushing
pushing
push done
for ressource: thystame(present: 0, need: 0, have: 14)
Take 0 times
push process
push done
push process
pushing
pushing
pushing
pushing
pushing
pushing
pushing
pushing
pushing
pushing
push done
Prendre ressource necessaire
for ressource linemate (need: 1, present: 0, have: 12)
do nothing
for ressource deraumere (need: 1, present: 14, have: 16)
do nothing
for ressource sibur (need: 1, present: 0, have: 10)
do nothing
for ressource mendiane (need: 0, present: 3, have: 18)
do nothing
for ressource phiras (need: 0, present: 3, have: 23)
do nothing
for ressource thystame (need: 0, present: 0, have: 14)
do nothing
doiing '1 '
doiing '3 '
doiing '6 nourriture'
doiing '6 nourriture'
doiing '6 nourriture'
doiing '6 nourriture'
doiing '6 nourriture'
doiing '7 linemate'
doiing '6 deraumere'
doiing '6 deraumere'
doiing '6 deraumere'
doiing '6 deraumere'
doiing '6 deraumere'
doiing '6 deraumere'
doiing '6 deraumere'
doiing '6 deraumere'
doiing '6 deraumere'
doiing '6 deraumere'
doiing '6 deraumere'
doiing '6 deraumere'
doiing '6 deraumere'
doiing '7 sibur'
doiing '6 mendiane'
doiing '6 mendiane'
doiing '6 mendiane'
doiing '6 phiras'
doiing '6 phiras'
doiing '6 phiras'
doiing '9 Incant 2'
doiing '9 Incant 2'
doiing '9 Incant 2'
doiing '9 Incant 2'
doiing '9 Incant 2'
doiing '9 Incant 2'
doiing '9 Incant 2'
doiing '9 Incant 2'
doiing '9 Incant 2'
doiing '9 Incant 2'
Avance
push process
pushing
push done
Tourne a gauche
push process
pushing
push done
Me nourrir
push process
pushing
push done
Incantation process
for ressource: nourriture(present: 0, need: 0, have: 8)
Take 0 times
push process
push done
for ressource: linemate(present: 9, need: 1, have: 11)
Take 8 times
push process
pushing
pushing
pushing
pushing
pushing
pushing
pushing
pushing
push done
for ressource: deraumere(present: 0, need: 1, have: 16)
Drop 1 times
push process
pushing
push done
for ressource: sibur(present: 9, need: 1, have: 9)
Take 8 times
push process
pushing
pushing
pushing
pushing
pushing
pushing
pushing
pushing
push done
for ressource: mendiane(present: 0, need: 0, have: 18)
Take 0 times
push process
push done
for ressource: phiras(present: 0, need: 0, have: 23)
Take 0 times
push process
push done
for ressource: thystame(present: 4, need: 0, have: 14)
Take 4 times
push process
pushing
pushing
pushing
pushing
push done
push process
pushing
pushing
pushing
pushing
pushing
pushing
pushing
pushing
pushing
pushing
push done
Prendre ressource necessaire
for ressource linemate (need: 1, present: 9, have: 11)
do nothing
for ressource deraumere (need: 1, present: 0, have: 16)
do nothing
for ressource sibur (need: 1, present: 9, have: 9)
do nothing
for ressource mendiane (need: 0, present: 0, have: 18)
do nothing
for ressource phiras (need: 0, present: 0, have: 23)
do nothing
for ressource thystame (need: 0, present: 4, have: 14)
do nothing
doiing '1 '
doiing '3 '
doiing '6 nourriture'
doiing '6 linemate'
doiing '6 linemate'
doiing '6 linemate'
doiing '6 linemate'
doiing '6 linemate'
doiing '6 linemate'
doiing '6 linemate'
doiing '6 linemate'
doiing '7 deraumere'
doiing '6 sibur'
[31mPlayer die[0m
