    setting weight of 1
    setting weight of 2
    setting weight of 1
    setting weight of 2
    setting weight of 3
    setting weight of 4
    setting weight of 5
    setting weight of 1
    setting weight of 2
    setting weight of 1
    setting weight of 2
    setting weight of 3
    setting weight of 4
    setting weight of 5
    setting weight of 6
ip : 127.0.0.1
port : 4242
team name : toto
IA : ./lua/neuralia.lua
Avance
push process
pushing
push done
Tourne a droite
push process
pushing
push done
Incantation process
for ressource: nourriture(present: 16, need: 0, have: 9)
Take 16 times
push process
pushing
pushing
pushing
pushing
pushing
pushing
pushing
pushing
pushing
pushing
pushing
pushing
pushing
pushing
pushing
pushing
push done
for ressource: linemate(present: 4, need: 1, have: 0)
Take 3 times
push process
pushing
pushing
pushing
push done
for ressource: deraumere(present: 1, need: 0, have: 0)
Take 1 times
push process
pushing
push done
for ressource: sibur(present: 2, need: 0, have: 0)
Take 2 times
push process
pushing
pushing
push done
for ressource: mendiane(present: 1, need: 0, have: 0)
Take 1 times
push process
pushing
push done
for ressource: phiras(present: 2, need: 0, have: 0)
Take 2 times
push process
pushing
pushing
push done
for ressource: thystame(present: 3, need: 0, have: 0)
Take 3 times
push process
pushing
pushing
pushing
push done
Prendre ressource necessaire
for ressource linemate (need: 1, present: 4, have: 0)
taking 1 times
push process
pushing
push done
for ressource deraumere (need: 0, present: 1, have: 0)
do nothing
for ressource sibur (need: 0, present: 2, have: 0)
do nothing
for ressource mendiane (need: 0, present: 1, have: 0)
do nothing
for ressource phiras (need: 0, present: 2, have: 0)
do nothing
for ressource thystame (need: 0, present: 3, have: 0)
do nothing
doiing '1 '
doiing '2 '
doiing '6 nourriture'
doiing '6 nourriture'
doiing '6 nourriture'
doiing '6 nourriture'
doiing '6 nourriture'
doiing '6 nourriture'
doiing '6 nourriture'
doiing '6 nourriture'
doiing '6 nourriture'
doiing '6 nourriture'
doiing '6 nourriture'
doiing '6 nourriture'
doiing '6 nourriture'
doiing '6 nourriture'
doiing '6 nourriture'
doiing '6 nourriture'
doiing '6 linemate'
doiing '6 linemate'
doiing '6 linemate'
doiing '6 deraumere'
doiing '6 sibur'
doiing '6 sibur'
doiing '6 mendiane'
doiing '6 phiras'
doiing '6 phiras'
doiing '6 thystame'
doiing '6 thystame'
doiing '6 thystame'
doiing '6 linemate'
Avance
push process
pushing
push done
Tourne a droite
push process
pushing
push done
Incantation process
for ressource: nourriture(present: 13, need: 0, have: 25)
Take 13 times
push process
pushing
pushing
pushing
pushing
pushing
pushing
pushing
pushing
pushing
pushing
pushing
pushing
pushing
push done
for ressource: linemate(present: 2, need: 1, have: 4)
Take 1 times
push process
pushing
push done
for ressource: deraumere(present: 1, need: 0, have: 1)
Take 1 times
push process
pushing
push done
for ressource: sibur(present: 7, need: 0, have: 2)
Take 7 times
push process
pushing
pushing
pushing
pushing
pushing
pushing
pushing
push done
for ressource: mendiane(present: 5, need: 0, have: 1)
Take 5 times
push process
pushing
pushing
pushing
pushing
pushing
push done
for ressource: phiras(present: 8, need: 0, have: 2)
Take 8 times
push process
pushing
pushing
pushing
pushing
pushing
pushing
pushing
pushing
push done
for ressource: thystame(present: 4, need: 0, have: 3)
Take 4 times
push process
pushing
pushing
pushing
pushing
push done
Prendre ressource necessaire
for ressource linemate (need: 1, present: 2, have: 4)
do nothing
for ressource deraumere (need: 0, present: 1, have: 1)
do nothing
for ressource sibur (need: 0, present: 7, have: 2)
do nothing
for ressource mendiane (need: 0, present: 5, have: 1)
do nothing
for ressource phiras (need: 0, present: 8, have: 2)
do nothing
for ressource thystame (need: 0, present: 4, have: 3)
do nothing
doiing '1 '
doiing '2 '
doiing '6 nourriture'
doiing '6 nourriture'
doiing '6 nourriture'
doiing '6 nourriture'
doiing '6 nourriture'
doiing '6 nourriture'
doiing '6 nourriture'
doiing '6 nourriture'
doiing '6 nourriture'
doiing '6 nourriture'
doiing '6 nourriture'
doiing '6 nourriture'
doiing '6 nourriture'
doiing '6 linemate'
doiing '6 deraumere'
doiing '6 sibur'
doiing '6 sibur'
doiing '6 sibur'
doiing '6 sibur'
doiing '6 sibur'
doiing '6 sibur'
doiing '6 sibur'
doiing '6 mendiane'
doiing '6 mendiane'
doiing '6 mendiane'
doiing '6 mendiane'
doiing '6 mendiane'
doiing '6 phiras'
doiing '6 phiras'
doiing '6 phiras'
doiing '6 phiras'
doiing '6 phiras'
doiing '6 phiras'
doiing '6 phiras'
doiing '6 phiras'
doiing '6 thystame'
doiing '6 thystame'
doiing '6 thystame'
doiing '6 thystame'
Avance
push process
pushing
push done
Tourne a droite
push process
pushing
push done
Incantation process
for ressource: nourriture(present: 5, need: 0, have: 27)
Take 5 times
push process
pushing
pushing
pushing
pushing
pushing
push done
for ressource: linemate(present: 3, need: 1, have: 5)
Take 2 times
push process
pushing
pushing
push done
for ressource: deraumere(present: 7, need: 0, have: 2)
Take 7 times
push process
pushing
pushing
pushing
pushing
pushing
pushing
pushing
push done
for ressource: sibur(present: 0, need: 0, have: 4)
Take 0 times
push process
push done
for ressource: mendiane(present: 0, need: 0, have: 5)
Take 0 times
push process
push done
for ressource: phiras(present: 0, need: 0, have: 5)
Take 0 times
push process
push done
for ressource: thystame(present: 0, need: 0, have: 4)
Take 0 times
push process
push done
Prendre ressource necessaire
for ressource linemate (need: 1, present: 3, have: 5)
do nothing
for ressource deraumere (need: 0, present: 7, have: 2)
do nothing
for ressource sibur (need: 0, present: 0, have: 4)
do nothing
for ressource mendiane (need: 0, present: 0, have: 5)
do nothing
for ressource phiras (need: 0, present: 0, have: 5)
do nothing
for ressource thystame (need: 0, present: 0, have: 4)
do nothing
doiing '1 '
doiing '2 '
doiing '6 nourriture'
doiing '6 nourriture'
doiing '6 nourriture'
doiing '6 nourriture'
doiing '6 nourriture'
doiing '6 linemate'
doiing '6 linemate'
doiing '6 deraumere'
doiing '6 deraumere'
doiing '6 deraumere'
doiing '6 deraumere'
doiing '6 deraumere'
doiing '6 deraumere'
doiing '6 deraumere'
Avance
push process
pushing
push done
Tourne a droite
push process
pushing
push done
Incantation process
for ressource: nourriture(present: 2, need: 0, have: 19)
Take 2 times
push process
pushing
pushing
push done
for ressource: linemate(present: 1, need: 1, have: 6)
Take 0 times
push process
push done
for ressource: deraumere(present: 0, need: 0, have: 3)
Take 0 times
push process
push done
for ressource: sibur(present: 0, need: 0, have: 4)
Take 0 times
push process
push done
for ressource: mendiane(present: 0, need: 0, have: 5)
Take 0 times
push process
push done
for ressource: phiras(present: 0, need: 0, have: 5)
Take 0 times
push process
push done
for ressource: thystame(present: 0, need: 0, have: 4)
Take 0 times
push process
push done
Prendre ressource necessaire
for ressource linemate (need: 1, present: 1, have: 6)
do nothing
for ressource deraumere (need: 0, present: 0, have: 3)
do nothing
for ressource sibur (need: 0, present: 0, have: 4)
do nothing
for ressource mendiane (need: 0, present: 0, have: 5)
do nothing
for ressource phiras (need: 0, present: 0, have: 5)
do nothing
for ressource thystame (need: 0, present: 0, have: 4)
do nothing
doiing '1 '
doiing '2 '
doiing '6 nourriture'
doiing '6 nourriture'
Avance
push process
pushing
push done
Tourne a droite
push process
pushing
push done
Incantation process
for ressource: nourriture(present: 54, need: 0, have: 19)
Take 54 times
push process
pushing
pushing
pushing
pushing
pushing
pushing
pushing
pushing
pushing
pushing
pushing
pushing
pushing
pushing
pushing
pushing
pushing
pushing
pushing
pushing
pushing
pushing
pushing
pushing
pushing
pushing
pushing
pushing
pushing
pushing
pushing
pushing
pushing
pushing
pushing
pushing
pushing
pushing
pushing
pushing
pushing
pushing
pushing
pushing
pushing
pushing
pushing
pushing
pushing
pushing
pushing
pushing
pushing
pushing
push done
for ressource: linemate(present: 10, need: 1, have: 6)
Take 9 times
push process
pushing
pushing
pushing
pushing
pushing
pushing
pushing
pushing
pushing
push done
for ressource: deraumere(present: 8, need: 0, have: 3)
Take 8 times
push process
pushing
pushing
pushing
pushing
pushing
pushing
pushing
pushing
push done
for ressource: sibur(present: 10, need: 0, have: 4)
Take 10 times
push process
pushing
pushing
pushing
pushing
pushing
pushing
pushing
pushing
pushing
pushing
push done
for ressource: mendiane(present: 7, need: 0, have: 5)
Take 7 times
push process
pushing
pushing
pushing
pushing
pushing
pushing
pushing
push done
for ressource: phiras(present: 11, need: 0, have: 5)
Take 11 times
push process
pushing
pushing
pushing
pushing
pushing
pushing
pushing
pushing
pushing
pushing
pushing
push done
for ressource: thystame(present: 6, need: 0, have: 4)
Take 6 times
push process
pushing
pushing
pushing
pushing
pushing
pushing
push done
Prendre ressource necessaire
for ressource linemate (need: 1, present: 10, have: 6)
do nothing
for ressource deraumere (need: 0, present: 8, have: 3)
do nothing
for ressource sibur (need: 0, present: 10, have: 4)
do nothing
for ressource mendiane (need: 0, present: 7, have: 5)
do nothing
for ressource phiras (need: 0, present: 11, have: 5)
do nothing
for ressource thystame (need: 0, present: 6, have: 4)
do nothing
doiing '1 '
doiing '2 '
doiing '6 nourriture'
doiing '6 nourriture'
doiing '6 nourriture'
doiing '6 nourriture'
doiing '6 nourriture'
doiing '6 nourriture'
doiing '6 nourriture'
doiing '6 nourriture'
doiing '6 nourriture'
doiing '6 nourriture'
doiing '6 nourriture'
doiing '6 nourriture'
doiing '6 nourriture'
doiing '6 nourriture'
doiing '6 nourriture'
doiing '6 nourriture'
doiing '6 nourriture'
doiing '6 nourriture'
doiing '6 nourriture'
doiing '6 nourriture'
doiing '6 nourriture'
doiing '6 nourriture'
doiing '6 nourriture'
doiing '6 nourriture'
doiing '6 nourriture'
doiing '6 nourriture'
doiing '6 nourriture'
doiing '6 nourriture'
doiing '6 nourriture'
doiing '6 nourriture'
doiing '6 nourriture'
doiing '6 nourriture'
doiing '6 nourriture'
doiing '6 nourriture'
doiing '6 nourriture'
doiing '6 nourriture'
doiing '6 nourriture'
doiing '6 nourriture'
doiing '6 nourriture'
doiing '6 nourriture'
doiing '6 nourriture'
doiing '6 nourriture'
doiing '6 nourriture'
doiing '6 nourriture'
doiing '6 nourriture'
doiing '6 nourriture'
doiing '6 nourriture'
doiing '6 nourriture'
doiing '6 nourriture'
doiing '6 nourriture'
doiing '6 nourriture'
doiing '6 nourriture'
doiing '6 nourriture'
doiing '6 nourriture'
doiing '6 linemate'
doiing '6 linemate'
doiing '6 linemate'
doiing '6 linemate'
doiing '10 '
You have been upgraded: 'niveau actuel : 2'
Avance
push process
pushing
push done
Tourne a droite
push process
pushing
push done
Incantation process
for ressource: nourriture(present: 0, need: 0, have: 42)
Take 0 times
push process
push done
for ressource: linemate(present: 1, need: 1, have: 10)
Take 0 times
push process
push done
for ressource: deraumere(present: 1, need: 1, have: 3)
Take 0 times
push process
push done
for ressource: sibur(present: 8, need: 1, have: 4)
Take 7 times
push process
pushing
pushing
pushing
pushing
pushing
pushing
pushing
push done
for ressource: mendiane(present: 1, need: 0, have: 5)
Take 1 times
push process
pushing
push done
for ressource: phiras(present: 6, need: 0, have: 5)
Take 6 times
push process
pushing
pushing
pushing
pushing
pushing
pushing
push done
for ressource: thystame(present: 7, need: 0, have: 4)
Take 7 times
push process
pushing
pushing
pushing
pushing
pushing
pushing
pushing
push done
push process
pushing
pushing
pushing
pushing
pushing
pushing
pushing
pushing
pushing
pushing
push done
Prendre ressource necessaire
for ressource linemate (need: 1, present: 1, have: 10)
do nothing
for ressource deraumere (need: 1, present: 1, have: 3)
do nothing
for ressource sibur (need: 1, present: 8, have: 4)
do nothing
for ressource mendiane (need: 0, present: 1, have: 5)
do nothing
for ressource phiras (need: 0, present: 6, have: 5)
do nothing
for ressource thystame (need: 0, present: 7, have: 4)
do nothing
doiing '1 '
doiing '2 '
doiing '6 sibur'
doiing '6 sibur'
doiing '6 sibur'
doiing '6 sibur'
doiing '6 sibur'
doiing '6 sibur'
doiing '6 sibur'
doiing '6 mendiane'
doiing '6 phiras'
doiing '6 phiras'
doiing '6 phiras'
doiing '6 phiras'
doiing '6 phiras'
doiing '6 phiras'
doiing '6 thystame'
doiing '6 thystame'
doiing '6 thystame'
doiing '6 thystame'
doiing '6 thystame'
doiing '6 thystame'
doiing '6 thystame'
doiing '9 Incant 2'
doiing '9 Incant 2'
doiing '9 Incant 2'
doiing '9 Incant 2'
doiing '9 Incant 2'
doiing '9 Incant 2'
doiing '9 Incant 2'
doiing '9 Incant 2'
doiing '9 Incant 2'
doiing '9 Incant 2'
Avance
push process
pushing
push done
Tourne a droite
push process
pushing
push done
Incantation process
for ressource: nourriture(present: 15, need: 0, have: 29)
Take 15 times
push process
pushing
pushing
pushing
pushing
pushing
pushing
pushing
pushing
pushing
pushing
pushing
pushing
pushing
pushing
pushing
push done
for ressource: linemate(present: 0, need: 1, have: 10)
Drop 1 times
push process
pushing
push done
for ressource: deraumere(present: 9, need: 1, have: 3)
Take 8 times
push process
pushing
pushing
pushing
pushing
pushing
pushing
pushing
pushing
push done
for ressource: sibur(present: 0, need: 1, have: 6)
Drop 1 times
push process
pushing
push done
for ressource: mendiane(present: 2, need: 0, have: 6)
Take 2 times
push process
pushing
pushing
push done
for ressource: phiras(present: 0, need: 0, have: 7)
Take 0 times
push process
push done
for ressource: thystame(present: 0, need: 0, have: 6)
Take 0 times
push process
push done
push process
pushing
pushing
pushing
pushing
pushing
pushing
pushing
pushing
pushing
pushing
push done
Prendre ressource necessaire
for ressource linemate (need: 1, present: 0, have: 10)
do nothing
for ressource deraumere (need: 1, present: 9, have: 3)
do nothing
for ressource sibur (need: 1, present: 0, have: 6)
do nothing
for ressource mendiane (need: 0, present: 2, have: 6)
do nothing
for ressource phiras (need: 0, present: 0, have: 7)
do nothing
for ressource thystame (need: 0, present: 0, have: 6)
do nothing
doiing '1 '
doiing '10 '
You have been upgraded: 'niveau actuel : 3'
Avance
push process
pushing
push done
Tourne a droite
push process
pushing
push done
Incantation process
for ressource: nourriture(present: 0, need: 0, have: 22)
Take 0 times
push process
push done
for ressource: linemate(present: 1, need: 2, have: 10)
Drop 1 times
push process
pushing
push done
for ressource: deraumere(present: 1, need: 0, have: 3)
Take 1 times
push process
pushing
push done
for ressource: sibur(present: 1, need: 1, have: 6)
Take 0 times
push process
push done
for ressource: mendiane(present: 0, need: 0, have: 6)
Take 0 times
push process
push done
for ressource: phiras(present: 0, need: 2, have: 7)
Drop 2 times
push process
pushing
pushing
push done
for ressource: thystame(present: 0, need: 0, have: 6)
Take 0 times
push process
push done
Prendre ressource necessaire
for ressource linemate (need: 2, present: 1, have: 10)
do nothing
for ressource deraumere (need: 0, present: 1, have: 3)
do nothing
for ressource sibur (need: 1, present: 1, have: 6)
do nothing
for ressource mendiane (need: 0, present: 0, have: 6)
do nothing
for ressource phiras (need: 2, present: 0, have: 7)
do nothing
for ressource thystame (need: 0, present: 0, have: 6)
do nothing
doiing '1 '
doiing '2 '
doiing '7 linemate'
doiing '6 deraumere'
doiing '7 phiras'
doiing '7 phiras'
Avance
push process
pushing
push done
Tourne a droite
push process
pushing
push done
Incantation process
for ressource: nourriture(present: 30, need: 0, have: 20)
Take 30 times
push process
pushing
pushing
pushing
pushing
pushing
pushing
pushing
pushing
pushing
pushing
pushing
pushing
pushing
pushing
pushing
pushing
pushing
pushing
pushing
pushing
pushing
pushing
pushing
pushing
pushing
pushing
pushing
pushing
pushing
pushing
push done
for ressource: linemate(present: 5, need: 2, have: 9)
Take 3 times
push process
pushing
pushing
pushing
push done
for ressource: deraumere(present: 4, need: 0, have: 4)
Take 4 times
push process
pushing
pushing
pushing
pushing
push done
for ressource: sibur(present: 4, need: 1, have: 6)
Take 3 times
push process
pushing
pushing
pushing
push done
for ressource: mendiane(present: 5, need: 0, have: 6)
Take 5 times
push process
pushing
pushing
pushing
pushing
pushing
push done
for ressource: phiras(present: 9, need: 2, have: 5)
Take 7 times
push process
pushing
pushing
pushing
pushing
pushing
pushing
pushing
push done
for ressource: thystame(present: 4, need: 0, have: 6)
Take 4 times
push process
pushing
pushing
pushing
pushing
push done
push process
pushing
pushing
pushing
pushing
pushing
pushing
pushing
pushing
pushing
pushing
push done
Prendre ressource necessaire
for ressource linemate (need: 2, present: 5, have: 9)
do nothing
for ressource deraumere (need: 0, present: 4, have: 4)
do nothing
for ressource sibur (need: 1, present: 4, have: 6)
do nothing
for ressource mendiane (need: 0, present: 5, have: 6)
do nothing
for ressource phiras (need: 2, present: 9, have: 5)
do nothing
for ressource thystame (need: 0, present: 4, have: 6)
do nothing
doiing '1 '
doiing '2 '
doiing '6 nourriture'
doiing '6 nourriture'
doiing '6 nourriture'
doiing '6 nourriture'
doiing '6 nourriture'
doiing '6 nourriture'
doiing '6 nourriture'
doiing '6 nourriture'
doiing '6 nourriture'
doiing '6 nourriture'
doiing '6 nourriture'
doiing '6 nourriture'
doiing '6 nourriture'
doiing '6 nourriture'
doiing '6 nourriture'
doiing '6 nourriture'
doiing '6 nourriture'
doiing '6 nourriture'
doiing '6 nourriture'
doiing '6 nourriture'
doiing '6 nourriture'
doiing '6 nourriture'
doiing '6 nourriture'
doiing '6 nourriture'
doiing '6 nourriture'
doiing '6 nourriture'
doiing '6 nourriture'
doiing '6 nourriture'
doiing '6 nourriture'
doiing '6 nourriture'
doiing '6 linemate'
doiing '6 linemate'
doiing '6 linemate'
doiing '6 deraumere'
doiing '6 deraumere'
doiing '6 deraumere'
doiing '6 deraumere'
doiing '6 sibur'
doiing '6 sibur'
doiing '6 sibur'
doiing '6 mendiane'
doiing '6 mendiane'
doiing '6 mendiane'
doiing '6 mendiane'
doiing '6 mendiane'
doiing '6 phiras'
doiing '6 phiras'
doiing '6 phiras'
doiing '6 phiras'
doiing '6 phiras'
doiing '6 phiras'
doiing '6 phiras'
doiing '6 thystame'
doiing '6 thystame'
doiing '6 thystame'
doiing '6 thystame'
doiing '9 Incant 3'
doiing '9 Incant 3'
doiing '9 Incant 3'
doiing '9 Incant 3'
doiing '9 Incant 3'
doiing '9 Incant 3'
doiing '9 Incant 3'
doiing '9 Incant 3'
doiing '9 Incant 3'
doiing '9 Incant 3'
Avance
push process
pushing
push done
Tourne a droite
push process
pushing
push done
Incantation process
for ressource: nourriture(present: 4, need: 0, have: 50)
Take 4 times
push process
pushing
pushing
pushing
pushing
push done
for ressource: linemate(present: 2, need: 2, have: 12)
Take 0 times
push process
push done
for ressource: deraumere(present: 1, need: 0, have: 8)
Take 1 times
push process
pushing
push done
for ressource: sibur(present: 4, need: 1, have: 9)
Take 3 times
push process
pushing
pushing
pushing
push done
for ressource: mendiane(present: 0, need: 0, have: 8)
Take 0 times
push process
push done
for ressource: phiras(present: 0, need: 2, have: 12)
Drop 2 times
push process
pushing
pushing
push done
for ressource: thystame(present: 0, need: 0, have: 10)
Take 0 times
push process
push done
push process
pushing
pushing
pushing
pushing
pushing
pushing
pushing
pushing
pushing
pushing
push done
Prendre ressource necessaire
for ressource linemate (need: 2, present: 2, have: 12)
do nothing
for ressource deraumere (need: 0, present: 1, have: 8)
do nothing
for ressource sibur (need: 1, present: 4, have: 9)
do nothing
for ressource mendiane (need: 0, present: 0, have: 8)
do nothing
for ressource phiras (need: 2, present: 0, have: 12)
do nothing
for ressource thystame (need: 0, present: 0, have: 10)
do nothing
doiing '1 '
doiing '2 '
doiing '6 nourriture'
doiing '6 nourriture'
doiing '6 nourriture'
doiing '6 nourriture'
doiing '6 deraumere'
doiing '6 sibur'
doiing '6 sibur'
doiing '6 sibur'
doiing '7 phiras'
doiing '7 phiras'
doiing '9 Incant 3'
doiing '9 Incant 3'
doiing '9 Incant 3'
doiing '9 Incant 3'
doiing '9 Incant 3'
doiing '9 Incant 3'
doiing '9 Incant 3'
doiing '9 Incant 3'
doiing '9 Incant 3'
doiing '9 Incant 3'
Avance
push process
pushing
push done
Tourne a droite
push process
pushing
push done
Incantation process
for ressource: nourriture(present: 68, need: 0, have: 40)
Take 68 times
push process
pushing
pushing
pushing
pushing
pushing
pushing
pushing
pushing
pushing
pushing
pushing
pushing
pushing
pushing
pushing
pushing
pushing
pushing
pushing
pushing
pushing
pushing
pushing
pushing
pushing
pushing
pushing
pushing
pushing
pushing
pushing
pushing
pushing
pushing
pushing
pushing
pushing
pushing
pushing
pushing
pushing
pushing
pushing
pushing
pushing
pushing
pushing
pushing
pushing
pushing
pushing
pushing
pushing
pushing
pushing
pushing
pushing
pushing
pushing
pushing
pushing
pushing
pushing
pushing
pushing
pushing
pushing
pushing
push done
for ressource: linemate(present: 14, need: 2, have: 12)
Take 12 times
push process
pushing
pushing
pushing
pushing
pushing
pushing
pushing
pushing
pushing
pushing
pushing
pushing
push done
for ressource: deraumere(present: 10, need: 0, have: 9)
Take 10 times
push process
pushing
pushing
pushing
pushing
pushing
pushing
pushing
pushing
pushing
pushing
push done
for ressource: sibur(present: 9, need: 1, have: 12)
Take 8 times
push process
pushing
pushing
pushing
pushing
pushing
pushing
pushing
pushing
push done
for ressource: mendiane(present: 11, need: 0, have: 8)
Take 11 times
push process
pushing
pushing
pushing
pushing
pushing
pushing
pushing
pushing
pushing
pushing
pushing
push done
for ressource: phiras(present: 17, need: 2, have: 10)
Take 15 times
push process
pushing
pushing
pushing
pushing
pushing
pushing
pushing
pushing
pushing
pushing
pushing
pushing
pushing
pushing
pushing
push done
for ressource: thystame(present: 9, need: 0, have: 10)
Take 9 times
push process
pushing
pushing
pushing
pushing
pushing
pushing
pushing
pushing
pushing
push done
push process
pushing
pushing
pushing
pushing
pushing
pushing
pushing
pushing
pushing
pushing
push done
Prendre ressource necessaire
for ressource linemate (need: 2, present: 14, have: 12)
do nothing
for ressource deraumere (need: 0, present: 10, have: 9)
do nothing
for ressource sibur (need: 1, present: 9, have: 12)
do nothing
for ressource mendiane (need: 0, present: 11, have: 8)
do nothing
for ressource phiras (need: 2, present: 17, have: 10)
do nothing
for ressource thystame (need: 0, present: 9, have: 10)
do nothing
doiing '1 '
doiing '10 '
You have been upgraded: 'niveau actuel : 4'
Avance
push process
pushing
push done
Tourne a droite
push process
pushing
push done
Incantation process
for ressource: nourriture(present: 0, need: 0, have: 36)
Take 0 times
push process
push done
for ressource: linemate(present: 2, need: 1, have: 12)
Take 1 times
push process
pushing
push done
for ressource: deraumere(present: 0, need: 1, have: 9)
Drop 1 times
push process
pushing
push done
for ressource: sibur(present: 1, need: 2, have: 12)
Drop 1 times
push process
pushing
push done
for ressource: mendiane(present: 0, need: 0, have: 8)
Take 0 times
push process
push done
for ressource: phiras(present: 2, need: 1, have: 10)
Take 1 times
push process
pushing
push done
for ressource: thystame(present: 0, need: 0, have: 10)
Take 0 times
push process
push done
push process
pushing
pushing
pushing
pushing
pushing
pushing
pushing
pushing
pushing
pushing
push done
Prendre ressource necessaire
for ressource linemate (need: 1, present: 2, have: 12)
do nothing
for ressource deraumere (need: 1, present: 0, have: 9)
do nothing
for ressource sibur (need: 2, present: 1, have: 12)
do nothing
for ressource mendiane (need: 0, present: 0, have: 8)
do nothing
for ressource phiras (need: 1, present: 2, have: 10)
do nothing
for ressource thystame (need: 0, present: 0, have: 10)
do nothing
doiing '1 '
doiing '2 '
doiing '6 linemate'
doiing '7 deraumere'
doiing '7 sibur'
doiing '6 phiras'
doiing '9 Incant 4'
doiing '9 Incant 4'
doiing '9 Incant 4'
doiing '9 Incant 4'
doiing '9 Incant 4'
doiing '9 Incant 4'
doiing '9 Incant 4'
doiing '9 Incant 4'
doiing '9 Incant 4'
doiing '9 Incant 4'
Avance
push process
pushing
push done
Tourne a droite
push process
pushing
push done
Incantation process
for ressource: nourriture(present: 49, need: 0, have: 33)
Take 49 times
push process
pushing
pushing
pushing
pushing
pushing
pushing
pushing
pushing
pushing
pushing
pushing
pushing
pushing
pushing
pushing
pushing
pushing
pushing
pushing
pushing
pushing
pushing
pushing
pushing
pushing
pushing
pushing
pushing
pushing
pushing
pushing
pushing
pushing
pushing
pushing
pushing
pushing
pushing
pushing
pushing
pushing
pushing
pushing
pushing
pushing
pushing
pushing
pushing
pushing
push done
for ressource: linemate(present: 10, need: 1, have: 13)
Take 9 times
push process
pushing
pushing
pushing
pushing
pushing
pushing
pushing
pushing
pushing
push done
for ressource: deraumere(present: 8, need: 1, have: 8)
Take 7 times
push process
pushing
pushing
pushing
pushing
pushing
pushing
pushing
push done
for ressource: sibur(present: 12, need: 2, have: 11)
Take 10 times
push process
pushing
pushing
pushing
pushing
pushing
pushing
pushing
pushing
pushing
pushing
push done
for ressource: mendiane(present: 10, need: 0, have: 8)
Take 10 times
push process
pushing
pushing
pushing
pushing
pushing
pushing
pushing
pushing
pushing
pushing
push done
for ressource: phiras(present: 5, need: 1, have: 11)
Take 4 times
push process
pushing
pushing
pushing
pushing
push done
for ressource: thystame(present: 10, need: 0, have: 10)
Take 10 times
push process
pushing
pushing
pushing
pushing
pushing
pushing
pushing
pushing
pushing
pushing
push done
push process
pushing
pushing
pushing
pushing
pushing
pushing
pushing
pushing
pushing
pushing
push done
Prendre ressource necessaire
for ressource linemate (need: 1, present: 10, have: 13)
do nothing
for ressource deraumere (need: 1, present: 8, have: 8)
do nothing
for ressource sibur (need: 2, present: 12, have: 11)
do nothing
for ressource mendiane (need: 0, present: 10, have: 8)
do nothing
for ressource phiras (need: 1, present: 5, have: 11)
do nothing
for ressource thystame (need: 0, present: 10, have: 10)
do nothing
doiing '1 '
doiing '2 '
doiing '6 nourriture'
doiing '6 nourriture'
doiing '6 nourriture'
doiing '6 nourriture'
doiing '6 nourriture'
doiing '6 nourriture'
doiing '6 nourriture'
doiing '6 nourriture'
doiing '6 nourriture'
doiing '6 nourriture'
doiing '6 nourriture'
doiing '6 nourriture'
doiing '6 nourriture'
doiing '6 nourriture'
doiing '6 nourriture'
doiing '6 nourriture'
doiing '6 nourriture'
doiing '6 nourriture'
doiing '6 nourriture'
doiing '6 nourriture'
doiing '6 nourriture'
doiing '6 nourriture'
doiing '6 nourriture'
doiing '6 nourriture'
doiing '6 nourriture'
doiing '6 nourriture'
doiing '6 nourriture'
doiing '6 nourriture'
doiing '6 nourriture'
doiing '6 nourriture'
doiing '6 nourriture'
doiing '6 nourriture'
doiing '6 nourriture'
doiing '6 nourriture'
doiing '6 nourriture'
doiing '6 nourriture'
doiing '6 nourriture'
doiing '6 nourriture'
doiing '6 nourriture'
doiing '6 nourriture'
doiing '6 nourriture'
doiing '6 nourriture'
doiing '6 nourriture'
doiing '6 nourriture'
doiing '6 nourriture'
doiing '6 nourriture'
doiing '6 nourriture'
doiing '6 nourriture'
doiing '6 nourriture'
doiing '6 linemate'
doiing '6 linemate'
doiing '6 linemate'
doiing '6 linemate'
doiing '6 linemate'
doiing '6 linemate'
doiing '6 linemate'
doiing '6 linemate'
doiing '6 linemate'
doiing '6 deraumere'
doiing '6 deraumere'
doiing '6 deraumere'
doiing '6 deraumere'
doiing '6 deraumere'
doiing '6 deraumere'
doiing '6 deraumere'
doiing '6 sibur'
doiing '6 sibur'
doiing '6 sibur'
doiing '6 sibur'
doiing '6 sibur'
doiing '6 sibur'
doiing '6 sibur'
doiing '6 sibur'
doiing '6 sibur'
doiing '6 sibur'
doiing '6 mendiane'
doiing '6 mendiane'
doiing '6 mendiane'
doiing '6 mendiane'
doiing '6 mendiane'
doiing '6 mendiane'
doiing '6 mendiane'
doiing '6 mendiane'
doiing '6 mendiane'
doiing '6 mendiane'
doiing '6 phiras'
doiing '6 phiras'
doiing '6 phiras'
doiing '6 phiras'
doiing '6 thystame'
doiing '6 thystame'
doiing '6 thystame'
doiing '6 thystame'
doiing '6 thystame'
doiing '6 thystame'
doiing '6 thystame'
doiing '6 thystame'
doiing '6 thystame'
doiing '6 thystame'
doiing '9 Incant 4'
doiing '9 Incant 4'
doiing '9 Incant 4'
doiing '9 Incant 4'
doiing '9 Incant 4'
doiing '9 Incant 4'
doiing '9 Incant 4'
doiing '9 Incant 4'
doiing '9 Incant 4'
doiing '9 Incant 4'
Avance
push process
pushing
push done
Tourne a droite
push process
pushing
push done
Incantation process
for ressource: nourriture(present: 20, need: 0, have: 79)
Take 20 times
push process
pushing
pushing
pushing
pushing
pushing
pushing
pushing
pushing
pushing
pushing
pushing
pushing
pushing
pushing
pushing
pushing
pushing
pushing
pushing
pushing
push done
for ressource: linemate(present: 1, need: 1, have: 18)
Take 0 times
push process
push done
for ressource: deraumere(present: 1, need: 1, have: 15)
Take 0 times
push process
push done
for ressource: sibur(present: 1, need: 2, have: 19)
Drop 1 times
push process
pushing
push done
for ressource: mendiane(present: 1, need: 0, have: 16)
Take 1 times
push process
pushing
push done
for ressource: phiras(present: 4, need: 1, have: 15)
Take 3 times
push process
pushing
pushing
pushing
push done
for ressource: thystame(present: 3, need: 0, have: 20)
Take 3 times
push process
pushing
pushing
pushing
push done
push process
pushing
pushing
pushing
pushing
pushing
pushing
pushing
pushing
pushing
pushing
push done
Prendre ressource necessaire
for ressource linemate (need: 1, present: 1, have: 18)
do nothing
for ressource deraumere (need: 1, present: 1, have: 15)
do nothing
for ressource sibur (need: 2, present: 1, have: 19)
do nothing
for ressource mendiane (need: 0, present: 1, have: 16)
do nothing
for ressource phiras (need: 1, present: 4, have: 15)
do nothing
for ressource thystame (need: 0, present: 3, have: 20)
do nothing
doiing '1 '
doiing '2 '
doiing '6 nourriture'
doiing '6 nourriture'
doiing '6 nourriture'
doiing '6 nourriture'
doiing '6 nourriture'
doiing '6 nourriture'
doiing '6 nourriture'
doiing '6 nourriture'
doiing '6 nourriture'
doiing '6 nourriture'
doiing '6 nourriture'
doiing '6 nourriture'
doiing '6 nourriture'
doiing '6 nourriture'
doiing '6 nourriture'
doiing '6 nourriture'
doiing '6 nourriture'
doiing '6 nourriture'
doiing '6 nourriture'
doiing '6 nourriture'
doiing '7 sibur'
doiing '6 mendiane'
doiing '6 phiras'
doiing '6 phiras'
doiing '6 phiras'
doiing '6 thystame'
doiing '6 thystame'
doiing '6 thystame'
doiing '9 Incant 4'
doiing '9 Incant 4'
doiing '9 Incant 4'
doiing '9 Incant 4'
doiing '9 Incant 4'
doiing '9 Incant 4'
doiing '9 Incant 4'
doiing '9 Incant 4'
doiing '9 Incant 4'
doiing '9 Incant 4'
Avance
push process
pushing
push done
Tourne a droite
push process
pushing
push done
Incantation process
for ressource: nourriture(present: 10, need: 0, have: 78)
Take 10 times
push process
pushing
pushing
pushing
pushing
pushing
pushing
pushing
pushing
pushing
pushing
push done
for ressource: linemate(present: 5, need: 1, have: 18)
Take 4 times
push process
pushing
pushing
pushing
pushing
push done
for ressource: deraumere(present: 4, need: 1, have: 15)
Take 3 times
push process
pushing
pushing
pushing
push done
for ressource: sibur(present: 5, need: 2, have: 18)
Take 3 times
push process
pushing
pushing
pushing
push done
for ressource: mendiane(present: 4, need: 0, have: 17)
Take 4 times
push process
pushing
pushing
pushing
pushing
push done
for ressource: phiras(present: 6, need: 1, have: 18)
Take 5 times
push process
pushing
pushing
pushing
pushing
pushing
push done
for ressource: thystame(present: 1, need: 0, have: 23)
Take 1 times
push process
pushing
push done
push process
pushing
pushing
pushing
pushing
pushing
pushing
pushing
pushing
pushing
pushing
push done
Prendre ressource necessaire
for ressource linemate (need: 1, present: 5, have: 18)
do nothing
for ressource deraumere (need: 1, present: 4, have: 15)
do nothing
for ressource sibur (need: 2, present: 5, have: 18)
do nothing
for ressource mendiane (need: 0, present: 4, have: 17)
do nothing
for ressource phiras (need: 1, present: 6, have: 18)
do nothing
for ressource thystame (need: 0, present: 1, have: 23)
do nothing
doiing '1 '
doiing '2 '
doiing '6 nourriture'
doiing '6 nourriture'
doiing '6 nourriture'
doiing '6 nourriture'
doiing '6 nourriture'
doiing '6 nourriture'
doiing '6 nourriture'
doiing '6 nourriture'
doiing '6 nourriture'
doiing '6 nourriture'
doiing '6 linemate'
doiing '6 linemate'
doiing '6 linemate'
doiing '6 linemate'
doiing '6 deraumere'
doiing '6 deraumere'
doiing '6 deraumere'
doiing '6 sibur'
doiing '6 sibur'
doiing '6 sibur'
doiing '6 mendiane'
doiing '6 mendiane'
doiing '6 mendiane'
doiing '6 mendiane'
doiing '6 phiras'
doiing '6 phiras'
doiing '6 phiras'
doiing '6 phiras'
doiing '6 phiras'
doiing '6 thystame'
doiing '9 Incant 4'
doiing '9 Incant 4'
doiing '9 Incant 4'
doiing '9 Incant 4'
doiing '9 Incant 4'
doiing '9 Incant 4'
doiing '9 Incant 4'
doiing '9 Incant 4'
doiing '9 Incant 4'
doiing '9 Incant 4'
Avance
push process
pushing
push done
Tourne a droite
push process
pushing
push done
Incantation process
for ressource: nourriture(present: 0, need: 0, have: 71)
Take 0 times
push process
push done
for ressource: linemate(present: 0, need: 1, have: 18)
Drop 1 times
push process
pushing
push done
for ressource: deraumere(present: 0, need: 1, have: 16)
Drop 1 times
push process
pushing
push done
for ressource: sibur(present: 0, need: 2, have: 20)
Drop 2 times
push process
pushing
pushing
push done
for ressource: mendiane(present: 0, need: 0, have: 17)
Take 0 times
push process
push done
for ressource: phiras(present: 0, need: 1, have: 19)
Drop 1 times
push process
pushing
push done
for ressource: thystame(present: 0, need: 0, have: 23)
Take 0 times
push process
push done
push process
pushing
pushing
pushing
pushing
pushing
pushing
pushing
pushing
pushing
pushing
push done
Prendre ressource necessaire
for ressource linemate (need: 1, present: 0, have: 18)
do nothing
for ressource deraumere (need: 1, present: 0, have: 16)
do nothing
for ressource sibur (need: 2, present: 0, have: 20)
do nothing
for ressource mendiane (need: 0, present: 0, have: 17)
do nothing
for ressource phiras (need: 1, present: 0, have: 19)
do nothing
for ressource thystame (need: 0, present: 0, have: 23)
do nothing
doiing '1 '
doiing '2 '
doiing '7 linemate'
doiing '7 deraumere'
doiing '7 sibur'
doiing '7 sibur'
doiing '7 phiras'
doiing '9 Incant 4'
doiing '9 Incant 4'
doiing '9 Incant 4'
doiing '9 Incant 4'
doiing '9 Incant 4'
doiing '9 Incant 4'
doiing '9 Incant 4'
doiing '9 Incant 4'
doiing '9 Incant 4'
doiing '9 Incant 4'
Avance
push process
pushing
push done
Tourne a droite
push process
pushing
push done
Incantation process
for ressource: nourriture(present: 41, need: 0, have: 64)
Take 41 times
push process
pushing
pushing
pushing
pushing
pushing
pushing
pushing
pushing
pushing
pushing
pushing
pushing
pushing
pushing
pushing
pushing
pushing
pushing
pushing
pushing
pushing
pushing
pushing
pushing
pushing
pushing
pushing
pushing
pushing
pushing
pushing
pushing
pushing
pushing
pushing
pushing
pushing
pushing
pushing
pushing
pushing
push done
for ressource: linemate(present: 11, need: 1, have: 17)
Take 10 times
push process
pushing
pushing
pushing
pushing
pushing
pushing
pushing
pushing
pushing
pushing
push done
for ressource: deraumere(present: 9, need: 1, have: 15)
Take 8 times
push process
pushing
pushing
pushing
pushing
pushing
pushing
pushing
pushing
push done
for ressource: sibur(present: 14, need: 2, have: 18)
Take 12 times
push process
pushing
pushing
pushing
pushing
pushing
pushing
pushing
pushing
pushing
pushing
pushing
pushing
push done
for ressource: mendiane(present: 10, need: 0, have: 17)
Take 10 times
push process
pushing
pushing
pushing
pushing
pushing
pushing
pushing
pushing
pushing
pushing
push done
for ressource: phiras(present: 6, need: 1, have: 18)
Take 5 times
push process
pushing
pushing
pushing
pushing
pushing
push done
for ressource: thystame(present: 10, need: 0, have: 23)
Take 10 times
push process
pushing
pushing
pushing
pushing
pushing
pushing
pushing
pushing
pushing
pushing
push done
push process
pushing
pushing
pushing
pushing
pushing
pushing
pushing
pushing
pushing
pushing
push done
Prendre ressource necessaire
for ressource linemate (need: 1, present: 11, have: 17)
do nothing
for ressource deraumere (need: 1, present: 9, have: 15)
do nothing
for ressource sibur (need: 2, present: 14, have: 18)
do nothing
for ressource mendiane (need: 0, present: 10, have: 17)
do nothing
for ressource phiras (need: 1, present: 6, have: 18)
do nothing
for ressource thystame (need: 0, present: 10, have: 23)
do nothing
doiing '1 '
doiing '2 '
doiing '6 nourriture'
doiing '6 nourriture'
doiing '6 nourriture'
doiing '6 nourriture'
doiing '6 nourriture'
doiing '6 nourriture'
doiing '6 nourriture'
doiing '6 nourriture'
doiing '6 nourriture'
doiing '6 nourriture'
doiing '6 nourriture'
doiing '6 nourriture'
doiing '6 nourriture'
doiing '6 nourriture'
doiing '6 nourriture'
doiing '6 nourriture'
doiing '6 nourriture'
doiing '6 nourriture'
doiing '6 nourriture'
doiing '6 nourriture'
doiing '6 nourriture'
doiing '6 nourriture'
doiing '6 nourriture'
doiing '6 nourriture'
doiing '6 nourriture'
doiing '6 nourriture'
doiing '6 nourriture'
doiing '6 nourriture'
doiing '6 nourriture'
doiing '6 nourriture'
doiing '6 nourriture'
doiing '6 nourriture'
doiing '6 nourriture'
doiing '6 nourriture'
doiing '6 nourriture'
doiing '6 nourriture'
doiing '6 nourriture'
doiing '6 nourriture'
doiing '6 nourriture'
doiing '6 nourriture'
doiing '6 nourriture'
doiing '6 linemate'
doiing '6 linemate'
doiing '6 linemate'
doiing '6 linemate'
doiing '6 linemate'
doiing '6 linemate'
doiing '6 linemate'
doiing '6 linemate'
doiing '6 linemate'
doiing '6 linemate'
doiing '6 deraumere'
doiing '6 deraumere'
doiing '6 deraumere'
doiing '6 deraumere'
doiing '6 deraumere'
doiing '6 deraumere'
doiing '6 deraumere'
doiing '6 deraumere'
doiing '6 sibur'
doiing '6 sibur'
doiing '6 sibur'
doiing '6 sibur'
doiing '6 sibur'
doiing '6 sibur'
doiing '6 sibur'
doiing '6 sibur'
doiing '6 sibur'
doiing '6 sibur'
doiing '6 sibur'
doiing '6 sibur'
doiing '6 mendiane'
doiing '6 mendiane'
doiing '6 mendiane'
doiing '6 mendiane'
doiing '6 mendiane'
doiing '6 mendiane'
doiing '6 mendiane'
doiing '6 mendiane'
doiing '6 mendiane'
doiing '6 mendiane'
doiing '6 phiras'
doiing '6 phiras'
doiing '6 phiras'
doiing '6 phiras'
doiing '6 phiras'
doiing '6 thystame'
doiing '6 thystame'
doiing '6 thystame'
doiing '6 thystame'
doiing '6 thystame'
doiing '6 thystame'
doiing '6 thystame'
doiing '6 thystame'
doiing '6 thystame'
doiing '6 thystame'
doiing '9 Incant 4'
doiing '9 Incant 4'
doiing '9 Incant 4'
doiing '9 Incant 4'
doiing '9 Incant 4'
doiing '9 Incant 4'
doiing '9 Incant 4'
doiing '9 Incant 4'
doiing '9 Incant 4'
doiing '9 Incant 4'
Avance
push process
pushing
push done
Tourne a droite
push process
pushing
push done
Incantation process
for ressource: nourriture(present: 0, need: 0, have: 80)
Take 0 times
push process
push done
for ressource: linemate(present: 0, need: 1, have: 18)
Drop 1 times
push process
pushing
push done
for ressource: deraumere(present: 0, need: 1, have: 16)
Drop 1 times
push process
pushing
push done
for ressource: sibur(present: 0, need: 2, have: 19)
Drop 2 times
push process
pushing
pushing
push done
for ressource: mendiane(present: 0, need: 0, have: 18)
Take 0 times
push process
push done
for ressource: phiras(present: 0, need: 1, have: 22)
Drop 1 times
push process
pushing
push done
for ressource: thystame(present: 0, need: 0, have: 26)
Take 0 times
push process
push done
push process
pushing
pushing
pushing
pushing
pushing
pushing
pushing
pushing
pushing
pushing
push done
Prendre ressource necessaire
for ressource linemate (need: 1, present: 0, have: 18)
do nothing
for ressource deraumere (need: 1, present: 0, have: 16)
do nothing
for ressource sibur (need: 2, present: 0, have: 19)
do nothing
for ressource mendiane (need: 0, present: 0, have: 18)
do nothing
for ressource phiras (need: 1, present: 0, have: 22)
do nothing
for ressource thystame (need: 0, present: 0, have: 26)
do nothing
doiing '1 '
doiing '2 '
doiing '7 linemate'
doiing '7 deraumere'
doiing '7 sibur'
doiing '7 sibur'
doiing '7 phiras'
doiing '9 Incant 4'
doiing '9 Incant 4'
doiing '9 Incant 4'
doiing '9 Incant 4'
doiing '9 Incant 4'
doiing '9 Incant 4'
doiing '9 Incant 4'
doiing '9 Incant 4'
doiing '9 Incant 4'
doiing '9 Incant 4'
Avance
push process
pushing
push done
Tourne a droite
push process
pushing
push done
Incantation process
for ressource: nourriture(present: 10, need: 0, have: 62)
Take 10 times
push process
pushing
pushing
pushing
pushing
pushing
pushing
pushing
pushing
pushing
pushing
push done
for ressource: linemate(present: 6, need: 1, have: 17)
Take 5 times
push process
pushing
pushing
pushing
pushing
pushing
push done
for ressource: deraumere(present: 5, need: 1, have: 15)
Take 4 times
push process
pushing
pushing
pushing
pushing
push done
for ressource: sibur(present: 7, need: 2, have: 17)
Take 5 times
push process
pushing
pushing
pushing
pushing
pushing
push done
for ressource: mendiane(present: 4, need: 0, have: 18)
Take 4 times
push process
pushing
pushing
pushing
pushing
push done
for ressource: phiras(present: 7, need: 1, have: 21)
Take 6 times
push process
pushing
pushing
pushing
pushing
pushing
pushing
push done
for ressource: thystame(present: 1, need: 0, have: 26)
Take 1 times
push process
pushing
push done
push process
pushing
pushing
pushing
pushing
pushing
pushing
pushing
pushing
pushing
pushing
push done
Prendre ressource necessaire
for ressource linemate (need: 1, present: 6, have: 17)
do nothing
for ressource deraumere (need: 1, present: 5, have: 15)
do nothing
for ressource sibur (need: 2, present: 7, have: 17)
do nothing
for ressource mendiane (need: 0, present: 4, have: 18)
do nothing
for ressource phiras (need: 1, present: 7, have: 21)
do nothing
for ressource thystame (need: 0, present: 1, have: 26)
do nothing
doiing '1 '
doiing '2 '
doiing '6 nourriture'
doiing '6 nourriture'
doiing '6 nourriture'
doiing '6 nourriture'
doiing '6 nourriture'
doiing '6 nourriture'
doiing '6 nourriture'
doiing '6 nourriture'
doiing '6 nourriture'
doiing '6 nourriture'
doiing '6 linemate'
doiing '6 linemate'
doiing '6 linemate'
doiing '6 linemate'
doiing '6 linemate'
doiing '6 deraumere'
doiing '6 deraumere'
doiing '6 deraumere'
doiing '6 deraumere'
doiing '6 sibur'
doiing '6 sibur'
doiing '6 sibur'
doiing '6 sibur'
doiing '6 sibur'
doiing '6 mendiane'
doiing '6 mendiane'
doiing '6 mendiane'
doiing '6 mendiane'
doiing '6 phiras'
doiing '6 phiras'
doiing '6 phiras'
doiing '6 phiras'
doiing '6 phiras'
doiing '6 phiras'
doiing '6 thystame'
doiing '9 Incant 4'
doiing '9 Incant 4'
doiing '9 Incant 4'
doiing '9 Incant 4'
doiing '9 Incant 4'
doiing '9 Incant 4'
doiing '9 Incant 4'
doiing '9 Incant 4'
doiing '9 Incant 4'
doiing '9 Incant 4'
Avance
push process
pushing
push done
Tourne a droite
push process
pushing
push done
Incantation process
for ressource: nourriture(present: 0, need: 0, have: 59)
Take 0 times
push process
push done
for ressource: linemate(present: 0, need: 1, have: 17)
Drop 1 times
push process
pushing
push done
for ressource: deraumere(present: 0, need: 1, have: 15)
Drop 1 times
push process
pushing
push done
for ressource: sibur(present: 0, need: 2, have: 17)
Drop 2 times
push process
pushing
pushing
push done
for ressource: mendiane(present: 0, need: 0, have: 18)
Take 0 times
push process
push done
for ressource: phiras(present: 0, need: 1, have: 21)
Drop 1 times
push process
pushing
push done
for ressource: thystame(present: 0, need: 0, have: 26)
Take 0 times
push process
push done
push process
pushing
pushing
pushing
pushing
pushing
pushing
pushing
pushing
pushing
pushing
push done
Prendre ressource necessaire
for ressource linemate (need: 1, present: 0, have: 17)
do nothing
for ressource deraumere (need: 1, present: 0, have: 15)
do nothing
for ressource sibur (need: 2, present: 0, have: 17)
do nothing
for ressource mendiane (need: 0, present: 0, have: 18)
do nothing
for ressource phiras (need: 1, present: 0, have: 21)
do nothing
for ressource thystame (need: 0, present: 0, have: 26)
do nothing
doiing '1 '
doiing '2 '
doiing '7 linemate'
doiing '7 deraumere'
doiing '7 sibur'
doiing '7 sibur'
doiing '7 phiras'
doiing '9 Incant 4'
doiing '9 Incant 4'
doiing '9 Incant 4'
doiing '9 Incant 4'
doiing '9 Incant 4'
doiing '9 Incant 4'
doiing '9 Incant 4'
doiing '9 Incant 4'
doiing '9 Incant 4'
doiing '9 Incant 4'
Avance
push process
pushing
push done
Tourne a droite
push process
pushing
push done
Incantation process
for ressource: nourriture(present: 31, need: 0, have: 51)
Take 31 times
push process
pushing
pushing
pushing
pushing
pushing
pushing
pushing
pushing
pushing
pushing
pushing
pushing
pushing
pushing
pushing
pushing
pushing
pushing
pushing
pushing
pushing
pushing
pushing
pushing
pushing
pushing
pushing
pushing
pushing
pushing
pushing
push done
for ressource: linemate(present: 12, need: 1, have: 16)
Take 11 times
push process
pushing
pushing
pushing
pushing
pushing
pushing
pushing
pushing
pushing
pushing
pushing
push done
for ressource: deraumere(present: 10, need: 1, have: 14)
Take 9 times
push process
pushing
pushing
pushing
pushing
pushing
pushing
pushing
pushing
pushing
push done
for ressource: sibur(present: 16, need: 2, have: 15)
Take 14 times
push process
pushing
pushing
pushing
pushing
pushing
pushing
pushing
pushing
pushing
pushing
pushing
pushing
pushing
pushing
push done
for ressource: mendiane(present: 10, need: 0, have: 18)
Take 10 times
push process
pushing
pushing
pushing
pushing
pushing
pushing
pushing
pushing
pushing
pushing
push done
for ressource: phiras(present: 7, need: 1, have: 20)
Take 6 times
push process
pushing
pushing
pushing
pushing
pushing
pushing
push done
for ressource: thystame(present: 10, need: 0, have: 26)
Take 10 times
push process
pushing
pushing
pushing
pushing
pushing
pushing
pushing
pushing
pushing
pushing
push done
push process
pushing
pushing
pushing
pushing
pushing
pushing
pushing
pushing
pushing
pushing
push done
Prendre ressource necessaire
for ressource linemate (need: 1, present: 12, have: 16)
do nothing
for ressource deraumere (need: 1, present: 10, have: 14)
do nothing
for ressource sibur (need: 2, present: 16, have: 15)
do nothing
for ressource mendiane (need: 0, present: 10, have: 18)
do nothing
for ressource phiras (need: 1, present: 7, have: 20)
do nothing
for ressource thystame (need: 0, present: 10, have: 26)
do nothing
doiing '1 '
doiing '2 '
doiing '6 nourriture'
doiing '6 nourriture'
doiing '6 nourriture'
doiing '6 nourriture'
doiing '6 nourriture'
doiing '6 nourriture'
doiing '6 nourriture'
doiing '6 nourriture'
doiing '6 nourriture'
doiing '6 nourriture'
doiing '6 nourriture'
doiing '6 nourriture'
doiing '6 nourriture'
doiing '6 nourriture'
doiing '6 nourriture'
doiing '6 nourriture'
doiing '6 nourriture'
doiing '6 nourriture'
doiing '6 nourriture'
doiing '6 nourriture'
doiing '6 nourriture'
doiing '6 nourriture'
doiing '6 nourriture'
doiing '6 nourriture'
doiing '6 nourriture'
doiing '6 nourriture'
doiing '6 nourriture'
doiing '6 nourriture'
doiing '6 nourriture'
doiing '6 nourriture'
doiing '6 nourriture'
doiing '6 linemate'
doiing '6 linemate'
doiing '6 linemate'
doiing '6 linemate'
doiing '6 linemate'
doiing '6 linemate'
doiing '6 linemate'
doiing '6 linemate'
doiing '6 linemate'
doiing '6 linemate'
doiing '6 linemate'
doiing '6 deraumere'
doiing '6 deraumere'
doiing '6 deraumere'
doiing '6 deraumere'
doiing '6 deraumere'
doiing '6 deraumere'
doiing '6 deraumere'
doiing '6 deraumere'
doiing '6 deraumere'
doiing '6 sibur'
doiing '6 sibur'
doiing '6 sibur'
doiing '6 sibur'
doiing '6 sibur'
doiing '6 sibur'
doiing '6 sibur'
doiing '6 sibur'
doiing '6 sibur'
doiing '6 sibur'
doiing '6 sibur'
doiing '6 sibur'
doiing '6 sibur'
doiing '6 sibur'
doiing '6 mendiane'
doiing '6 mendiane'
doiing '6 mendiane'
doiing '6 mendiane'
doiing '6 mendiane'
doiing '6 mendiane'
doiing '6 mendiane'
doiing '6 mendiane'
doiing '6 mendiane'
doiing '6 mendiane'
doiing '6 phiras'
doiing '6 phiras'
doiing '6 phiras'
doiing '6 phiras'
doiing '6 phiras'
doiing '6 phiras'
doiing '6 thystame'
doiing '6 thystame'
doiing '6 thystame'
doiing '6 thystame'
doiing '6 thystame'
doiing '6 thystame'
doiing '6 thystame'
doiing '6 thystame'
doiing '6 thystame'
doiing '6 thystame'
doiing '9 Incant 4'
doiing '9 Incant 4'
doiing '9 Incant 4'
doiing '9 Incant 4'
doiing '9 Incant 4'
doiing '9 Incant 4'
doiing '9 Incant 4'
doiing '9 Incant 4'
doiing '9 Incant 4'
doiing '9 Incant 4'
Avance
push process
pushing
push done
Tourne a droite
push process
pushing
push done
Incantation process
for ressource: nourriture(present: 0, need: 0, have: 48)
Take 0 times
push process
push done
for ressource: linemate(present: 0, need: 1, have: 16)
Drop 1 times
push process
pushing
push done
for ressource: deraumere(present: 0, need: 1, have: 14)
Drop 1 times
push process
pushing
push done
for ressource: sibur(present: 0, need: 2, have: 15)
Drop 2 times
push process
pushing
pushing
push done
for ressource: mendiane(present: 0, need: 0, have: 18)
Take 0 times
push process
push done
for ressource: phiras(present: 0, need: 1, have: 20)
Drop 1 times
push process
pushing
push done
for ressource: thystame(present: 0, need: 0, have: 26)
Take 0 times
push process
push done
push process
pushing
pushing
pushing
pushing
pushing
pushing
pushing
pushing
pushing
pushing
push done
Prendre ressource necessaire
for ressource linemate (need: 1, present: 0, have: 16)
do nothing
for ressource deraumere (need: 1, present: 0, have: 14)
do nothing
for ressource sibur (need: 2, present: 0, have: 15)
do nothing
for ressource mendiane (need: 0, present: 0, have: 18)
do nothing
for ressource phiras (need: 1, present: 0, have: 20)
do nothing
for ressource thystame (need: 0, present: 0, have: 26)
do nothing
doiing '1 '
doiing '2 '
doiing '7 linemate'
doiing '7 deraumere'
doiing '7 sibur'
doiing '7 sibur'
doiing '7 phiras'
doiing '9 Incant 4'
doiing '9 Incant 4'
doiing '9 Incant 4'
doiing '9 Incant 4'
doiing '9 Incant 4'
doiing '9 Incant 4'
doiing '9 Incant 4'
doiing '9 Incant 4'
doiing '9 Incant 4'
doiing '9 Incant 4'
Avance
push process
pushing
push done
Tourne a droite
push process
pushing
push done
Incantation process
for ressource: nourriture(present: 10, need: 0, have: 30)
Take 10 times
push process
pushing
pushing
pushing
pushing
pushing
pushing
pushing
pushing
pushing
pushing
push done
for ressource: linemate(present: 7, need: 1, have: 15)
Take 6 times
push process
pushing
pushing
pushing
pushing
pushing
pushing
push done
for ressource: deraumere(present: 6, need: 1, have: 13)
Take 5 times
push process
pushing
pushing
pushing
pushing
pushing
push done
for ressource: sibur(present: 9, need: 2, have: 13)
Take 7 times
push process
pushing
pushing
pushing
pushing
pushing
pushing
pushing
push done
for ressource: mendiane(present: 4, need: 0, have: 18)
Take 4 times
push process
pushing
pushing
pushing
pushing
push done
for ressource: phiras(present: 8, need: 1, have: 19)
Take 7 times
push process
pushing
pushing
pushing
pushing
pushing
pushing
pushing
push done
for ressource: thystame(present: 1, need: 0, have: 26)
Take 1 times
push process
pushing
push done
push process
pushing
pushing
pushing
pushing
pushing
pushing
pushing
pushing
pushing
pushing
push done
Prendre ressource necessaire
for ressource linemate (need: 1, present: 7, have: 15)
do nothing
for ressource deraumere (need: 1, present: 6, have: 13)
do nothing
for ressource sibur (need: 2, present: 9, have: 13)
do nothing
for ressource mendiane (need: 0, present: 4, have: 18)
do nothing
for ressource phiras (need: 1, present: 8, have: 19)
do nothing
for ressource thystame (need: 0, present: 1, have: 26)
do nothing
doiing '1 '
doiing '2 '
doiing '6 nourriture'
doiing '6 nourriture'
doiing '6 nourriture'
doiing '6 nourriture'
doiing '6 nourriture'
doiing '6 nourriture'
doiing '6 nourriture'
doiing '6 nourriture'
doiing '6 nourriture'
doiing '6 nourriture'
doiing '6 linemate'
doiing '6 linemate'
doiing '6 linemate'
doiing '6 linemate'
doiing '6 linemate'
doiing '6 linemate'
doiing '6 deraumere'
doiing '6 deraumere'
doiing '6 deraumere'
doiing '6 deraumere'
doiing '6 deraumere'
doiing '6 sibur'
doiing '6 sibur'
doiing '6 sibur'
doiing '6 sibur'
doiing '6 sibur'
doiing '6 sibur'
doiing '6 sibur'
doiing '6 mendiane'
doiing '6 mendiane'
doiing '6 mendiane'
doiing '6 mendiane'
doiing '6 phiras'
doiing '6 phiras'
doiing '6 phiras'
doiing '6 phiras'
doiing '6 phiras'
doiing '6 phiras'
doiing '6 phiras'
doiing '6 thystame'
doiing '9 Incant 4'
doiing '9 Incant 4'
doiing '9 Incant 4'
doiing '9 Incant 4'
doiing '9 Incant 4'
doiing '9 Incant 4'
doiing '9 Incant 4'
doiing '9 Incant 4'
doiing '9 Incant 4'
doiing '9 Incant 4'
Avance
push process
pushing
push done
Tourne a droite
push process
pushing
push done
Incantation process
for ressource: nourriture(present: 0, need: 0, have: 27)
Take 0 times
push process
push done
for ressource: linemate(present: 0, need: 1, have: 15)
Drop 1 times
push process
pushing
push done
for ressource: deraumere(present: 0, need: 1, have: 13)
Drop 1 times
push process
pushing
push done
for ressource: sibur(present: 0, need: 2, have: 13)
Drop 2 times
push process
pushing
pushing
push done
for ressource: mendiane(present: 0, need: 0, have: 18)
Take 0 times
push process
push done
for ressource: phiras(present: 0, need: 1, have: 19)
Drop 1 times
push process
pushing
push done
for ressource: thystame(present: 0, need: 0, have: 26)
Take 0 times
push process
push done
push process
pushing
pushing
pushing
pushing
pushing
pushing
pushing
pushing
pushing
pushing
push done
Prendre ressource necessaire
for ressource linemate (need: 1, present: 0, have: 15)
do nothing
for ressource deraumere (need: 1, present: 0, have: 13)
do nothing
for ressource sibur (need: 2, present: 0, have: 13)
do nothing
for ressource mendiane (need: 0, present: 0, have: 18)
do nothing
for ressource phiras (need: 1, present: 0, have: 19)
do nothing
for ressource thystame (need: 0, present: 0, have: 26)
do nothing
doiing '1 '
doiing '2 '
doiing '7 linemate'
doiing '7 deraumere'
doiing '7 sibur'
doiing '7 sibur'
doiing '7 phiras'
doiing '9 Incant 4'
doiing '9 Incant 4'
doiing '9 Incant 4'
doiing '9 Incant 4'
doiing '9 Incant 4'
doiing '9 Incant 4'
doiing '9 Incant 4'
doiing '9 Incant 4'
doiing '9 Incant 4'
doiing '9 Incant 4'
Avance
push process
pushing
push done
Tourne a droite
push process
pushing
push done
Incantation process
for ressource: nourriture(present: 22, need: 0, have: 18)
Take 22 times
push process
pushing
pushing
pushing
pushing
pushing
pushing
pushing
pushing
pushing
pushing
pushing
pushing
pushing
pushing
pushing
pushing
pushing
pushing
pushing
pushing
pushing
pushing
push done
for ressource: linemate(present: 13, need: 1, have: 14)
Take 12 times
push process
pushing
pushing
pushing
pushing
pushing
pushing
pushing
pushing
pushing
pushing
pushing
pushing
push done
for ressource: deraumere(present: 11, need: 1, have: 12)
Take 10 times
push process
pushing
pushing
pushing
pushing
pushing
pushing
pushing
pushing
pushing
pushing
push done
for ressource: sibur(present: 18, need: 2, have: 11)
Take 16 times
push process
pushing
pushing
pushing
pushing
pushing
pushing
pushing
pushing
pushing
pushing
pushing
pushing
pushing
pushing
pushing
pushing
push done
for ressource: mendiane(present: 10, need: 0, have: 18)
Take 10 times
push process
pushing
pushing
pushing
pushing
pushing
pushing
pushing
pushing
pushing
pushing
push done
for ressource: phiras(present: 8, need: 1, have: 18)
Take 7 times
push process
pushing
pushing
pushing
pushing
pushing
pushing
pushing
push done
for ressource: thystame(present: 10, need: 0, have: 26)
Take 10 times
push process
pushing
pushing
pushing
pushing
pushing
pushing
pushing
pushing
pushing
pushing
push done
push process
pushing
pushing
pushing
pushing
pushing
pushing
pushing
pushing
pushing
pushing
push done
Prendre ressource necessaire
for ressource linemate (need: 1, present: 13, have: 14)
do nothing
for ressource deraumere (need: 1, present: 11, have: 12)
do nothing
for ressource sibur (need: 2, present: 18, have: 11)
do nothing
for ressource mendiane (need: 0, present: 10, have: 18)
do nothing
for ressource phiras (need: 1, present: 8, have: 18)
do nothing
for ressource thystame (need: 0, present: 10, have: 26)
do nothing
doiing '1 '
doiing '2 '
doiing '6 nourriture'
doiing '6 nourriture'
doiing '6 nourriture'
doiing '6 nourriture'
doiing '6 nourriture'
doiing '6 nourriture'
doiing '6 nourriture'
doiing '6 nourriture'
doiing '6 nourriture'
doiing '6 nourriture'
doiing '6 nourriture'
doiing '6 nourriture'
doiing '6 nourriture'
doiing '6 nourriture'
doiing '6 nourriture'
doiing '6 nourriture'
doiing '6 nourriture'
doiing '6 nourriture'
doiing '6 nourriture'
doiing '6 nourriture'
doiing '6 nourriture'
doiing '6 nourriture'
doiing '6 linemate'
doiing '6 linemate'
doiing '6 linemate'
doiing '6 linemate'
doiing '6 linemate'
doiing '6 linemate'
doiing '6 linemate'
doiing '6 linemate'
doiing '6 linemate'
doiing '6 linemate'
doiing '6 linemate'
doiing '6 linemate'
doiing '6 deraumere'
doiing '6 deraumere'
doiing '6 deraumere'
doiing '6 deraumere'
doiing '6 deraumere'
doiing '6 deraumere'
doiing '6 deraumere'
doiing '6 deraumere'
doiing '6 deraumere'
doiing '6 deraumere'
doiing '6 sibur'
doiing '6 sibur'
doiing '6 sibur'
doiing '6 sibur'
doiing '6 sibur'
doiing '6 sibur'
doiing '6 sibur'
doiing '6 sibur'
doiing '6 sibur'
doiing '6 sibur'
doiing '6 sibur'
doiing '6 sibur'
doiing '6 sibur'
doiing '6 sibur'
doiing '6 sibur'
doiing '6 sibur'
doiing '6 mendiane'
doiing '6 mendiane'
doiing '6 mendiane'
doiing '6 mendiane'
doiing '6 mendiane'
doiing '6 mendiane'
doiing '6 mendiane'
doiing '6 mendiane'
doiing '6 mendiane'
doiing '6 mendiane'
doiing '6 phiras'
doiing '6 phiras'
doiing '6 phiras'
doiing '6 phiras'
doiing '6 phiras'
doiing '6 phiras'
doiing '6 phiras'
doiing '6 thystame'
doiing '6 thystame'
doiing '6 thystame'
doiing '6 thystame'
doiing '6 thystame'
doiing '6 thystame'
doiing '6 thystame'
doiing '6 thystame'
doiing '6 thystame'
doiing '6 thystame'
doiing '9 Incant 4'
doiing '9 Incant 4'
[31mPlayer die[0m
