    setting weight of 1
    setting weight of 2
    setting weight of 1
    setting weight of 2
    setting weight of 3
    setting weight of 4
    setting weight of 5
    setting weight of 1
    setting weight of 2
    setting weight of 1
    setting weight of 2
    setting weight of 3
    setting weight of 4
    setting weight of 5
    setting weight of 6
ip : 127.0.0.1
port : 4242
team name : toto
IA : ./lua/neuralia.lua
Me nourrir
push process
pushing
push done
doiing '6 nourriture'
Me nourrir
push process
pushing
push done
doiing '6 nourriture'
Me nourrir
push process
pushing
push done
doiing '6 nourriture'
Me nourrir
push process
pushing
push done
doiing '6 nourriture'
Me nourrir
push process
pushing
push done
doiing '6 nourriture'
Me nourrir
push process
pushing
push done
doiing '6 nourriture'
Me nourrir
push process
pushing
push done
doiing '6 nourriture'
Me nourrir
push process
pushing
push done
doiing '6 nourriture'
Me nourrir
push process
pushing
push done
doiing '6 nourriture'
Me nourrir
push process
pushing
push done
doiing '6 nourriture'
Me nourrir
push process
pushing
push done
doiing '6 nourriture'
Me nourrir
push process
pushing
push done
doiing '6 nourriture'
Me nourrir
push process
pushing
push done
doiing '6 nourriture'
Me nourrir
push process
pushing
push done
doiing '6 nourriture'
Me nourrir
push process
pushing
push done
doiing '6 nourriture'
Me nourrir
push process
pushing
push done
doiing '6 nourriture'
Me nourrir
push process
pushing
push done
doiing '6 nourriture'
Me nourrir
push process
pushing
push done
doiing '6 nourriture'
Me nourrir
push process
pushing
push done
doiing '6 nourriture'
Me nourrir
push process
pushing
push done
doiing '6 nourriture'
Me nourrir
push process
pushing
push done
doiing '6 nourriture'
Me nourrir
push process
pushing
push done
doiing '6 nourriture'
Me nourrir
push process
pushing
push done
doiing '6 nourriture'
Me nourrir
push process
pushing
push done
doiing '6 nourriture'
Me nourrir
push process
pushing
push done
doiing '6 nourriture'
Me nourrir
push process
pushing
push done
doiing '6 nourriture'
Me nourrir
push process
pushing
push done
doiing '6 nourriture'
Me nourrir
push process
pushing
push done
doiing '6 nourriture'
Me nourrir
push process
pushing
push done
doiing '6 nourriture'
Me nourrir
push process
pushing
push done
doiing '6 nourriture'
Me nourrir
push process
pushing
push done
doiing '6 nourriture'
Me nourrir
push process
pushing
push done
doiing '6 nourriture'
Me nourrir
push process
pushing
push done
doiing '6 nourriture'
Me nourrir
push process
pushing
push done
doiing '6 nourriture'
Me nourrir
push process
pushing
push done
doiing '6 nourriture'
Me nourrir
push process
pushing
push done
doiing '6 nourriture'
Me nourrir
push process
pushing
push done
doiing '6 nourriture'
Me nourrir
push process
pushing
push done
doiing '6 nourriture'
Me nourrir
push process
pushing
push done
doiing '6 nourriture'
Me nourrir
push process
pushing
push done
doiing '6 nourriture'
Me nourrir
push process
pushing
push done
doiing '6 nourriture'
Me nourrir
push process
pushing
push done
doiing '6 nourriture'
Me nourrir
push process
pushing
push done
doiing '6 nourriture'
Me nourrir
push process
pushing
push done
doiing '6 nourriture'
Me nourrir
push process
pushing
push done
doiing '6 nourriture'
Me nourrir
push process
pushing
push done
doiing '6 nourriture'
Me nourrir
push process
pushing
push done
doiing '6 nourriture'
Me nourrir
push process
pushing
push done
doiing '6 nourriture'
Me nourrir
push process
pushing
push done
doiing '6 nourriture'
Me nourrir
push process
pushing
push done
doiing '6 nourriture'
Me nourrir
push process
pushing
push done
doiing '6 nourriture'
Me nourrir
push process
pushing
push done
doiing '6 nourriture'
Me nourrir
push process
pushing
push done
doiing '6 nourriture'
Me nourrir
push process
pushing
push done
doiing '6 nourriture'
Me nourrir
push process
pushing
push done
doiing '6 nourriture'
Me nourrir
push process
pushing
push done
doiing '6 nourriture'
Me nourrir
push process
pushing
push done
doiing '6 nourriture'
Me nourrir
push process
pushing
push done
doiing '6 nourriture'
Me nourrir
push process
pushing
push done
doiing '6 nourriture'
Me nourrir
push process
pushing
push done
doiing '6 nourriture'
Me nourrir
push process
pushing
push done
doiing '6 nourriture'
Me nourrir
push process
pushing
push done
doiing '6 nourriture'
Me nourrir
push process
pushing
push done
doiing '6 nourriture'
Me nourrir
push process
pushing
push done
doiing '6 nourriture'
Me nourrir
push process
pushing
push done
doiing '6 nourriture'
Me nourrir
push process
pushing
push done
doiing '6 nourriture'
Me nourrir
push process
pushing
push done
doiing '6 nourriture'
Me nourrir
push process
pushing
push done
doiing '6 nourriture'
Me nourrir
push process
pushing
push done
doiing '6 nourriture'
Me nourrir
push process
pushing
push done
doiing '6 nourriture'
Me nourrir
push process
pushing
push done
doiing '6 nourriture'
Me nourrir
push process
pushing
push done
doiing '6 nourriture'
Me nourrir
push process
pushing
push done
doiing '6 nourriture'
Me nourrir
push process
pushing
push done
doiing '6 nourriture'
Me nourrir
push process
pushing
push done
doiing '6 nourriture'
Me nourrir
push process
pushing
push done
doiing '6 nourriture'
Me nourrir
push process
pushing
push done
doiing '6 nourriture'
Me nourrir
push process
pushing
push done
doiing '6 nourriture'
Me nourrir
push process
pushing
push done
doiing '6 nourriture'
Me nourrir
push process
pushing
push done
doiing '6 nourriture'
Me nourrir
push process
pushing
push done
doiing '6 nourriture'
Me nourrir
push process
pushing
push done
doiing '6 nourriture'
Me nourrir
push process
pushing
push done
doiing '6 nourriture'
Me nourrir
push process
pushing
push done
doiing '6 nourriture'
Me nourrir
push process
pushing
push done
doiing '6 nourriture'
Me nourrir
push process
pushing
push done
doiing '6 nourriture'
Me nourrir
push process
pushing
push done
doiing '6 nourriture'
Me nourrir
push process
pushing
push done
doiing '6 nourriture'
Me nourrir
push process
pushing
push done
doiing '6 nourriture'
Me nourrir
push process
pushing
push done
doiing '6 nourriture'
Me nourrir
push process
pushing
push done
doiing '6 nourriture'
Me nourrir
push process
pushing
push done
doiing '6 nourriture'
Me nourrir
push process
pushing
push done
doiing '6 nourriture'
Me nourrir
push process
pushing
push done
doiing '6 nourriture'
Me nourrir
push process
pushing
push done
doiing '6 nourriture'
Me nourrir
push process
pushing
push done
doiing '6 nourriture'
Me nourrir
push process
pushing
push done
doiing '6 nourriture'
Me nourrir
push process
pushing
push done
doiing '6 nourriture'
Me nourrir
push process
pushing
push done
doiing '6 nourriture'
Me nourrir
push process
pushing
push done
doiing '6 nourriture'
Me nourrir
push process
pushing
push done
doiing '6 nourriture'
Me nourrir
push process
pushing
push done
doiing '6 nourriture'
Me nourrir
push process
pushing
push done
doiing '6 nourriture'
Me nourrir
push process
pushing
push done
doiing '6 nourriture'
Me nourrir
push process
pushing
push done
doiing '6 nourriture'
Me nourrir
push process
pushing
push done
doiing '6 nourriture'
Me nourrir
push process
pushing
push done
doiing '6 nourriture'
Me nourrir
push process
pushing
push done
doiing '6 nourriture'
Me nourrir
push process
pushing
push done
doiing '6 nourriture'
Me nourrir
push process
pushing
push done
doiing '6 nourriture'
Me nourrir
push process
pushing
push done
doiing '6 nourriture'
Me nourrir
push process
pushing
push done
doiing '6 nourriture'
Me nourrir
push process
pushing
push done
doiing '6 nourriture'
Me nourrir
push process
pushing
push done
doiing '6 nourriture'
Me nourrir
push process
pushing
push done
doiing '6 nourriture'
Me nourrir
push process
pushing
push done
doiing '6 nourriture'
Me nourrir
push process
pushing
push done
doiing '6 nourriture'
Me nourrir
push process
pushing
push done
doiing '6 nourriture'
Me nourrir
push process
pushing
push done
doiing '6 nourriture'
Me nourrir
push process
pushing
push done
doiing '6 nourriture'
Me nourrir
push process
pushing
push done
doiing '6 nourriture'
Me nourrir
push process
pushing
push done
doiing '6 nourriture'
Me nourrir
push process
pushing
push done
doiing '6 nourriture'
Me nourrir
push process
pushing
push done
doiing '6 nourriture'
Me nourrir
push process
pushing
push done
doiing '6 nourriture'
Me nourrir
push process
pushing
push done
doiing '6 nourriture'
Me nourrir
push process
pushing
push done
doiing '6 nourriture'
Me nourrir
push process
pushing
push done
doiing '6 nourriture'
Me nourrir
push process
pushing
push done
doiing '6 nourriture'
Me nourrir
push process
pushing
push done
doiing '6 nourriture'
Me nourrir
push process
pushing
push done
doiing '6 nourriture'
Me nourrir
push process
pushing
push done
doiing '6 nourriture'
Me nourrir
push process
pushing
push done
doiing '6 nourriture'
Me nourrir
push process
pushing
push done
doiing '6 nourriture'
Me nourrir
push process
pushing
push done
doiing '6 nourriture'
Me nourrir
push process
pushing
push done
doiing '6 nourriture'
Me nourrir
push process
pushing
push done
doiing '6 nourriture'
Me nourrir
push process
pushing
push done
doiing '6 nourriture'
Me nourrir
push process
pushing
push done
doiing '6 nourriture'
Me nourrir
push process
pushing
push done
doiing '6 nourriture'
Me nourrir
push process
pushing
push done
doiing '6 nourriture'
Me nourrir
push process
pushing
push done
doiing '6 nourriture'
Me nourrir
push process
pushing
push done
doiing '6 nourriture'
Me nourrir
push process
pushing
push done
doiing '6 nourriture'
Me nourrir
push process
pushing
push done
doiing '6 nourriture'
Me nourrir
push process
pushing
push done
doiing '6 nourriture'
Me nourrir
push process
pushing
push done
doiing '6 nourriture'
Me nourrir
push process
pushing
push done
doiing '6 nourriture'
Me nourrir
push process
pushing
push done
doiing '6 nourriture'
Me nourrir
push process
pushing
push done
doiing '6 nourriture'
Me nourrir
push process
pushing
push done
doiing '6 nourriture'
Me nourrir
push process
pushing
push done
doiing '6 nourriture'
Me nourrir
push process
pushing
push done
doiing '6 nourriture'
Me nourrir
push process
pushing
push done
doiing '6 nourriture'
Me nourrir
push process
pushing
push done
doiing '6 nourriture'
Me nourrir
push process
pushing
push done
doiing '6 nourriture'
Me nourrir
push process
pushing
push done
doiing '6 nourriture'
Me nourrir
push process
pushing
push done
doiing '6 nourriture'
Me nourrir
push process
pushing
push done
doiing '6 nourriture'
Me nourrir
push process
pushing
push done
doiing '6 nourriture'
Me nourrir
push process
pushing
push done
doiing '6 nourriture'
Me nourrir
push process
pushing
push done
doiing '6 nourriture'
Me nourrir
push process
pushing
push done
doiing '6 nourriture'
Me nourrir
push process
pushing
push done
doiing '6 nourriture'
Me nourrir
push process
pushing
push done
doiing '6 nourriture'
[31mPlayer die[0m
